Copyright 1986-2022 Xilinx, Inc. All Rights Reserved. Copyright 2022-2025 Advanced Micro Devices, Inc. All Rights Reserved.
---------------------------------------------------------------------------------------------------------------------------------------------
| Tool Version : Vivado v.2025.1 (lin64) Build 6140274 Wed May 21 22:58:25 MDT 2025
| Date         : Fri Jun 19 14:02:14 2026
| Host         : debian12machine running 64-bit Debian GNU/Linux 12 (bookworm)
| Command      : report_utilization -file obj/post_synth_util.rpt -hierarchical -hierarchical_depth 4 -hierarchical_min_primitive_count 0
| Design       : top_level
| Device       : xc7s50csga324-1
| Speed File   : -1
| Design State : Synthesized
---------------------------------------------------------------------------------------------------------------------------------------------

Utilization Design Information

Table of Contents
-----------------
1. Utilization by Hierarchy

1. Utilization by Hierarchy
---------------------------

+------------------------+---------------+------------+------------+---------+------+-----+--------+--------+------------+
|        Instance        |     Module    | Total LUTs | Logic LUTs | LUTRAMs | SRLs | FFs | RAMB36 | RAMB18 | DSP Blocks |
+------------------------+---------------+------------+------------+---------+------+-----+--------+--------+------------+
| top_level              |         (top) |        170 |        170 |       0 |    0 | 283 |      0 |      0 |          0 |
|   (top_level)          |         (top) |          0 |          0 |       0 |    0 |  17 |      0 |      0 |          0 |
|   audio                |           pwm |         29 |         29 |       0 |    0 |  32 |      0 |      0 |          0 |
|     (audio)            |           pwm |          0 |          0 |       0 |    0 |   0 |      0 |      0 |          0 |
|     mc                 |     counter_0 |         29 |         29 |       0 |    0 |  32 |      0 |      0 |          0 |
|   counter_8khz_trigger |       counter |         23 |         23 |       0 |    0 |  32 |      0 |      0 |          0 |
|   my_spi_con           |       spi_con |         56 |         56 |       0 |    0 | 101 |      0 |      0 |          0 |
|   uart_tx              | UART_transmit |         62 |         62 |       0 |    0 | 101 |      0 |      0 |          0 |
+------------------------+---------------+------------+------------+---------+------+-----+--------+--------+------------+


