Copyright 1986-2022 Xilinx, Inc. All Rights Reserved. Copyright 2022-2025 Advanced Micro Devices, Inc. All Rights Reserved.
-------------------------------------------------------------------------------------------------------------------------------------------------
| Tool Version     : Vivado v.2025.1 (lin64) Build 6140274 Wed May 21 22:58:25 MDT 2025
| Date             : Sat Jun 20 19:01:39 2026
| Host             : debian12machine running 64-bit Debian GNU/Linux 12 (bookworm)
| Command          : report_power -file obj/post_route_power.rpt
| Design           : top_level
| Device           : xc7s50csga324-1
| Design State     : routed
| Grade            : commercial
| Process          : typical
| Characterization : Production
-------------------------------------------------------------------------------------------------------------------------------------------------

Power Report

Table of Contents
-----------------
1. Summary
1.1 On-Chip Components
1.2 Power Supply Summary
1.3 Confidence Level
2. Settings
2.1 Environment
2.2 Clock Constraints
3. Detailed Reports
3.1 By Hierarchy

1. Summary
----------

+--------------------------+--------------+
| Total On-Chip Power (W)  | 8.296        |
| Design Power Budget (W)  | Unspecified* |
| Power Budget Margin (W)  | NA           |
| Dynamic (W)              | 8.177        |
| Device Static (W)        | 0.118        |
| Effective TJA (C/W)      | 4.9          |
| Max Ambient (C)          | 44.0         |
| Junction Temperature (C) | 66.0         |
| Confidence Level         | Low          |
| Setting File             | ---          |
| Simulation Activity File | ---          |
| Design Nets Matched      | NA           |
+--------------------------+--------------+
* Specify Design Power Budget using, set_operating_conditions -design_power_budget <value in Watts>


1.1 On-Chip Components
----------------------

+----------------+-----------+----------+-----------+-----------------+
| On-Chip        | Power (W) | Used     | Available | Utilization (%) |
+----------------+-----------+----------+-----------+-----------------+
| Slice Logic    |     0.514 |      834 |       --- |             --- |
|   LUT as Logic |     0.388 |      263 |     32600 |            0.81 |
|   CARRY4       |     0.084 |       66 |      8150 |            0.81 |
|   Register     |     0.035 |      419 |     65200 |            0.64 |
|   BUFG         |     0.007 |        3 |        32 |            9.38 |
|   Others       |     0.000 |       23 |       --- |             --- |
| Signals        |     0.610 |      817 |       --- |             --- |
| Block RAM      |     2.912 |       16 |        75 |           21.33 |
| I/O            |     4.141 |       39 |       210 |           18.57 |
| Static Power   |     0.118 |          |           |                 |
| Total          |     8.296 |          |           |                 |
+----------------+-----------+----------+-----------+-----------------+


1.2 Power Supply Summary
------------------------

+-----------+-------------+-----------+-------------+------------+-------------+-------------+------------+
| Source    | Voltage (V) | Total (A) | Dynamic (A) | Static (A) | Powerup (A) | Budget (A)  | Margin (A) |
+-----------+-------------+-----------+-------------+------------+-------------+-------------+------------+
| Vccint    |       1.000 |     3.856 |       3.808 |      0.047 |       NA    | Unspecified | NA         |
| Vccaux    |       1.800 |     0.168 |       0.151 |      0.017 |       NA    | Unspecified | NA         |
| Vcco33    |       3.300 |     1.169 |       1.168 |      0.001 |       NA    | Unspecified | NA         |
| Vcco25    |       2.500 |     0.000 |       0.000 |      0.000 |       NA    | Unspecified | NA         |
| Vcco18    |       1.800 |     0.000 |       0.000 |      0.000 |       NA    | Unspecified | NA         |
| Vcco15    |       1.500 |     0.000 |       0.000 |      0.000 |       NA    | Unspecified | NA         |
| Vcco135   |       1.350 |     0.000 |       0.000 |      0.000 |       NA    | Unspecified | NA         |
| Vcco12    |       1.200 |     0.000 |       0.000 |      0.000 |       NA    | Unspecified | NA         |
| Vccaux_io |       1.800 |     0.000 |       0.000 |      0.000 |       NA    | Unspecified | NA         |
| Vccbram   |       1.000 |     0.246 |       0.244 |      0.002 |       NA    | Unspecified | NA         |
| Vccadc    |       1.800 |     0.020 |       0.000 |      0.020 |       NA    | Unspecified | NA         |
+-----------+-------------+-----------+-------------+------------+-------------+-------------+------------+


1.3 Confidence Level
--------------------

+-----------------------------+------------+--------------------------------------------------------+--------------------------------------------------------------------------------------------------------------------+
| User Input Data             | Confidence | Details                                                | Action                                                                                                             |
+-----------------------------+------------+--------------------------------------------------------+--------------------------------------------------------------------------------------------------------------------+
| Design implementation state | High       | Design is routed                                       |                                                                                                                    |
| Clock nodes activity        | Low        | User specified less than 75% of clocks                 | Provide missing clock activity with a constraint file, simulation results or by editing the "By Clock Domain" view |
| I/O nodes activity          | Low        | More than 75% of inputs are missing user specification | Provide missing input activity with simulation results or by editing the "By Resource Type -> I/Os" view           |
| Internal nodes activity     | Medium     | User specified less than 25% of internal nodes         | Provide missing internal nodes activity with simulation results or by editing the "By Resource Type" views         |
| Device models               | High       | Device models are Production                           |                                                                                                                    |
|                             |            |                                                        |                                                                                                                    |
| Overall confidence level    | Low        |                                                        |                                                                                                                    |
+-----------------------------+------------+--------------------------------------------------------+--------------------------------------------------------------------------------------------------------------------+


2. Settings
-----------

2.1 Environment
---------------

+-----------------------+--------------------------+
| Ambient Temp (C)      | 25.0                     |
| ThetaJA (C/W)         | 4.9                      |
| Airflow (LFM)         | 250                      |
| Heat Sink             | medium (Medium Profile)  |
| ThetaSA (C/W)         | 4.6                      |
| Board Selection       | medium (10"x10")         |
| # of Board Layers     | 12to15 (12 to 15 Layers) |
| Board Temperature (C) | 25.0                     |
+-----------------------+--------------------------+


2.2 Clock Constraints
---------------------

+-------+--------+-----------------+
| Clock | Domain | Constraint (ns) |
+-------+--------+-----------------+


3. Detailed Reports
-------------------

3.1 By Hierarchy
----------------

+------------------------+-----------+
| Name                   | Power (W) |
+------------------------+-----------+
| top_level              |     8.177 |
|   audio                |     0.212 |
|     mc                 |     0.211 |
|   audio_bram           |     2.993 |
|   counter_8khz_trigger |     0.174 |
|   evt_counterA         |     0.008 |
|   evt_counterB         |     0.007 |
|   my_spi_con           |     0.261 |
|   uart_rx              |     0.019 |
|   uart_tx              |     0.272 |
+------------------------+-----------+


