Copyright 1986-2022 Xilinx, Inc. All Rights Reserved. Copyright 2022-2025 Advanced Micro Devices, Inc. All Rights Reserved.
---------------------------------------------------------------------------------------------------------------------------------------------
| Tool Version : Vivado v.2025.1 (lin64) Build 6140274 Wed May 21 22:58:25 MDT 2025
| Date         : Fri Jun 19 14:02:36 2026
| Host         : debian12machine running 64-bit Debian GNU/Linux 12 (bookworm)
| Command      : report_timing -file obj/post_route_timing.rpt
| Design       : top_level
| Device       : 7s50-csga324
| Speed File   : -1  PRODUCTION 1.23 2018-06-13
| Design State : Routed
---------------------------------------------------------------------------------------------------------------------------------------------

Timing Report

Slack:                    inf
  Source:                 audio/mc/count_reg[0]/C
                            (rising edge-triggered cell FDRE)
  Destination:            spkr
                            (output port)
  Path Group:             (none)
  Path Type:              Max at Slow Process Corner
  Data Path Delay:        9.768ns  (logic 5.065ns (51.849%)  route 4.704ns (48.151%))
  Logic Levels:           7  (CARRY4=4 FDRE=1 LUT4=1 OBUF=1)

    Location             Delay type                Incr(ns)  Path(ns)    Netlist Resource(s)
  -------------------------------------------------------------------    -------------------
    SLICE_X6Y53          FDRE                         0.000     0.000 r  audio/mc/count_reg[0]/C
    SLICE_X6Y53          FDRE (Prop_fdre_C_Q)         0.518     0.518 r  audio/mc/count_reg[0]/Q
                         net (fo=4, routed)           1.172     1.690    audio/mc/count_reg[0]
    SLICE_X4Y55          LUT4 (Prop_lut4_I2_O)        0.124     1.814 r  audio/mc/sig_out_carry_i_8/O
                         net (fo=1, routed)           0.000     1.814    audio/mc_n_15
    SLICE_X4Y55          CARRY4 (Prop_carry4_S[0]_CO[3])
                                                      0.532     2.346 r  audio/sig_out_carry/CO[3]
                         net (fo=1, routed)           0.000     2.346    audio/sig_out_carry_n_0
    SLICE_X4Y56          CARRY4 (Prop_carry4_CI_CO[3])
                                                      0.114     2.460 r  audio/sig_out_carry__0/CO[3]
                         net (fo=1, routed)           0.000     2.460    audio/sig_out_carry__0_n_0
    SLICE_X4Y57          CARRY4 (Prop_carry4_CI_CO[3])
                                                      0.114     2.574 r  audio/sig_out_carry__1/CO[3]
                         net (fo=1, routed)           0.000     2.574    audio/sig_out_carry__1_n_0
    SLICE_X4Y58          CARRY4 (Prop_carry4_CI_CO[3])
                                                      0.114     2.688 r  audio/sig_out_carry__2/CO[3]
                         net (fo=2, routed)           3.532     6.220    spkr_OBUF
    B14                  OBUF (Prop_obuf_I_O)         3.549     9.768 r  spkr_OBUF_inst/O
                         net (fo=0)                   0.000     9.768    spkr
    B14                                                               r  spkr (OUT)
  -------------------------------------------------------------------    -------------------




