Copyright 1986-2022 Xilinx, Inc. All Rights Reserved. Copyright 2022-2025 Advanced Micro Devices, Inc. All Rights Reserved.
---------------------------------------------------------------------------------------------------------------------------------------------
| Tool Version : Vivado v.2025.1 (lin64) Build 6140274 Wed May 21 22:58:25 MDT 2025
| Date         : Fri Jun 19 14:02:20 2026
| Host         : debian12machine running 64-bit Debian GNU/Linux 12 (bookworm)
| Command      : report_timing_summary -file obj/post_place_timing_summary.rpt
| Design       : top_level
| Device       : 7s50-csga324
| Speed File   : -1  PRODUCTION 1.23 2018-06-13
| Design State : Physopt postPlace
---------------------------------------------------------------------------------------------------------------------------------------------

Timing Summary Report

------------------------------------------------------------------------------------------------
| Timer Settings
| --------------
------------------------------------------------------------------------------------------------

  Enable Multi Corner Analysis               :  Yes
  Enable Pessimism Removal                   :  Yes
  Pessimism Removal Resolution               :  Nearest Common Node
  Enable Input Delay Default Clock           :  No
  Enable Preset / Clear Arcs                 :  No
  Disable Flight Delays                      :  No
  Ignore I/O Paths                           :  No
  Timing Early Launch at Borrowing Latches   :  No
  Borrow Time for Max Delay Exceptions       :  Yes
  Merge Timing Exceptions                    :  Yes
  Inter-SLR Compensation                     :  Conservative

  Corner  Analyze    Analyze    
  Name    Max Paths  Min Paths  
  ------  ---------  ---------  
  Slow    Yes        Yes        
  Fast    Yes        Yes        


------------------------------------------------------------------------------------------------
| Report Methodology
| ------------------
------------------------------------------------------------------------------------------------

No report available as report_methodology has not been run prior. Run report_methodology on the current design for the summary of methodology violations.



check_timing report

Table of Contents
-----------------
1. checking no_clock (775)
2. checking constant_clock (0)
3. checking pulse_width_clock (0)
4. checking unconstrained_internal_endpoints (576)
5. checking no_input_delay (3)
6. checking no_output_delay (10)
7. checking multiple_clock (0)
8. checking generated_clocks (0)
9. checking loops (0)
10. checking partial_input_delay (0)
11. checking partial_output_delay (0)
12. checking latch_loops (0)

1. checking no_clock (775)
--------------------------
 There are 234 register/latch pins with no clock driven by root clock pin: clk_100mhz (HIGH)

 There are 2 register/latch pins with no clock driven by root clock pin: counter_8khz_trigger/count_reg[0]/Q (HIGH)

 There are 2 register/latch pins with no clock driven by root clock pin: counter_8khz_trigger/count_reg[10]/Q (HIGH)

 There are 2 register/latch pins with no clock driven by root clock pin: counter_8khz_trigger/count_reg[11]/Q (HIGH)

 There are 2 register/latch pins with no clock driven by root clock pin: counter_8khz_trigger/count_reg[12]/Q (HIGH)

 There are 2 register/latch pins with no clock driven by root clock pin: counter_8khz_trigger/count_reg[13]/Q (HIGH)

 There are 2 register/latch pins with no clock driven by root clock pin: counter_8khz_trigger/count_reg[14]/Q (HIGH)

 There are 2 register/latch pins with no clock driven by root clock pin: counter_8khz_trigger/count_reg[15]/Q (HIGH)

 There are 2 register/latch pins with no clock driven by root clock pin: counter_8khz_trigger/count_reg[16]/Q (HIGH)

 There are 2 register/latch pins with no clock driven by root clock pin: counter_8khz_trigger/count_reg[17]/Q (HIGH)

 There are 2 register/latch pins with no clock driven by root clock pin: counter_8khz_trigger/count_reg[18]/Q (HIGH)

 There are 2 register/latch pins with no clock driven by root clock pin: counter_8khz_trigger/count_reg[19]/Q (HIGH)

 There are 2 register/latch pins with no clock driven by root clock pin: counter_8khz_trigger/count_reg[1]/Q (HIGH)

 There are 2 register/latch pins with no clock driven by root clock pin: counter_8khz_trigger/count_reg[20]/Q (HIGH)

 There are 2 register/latch pins with no clock driven by root clock pin: counter_8khz_trigger/count_reg[21]/Q (HIGH)

 There are 2 register/latch pins with no clock driven by root clock pin: counter_8khz_trigger/count_reg[22]/Q (HIGH)

 There are 2 register/latch pins with no clock driven by root clock pin: counter_8khz_trigger/count_reg[23]/Q (HIGH)

 There are 2 register/latch pins with no clock driven by root clock pin: counter_8khz_trigger/count_reg[24]/Q (HIGH)

 There are 2 register/latch pins with no clock driven by root clock pin: counter_8khz_trigger/count_reg[25]/Q (HIGH)

 There are 2 register/latch pins with no clock driven by root clock pin: counter_8khz_trigger/count_reg[26]/Q (HIGH)

 There are 2 register/latch pins with no clock driven by root clock pin: counter_8khz_trigger/count_reg[27]/Q (HIGH)

 There are 2 register/latch pins with no clock driven by root clock pin: counter_8khz_trigger/count_reg[28]/Q (HIGH)

 There are 2 register/latch pins with no clock driven by root clock pin: counter_8khz_trigger/count_reg[29]/Q (HIGH)

 There are 2 register/latch pins with no clock driven by root clock pin: counter_8khz_trigger/count_reg[2]/Q (HIGH)

 There are 2 register/latch pins with no clock driven by root clock pin: counter_8khz_trigger/count_reg[30]/Q (HIGH)

 There are 2 register/latch pins with no clock driven by root clock pin: counter_8khz_trigger/count_reg[31]/Q (HIGH)

 There are 2 register/latch pins with no clock driven by root clock pin: counter_8khz_trigger/count_reg[3]/Q (HIGH)

 There are 2 register/latch pins with no clock driven by root clock pin: counter_8khz_trigger/count_reg[4]/Q (HIGH)

 There are 2 register/latch pins with no clock driven by root clock pin: counter_8khz_trigger/count_reg[5]/Q (HIGH)

 There are 2 register/latch pins with no clock driven by root clock pin: counter_8khz_trigger/count_reg[6]/Q (HIGH)

 There are 2 register/latch pins with no clock driven by root clock pin: counter_8khz_trigger/count_reg[7]/Q (HIGH)

 There are 2 register/latch pins with no clock driven by root clock pin: counter_8khz_trigger/count_reg[8]/Q (HIGH)

 There are 2 register/latch pins with no clock driven by root clock pin: counter_8khz_trigger/count_reg[9]/Q (HIGH)

 There are 49 register/latch pins with no clock driven by root clock pin: sys_rst_reg/Q (HIGH)

 There are 18 register/latch pins with no clock driven by root clock pin: uart_tx/FSM_sequential_state_reg[0]/Q (HIGH)

 There are 10 register/latch pins with no clock driven by root clock pin: uart_tx/FSM_sequential_state_reg[1]/Q (HIGH)

 There are 10 register/latch pins with no clock driven by root clock pin: uart_tx/bit_num_reg[0]/Q (HIGH)

 There are 10 register/latch pins with no clock driven by root clock pin: uart_tx/bit_num_reg[1]/Q (HIGH)

 There are 10 register/latch pins with no clock driven by root clock pin: uart_tx/bit_num_reg[2]/Q (HIGH)

 There are 10 register/latch pins with no clock driven by root clock pin: uart_tx/bit_num_reg[3]/Q (HIGH)

 There are 10 register/latch pins with no clock driven by root clock pin: uart_tx/bit_num_reg[4]/Q (HIGH)

 There are 10 register/latch pins with no clock driven by root clock pin: uart_tx/bit_num_reg[5]/Q (HIGH)

 There are 10 register/latch pins with no clock driven by root clock pin: uart_tx/bit_num_reg[6]/Q (HIGH)

 There are 10 register/latch pins with no clock driven by root clock pin: uart_tx/bit_num_reg[7]/Q (HIGH)

 There are 10 register/latch pins with no clock driven by root clock pin: uart_tx/count_reg[0]/Q (HIGH)

 There are 10 register/latch pins with no clock driven by root clock pin: uart_tx/count_reg[10]/Q (HIGH)

 There are 10 register/latch pins with no clock driven by root clock pin: uart_tx/count_reg[11]/Q (HIGH)

 There are 10 register/latch pins with no clock driven by root clock pin: uart_tx/count_reg[12]/Q (HIGH)

 There are 10 register/latch pins with no clock driven by root clock pin: uart_tx/count_reg[13]/Q (HIGH)

 There are 10 register/latch pins with no clock driven by root clock pin: uart_tx/count_reg[14]/Q (HIGH)

 There are 10 register/latch pins with no clock driven by root clock pin: uart_tx/count_reg[15]/Q (HIGH)

 There are 10 register/latch pins with no clock driven by root clock pin: uart_tx/count_reg[16]/Q (HIGH)

 There are 10 register/latch pins with no clock driven by root clock pin: uart_tx/count_reg[17]/Q (HIGH)

 There are 10 register/latch pins with no clock driven by root clock pin: uart_tx/count_reg[18]/Q (HIGH)

 There are 10 register/latch pins with no clock driven by root clock pin: uart_tx/count_reg[19]/Q (HIGH)

 There are 10 register/latch pins with no clock driven by root clock pin: uart_tx/count_reg[1]/Q (HIGH)

 There are 10 register/latch pins with no clock driven by root clock pin: uart_tx/count_reg[20]/Q (HIGH)

 There are 10 register/latch pins with no clock driven by root clock pin: uart_tx/count_reg[21]/Q (HIGH)

 There are 10 register/latch pins with no clock driven by root clock pin: uart_tx/count_reg[22]/Q (HIGH)

 There are 10 register/latch pins with no clock driven by root clock pin: uart_tx/count_reg[23]/Q (HIGH)

 There are 10 register/latch pins with no clock driven by root clock pin: uart_tx/count_reg[24]/Q (HIGH)

 There are 10 register/latch pins with no clock driven by root clock pin: uart_tx/count_reg[25]/Q (HIGH)

 There are 10 register/latch pins with no clock driven by root clock pin: uart_tx/count_reg[26]/Q (HIGH)

 There are 10 register/latch pins with no clock driven by root clock pin: uart_tx/count_reg[27]/Q (HIGH)

 There are 10 register/latch pins with no clock driven by root clock pin: uart_tx/count_reg[28]/Q (HIGH)

 There are 10 register/latch pins with no clock driven by root clock pin: uart_tx/count_reg[29]/Q (HIGH)

 There are 10 register/latch pins with no clock driven by root clock pin: uart_tx/count_reg[2]/Q (HIGH)

 There are 10 register/latch pins with no clock driven by root clock pin: uart_tx/count_reg[30]/Q (HIGH)

 There are 10 register/latch pins with no clock driven by root clock pin: uart_tx/count_reg[31]/Q (HIGH)

 There are 10 register/latch pins with no clock driven by root clock pin: uart_tx/count_reg[3]/Q (HIGH)

 There are 10 register/latch pins with no clock driven by root clock pin: uart_tx/count_reg[4]/Q (HIGH)

 There are 10 register/latch pins with no clock driven by root clock pin: uart_tx/count_reg[5]/Q (HIGH)

 There are 10 register/latch pins with no clock driven by root clock pin: uart_tx/count_reg[6]/Q (HIGH)

 There are 10 register/latch pins with no clock driven by root clock pin: uart_tx/count_reg[7]/Q (HIGH)

 There are 10 register/latch pins with no clock driven by root clock pin: uart_tx/count_reg[8]/Q (HIGH)

 There are 10 register/latch pins with no clock driven by root clock pin: uart_tx/count_reg[9]/Q (HIGH)


2. checking constant_clock (0)
------------------------------
 There are 0 register/latch pins with constant_clock.


3. checking pulse_width_clock (0)
---------------------------------
 There are 0 register/latch pins which need pulse_width check


4. checking unconstrained_internal_endpoints (576)
--------------------------------------------------
 There are 576 pins that are not constrained for maximum delay. (HIGH)

 There are 0 pins that are not constrained for maximum delay due to constant clock.


5. checking no_input_delay (3)
------------------------------
 There are 3 input ports with no input delay specified. (HIGH)

 There are 0 input ports with no input delay but user has a false path constraint.


6. checking no_output_delay (10)
--------------------------------
 There are 10 ports with no output delay specified. (HIGH)

 There are 0 ports with no output delay but user has a false path constraint

 There are 0 ports with no output delay but with a timing clock defined on it or propagating through it


7. checking multiple_clock (0)
------------------------------
 There are 0 register/latch pins with multiple clocks.


8. checking generated_clocks (0)
--------------------------------
 There are 0 generated clocks that are not connected to a clock source.


9. checking loops (0)
---------------------
 There are 0 combinational loops in the design.


10. checking partial_input_delay (0)
------------------------------------
 There are 0 input ports with partial input delay specified.


11. checking partial_output_delay (0)
-------------------------------------
 There are 0 ports with partial output delay specified.


12. checking latch_loops (0)
----------------------------
 There are 0 combinational latch loops in the design through latch input



------------------------------------------------------------------------------------------------
| Design Timing Summary
| ---------------------
------------------------------------------------------------------------------------------------

    WNS(ns)      TNS(ns)  TNS Failing Endpoints  TNS Total Endpoints      WHS(ns)      THS(ns)  THS Failing Endpoints  THS Total Endpoints     WPWS(ns)     TPWS(ns)  TPWS Failing Endpoints  TPWS Total Endpoints  
    -------      -------  ---------------------  -------------------      -------      -------  ---------------------  -------------------     --------     --------  ----------------------  --------------------  
         NA           NA                     NA                   NA           NA           NA                     NA                   NA           NA           NA                      NA                    NA  


There are no user specified timing constraints.


------------------------------------------------------------------------------------------------
| Clock Summary
| -------------
------------------------------------------------------------------------------------------------


------------------------------------------------------------------------------------------------
| Intra Clock Table
| -----------------
------------------------------------------------------------------------------------------------

Clock             WNS(ns)      TNS(ns)  TNS Failing Endpoints  TNS Total Endpoints      WHS(ns)      THS(ns)  THS Failing Endpoints  THS Total Endpoints     WPWS(ns)     TPWS(ns)  TPWS Failing Endpoints  TPWS Total Endpoints  
-----             -------      -------  ---------------------  -------------------      -------      -------  ---------------------  -------------------     --------     --------  ----------------------  --------------------  


------------------------------------------------------------------------------------------------
| Inter Clock Table
| -----------------
------------------------------------------------------------------------------------------------

From Clock    To Clock          WNS(ns)      TNS(ns)  TNS Failing Endpoints  TNS Total Endpoints      WHS(ns)      THS(ns)  THS Failing Endpoints  THS Total Endpoints  
----------    --------          -------      -------  ---------------------  -------------------      -------      -------  ---------------------  -------------------  


------------------------------------------------------------------------------------------------
| Other Path Groups Table
| -----------------------
------------------------------------------------------------------------------------------------

Path Group    From Clock    To Clock          WNS(ns)      TNS(ns)  TNS Failing Endpoints  TNS Total Endpoints      WHS(ns)      THS(ns)  THS Failing Endpoints  THS Total Endpoints  
----------    ----------    --------          -------      -------  ---------------------  -------------------      -------      -------  ---------------------  -------------------  


------------------------------------------------------------------------------------------------
| Timing Details
| --------------
------------------------------------------------------------------------------------------------


