#-----------------------------------------------------------
# Vivado v2025.1 (64-bit)
# SW Build 6140274 on Wed May 21 22:58:25 MDT 2025
# IP Build 6138677 on Thu May 22 03:10:11 MDT 2025
# SharedData Build 6139179 on Tue May 20 17:58:58 MDT 2025
# Start of session at: Sat Jun 20 18:08:59 2026
# Process ID         : 25000
# Current directory  : /home/maxwellmorris/repos/Tommy_FPGA/MIT_6.205/Week3/top_level
# Command line       : vivado -mode batch -source build.tcl
# Log file           : /home/maxwellmorris/repos/Tommy_FPGA/MIT_6.205/Week3/top_level/vivado.log
# Journal file       : /home/maxwellmorris/repos/Tommy_FPGA/MIT_6.205/Week3/top_level/vivado.jou
# Running On         : debian12machine
# Platform           : Debian
# Operating System   : Debian GNU/Linux 12 (bookworm)
# Processor Detail   : AMD Ryzen 5 2600 Six-Core Processor
# CPU Frequency      : 1556.863 MHz
# CPU Physical cores : 6
# CPU Logical cores  : 12
# Host memory        : 16709 MB
# Swap memory        : 32000 MB
# Total Virtual      : 48709 MB
# Available Virtual  : 42900 MB
#-----------------------------------------------------------
source build.tcl
# set_param general.maxThreads 4
# set partNum xc7s50csga324-1
# set outputDir obj
# file mkdir $outputDir
# set files [glob -nocomplain "$outputDir/*"]
# if {[llength $files] != 0} {
#     # clear folder contents
#     puts "deleting contents of $outputDir"
#     file delete -force {*}[glob -directory $outputDir *];
# } else {
#     puts "$outputDir is empty"
# }
obj is empty
# set sources_sv [ glob ./hdl/*.sv ]
# read_verilog -sv $sources_sv
# set sources_v [ glob -nocomplain ./hdl/*.v ]
# if {[llength $sources_v] > 0 } {
#     read_verilog $sources_v
# }
# read_xdc [ glob ./xdc/*.xdc ]
# set sources_mem [ glob -nocomplain ./data/*.mem ]
# if {[llength $sources_mem] > 0} {
#     read_mem $sources_mem
# }
# set_part $partNum
INFO: [Coretcl 2-1500] The part has been set to 'xc7s50csga324-1' for the current project only. Run set_part -help for more details. To evaluate different speed grades in the current design, use the set_speed_grade command, or use the open_checkpoint -part command to change the part used by an existing checkpoint design.
# set sources_ip [ glob -nocomplain -directory ./ip -tails * ]
# puts $sources_ip

# foreach ip_source $sources_ip {
#     if {[file isdirectory ./ip/$ip_source]} {
# 	read_ip ./ip/$ip_source/$ip_source.xci
#     }
# }
WARNING: [Coretcl 2-176] No IPs found
# generate_target all [get_ips]
WARNING: [Coretcl 2-176] No IPs found
# synth_ip [get_ips]
INFO: [Vivado 12-3441] generate_netlist_ip - operation complete
# synth_design -top top_level -part $partNum -verbose
Command: synth_design -top top_level -part xc7s50csga324-1 -verbose
Starting synth_design
Attempting to get a license for feature 'Synthesis' and/or device 'xc7s50'
INFO: [Common 17-349] Got license for feature 'Synthesis' and/or device 'xc7s50'
INFO: [Device 21-403] Loading part xc7s50csga324-1
INFO: [Synth 8-7079] Multithreading enabled for synth_design using a maximum of 4 processes.
INFO: [Synth 8-7078] Launching helper process for spawning children vivado processes
INFO: [Synth 8-7075] Helper process launched with PID 25026
---------------------------------------------------------------------------------
Starting RTL Elaboration : Time (s): cpu = 00:00:04 ; elapsed = 00:00:05 . Memory (MB): peak = 2089.660 ; gain = 441.711 ; free physical = 4832 ; free virtual = 39747
---------------------------------------------------------------------------------
INFO: [Synth 8-6157] synthesizing module 'top_level' [/home/maxwellmorris/repos/Tommy_FPGA/MIT_6.205/Week3/top_level/hdl/top_level.sv:3]
INFO: [Synth 8-6157] synthesizing module 'counter' [/home/maxwellmorris/repos/Tommy_FPGA/MIT_6.205/Week3/top_level/hdl/counter.sv:1]
INFO: [Synth 8-6155] done synthesizing module 'counter' (0#1) [/home/maxwellmorris/repos/Tommy_FPGA/MIT_6.205/Week3/top_level/hdl/counter.sv:1]
INFO: [Synth 8-6157] synthesizing module 'spi_con' [/home/maxwellmorris/repos/Tommy_FPGA/MIT_6.205/Week3/top_level/hdl/spi_con.sv:4]
	Parameter DATA_WIDTH bound to: 17 - type: integer 
	Parameter DATA_CLK_PERIOD bound to: 50 - type: integer 
INFO: [Synth 8-6155] done synthesizing module 'spi_con' (0#1) [/home/maxwellmorris/repos/Tommy_FPGA/MIT_6.205/Week3/top_level/hdl/spi_con.sv:4]
INFO: [Synth 8-6157] synthesizing module 'UART_transmit' [/home/maxwellmorris/repos/Tommy_FPGA/MIT_6.205/Week3/top_level/hdl/UART_transmit.sv:4]
	Parameter INPUT_CLOCK_FREQ bound to: 100000000 - type: integer 
	Parameter BAUD_RATE bound to: 115200 - type: integer 
INFO: [Synth 8-155] case statement is not full and has no default [/home/maxwellmorris/repos/Tommy_FPGA/MIT_6.205/Week3/top_level/hdl/UART_transmit.sv:41]
INFO: [Synth 8-6155] done synthesizing module 'UART_transmit' (0#1) [/home/maxwellmorris/repos/Tommy_FPGA/MIT_6.205/Week3/top_level/hdl/UART_transmit.sv:4]
INFO: [Synth 8-6157] synthesizing module 'UART_receive' [/home/maxwellmorris/repos/Tommy_FPGA/MIT_6.205/Week3/top_level/hdl/UART_receive.sv:4]
	Parameter INPUT_CLOCK_FREQ bound to: 100000000 - type: integer 
	Parameter BAUD_RATE bound to: 115200 - type: integer 
INFO: [Synth 8-155] case statement is not full and has no default [/home/maxwellmorris/repos/Tommy_FPGA/MIT_6.205/Week3/top_level/hdl/UART_receive.sv:43]
INFO: [Synth 8-6155] done synthesizing module 'UART_receive' (0#1) [/home/maxwellmorris/repos/Tommy_FPGA/MIT_6.205/Week3/top_level/hdl/UART_receive.sv:4]
INFO: [Synth 8-6157] synthesizing module 'xilinx_true_dual_port_read_first_2_clock_ram' [/home/maxwellmorris/repos/Tommy_FPGA/MIT_6.205/Week3/top_level/hdl/xilinx_true_dual_port_read_first_2_clock_ram.v:10]
	Parameter RAM_WIDTH bound to: 8 - type: integer 
	Parameter RAM_DEPTH bound to: 40000 - type: integer 
INFO: [Synth 8-6155] done synthesizing module 'xilinx_true_dual_port_read_first_2_clock_ram' (0#1) [/home/maxwellmorris/repos/Tommy_FPGA/MIT_6.205/Week3/top_level/hdl/xilinx_true_dual_port_read_first_2_clock_ram.v:10]
INFO: [Synth 8-6157] synthesizing module 'evt_counter' [/home/maxwellmorris/repos/Tommy_FPGA/MIT_6.205/Week3/top_level/hdl/evt_counter.sv:2]
	Parameter MAX_COUNT bound to: 40000 - type: integer 
INFO: [Synth 8-6155] done synthesizing module 'evt_counter' (0#1) [/home/maxwellmorris/repos/Tommy_FPGA/MIT_6.205/Week3/top_level/hdl/evt_counter.sv:2]
INFO: [Synth 8-6157] synthesizing module 'pwm' [/home/maxwellmorris/repos/Tommy_FPGA/MIT_6.205/Week3/top_level/hdl/pwm.sv:1]
INFO: [Synth 8-6155] done synthesizing module 'pwm' (0#1) [/home/maxwellmorris/repos/Tommy_FPGA/MIT_6.205/Week3/top_level/hdl/pwm.sv:1]
INFO: [Synth 8-6155] done synthesizing module 'top_level' (0#1) [/home/maxwellmorris/repos/Tommy_FPGA/MIT_6.205/Week3/top_level/hdl/top_level.sv:3]
WARNING: [Synth 8-87] always_comb on 'next_state_reg' did not result in combinational logic [/home/maxwellmorris/repos/Tommy_FPGA/MIT_6.205/Week3/top_level/hdl/UART_transmit.sv:37]
WARNING: [Synth 8-87] always_comb on 'busy_reg' did not result in combinational logic [/home/maxwellmorris/repos/Tommy_FPGA/MIT_6.205/Week3/top_level/hdl/UART_transmit.sv:44]
WARNING: [Synth 8-87] always_comb on 'dout_reg' did not result in combinational logic [/home/maxwellmorris/repos/Tommy_FPGA/MIT_6.205/Week3/top_level/hdl/UART_transmit.sv:45]
WARNING: [Synth 8-87] always_comb on 'next_count_reg' did not result in combinational logic [/home/maxwellmorris/repos/Tommy_FPGA/MIT_6.205/Week3/top_level/hdl/UART_transmit.sv:46]
WARNING: [Synth 8-87] always_comb on 'next_bit_num_reg' did not result in combinational logic [/home/maxwellmorris/repos/Tommy_FPGA/MIT_6.205/Week3/top_level/hdl/UART_transmit.sv:47]
WARNING: [Synth 8-87] always_comb on 'next_tx_buffer_reg' did not result in combinational logic [/home/maxwellmorris/repos/Tommy_FPGA/MIT_6.205/Week3/top_level/hdl/UART_transmit.sv:48]
WARNING: [Synth 8-87] always_comb on 'next_reg' did not result in combinational logic [/home/maxwellmorris/repos/Tommy_FPGA/MIT_6.205/Week3/top_level/hdl/UART_receive.sv:40]
WARNING: [Synth 8-87] always_comb on 'bit_num_next_reg' did not result in combinational logic [/home/maxwellmorris/repos/Tommy_FPGA/MIT_6.205/Week3/top_level/hdl/UART_receive.sv:48]
WARNING: [Synth 8-87] always_comb on 'count_next_reg' did not result in combinational logic [/home/maxwellmorris/repos/Tommy_FPGA/MIT_6.205/Week3/top_level/hdl/UART_receive.sv:49]
WARNING: [Synth 8-87] always_comb on 'rx_buffer_reg' did not result in combinational logic [/home/maxwellmorris/repos/Tommy_FPGA/MIT_6.205/Week3/top_level/hdl/UART_receive.sv:50]
WARNING: [Synth 8-87] always_comb on 'dout_valid_reg' did not result in combinational logic [/home/maxwellmorris/repos/Tommy_FPGA/MIT_6.205/Week3/top_level/hdl/UART_receive.sv:59]
WARNING: [Synth 8-87] always_comb on 'dout_reg' did not result in combinational logic [/home/maxwellmorris/repos/Tommy_FPGA/MIT_6.205/Week3/top_level/hdl/UART_receive.sv:60]
WARNING: [Synth 8-87] always_comb on 'rx_buffer_next_reg' did not result in combinational logic [/home/maxwellmorris/repos/Tommy_FPGA/MIT_6.205/Week3/top_level/hdl/UART_receive.sv:98]
WARNING: [Synth 8-6014] Unused sequential element audio_sample_reg was removed.  [/home/maxwellmorris/repos/Tommy_FPGA/MIT_6.205/Week3/top_level/hdl/top_level.sv:108]
WARNING: [Synth 8-6014] Unused sequential element audio_sample_waiting_reg was removed.  [/home/maxwellmorris/repos/Tommy_FPGA/MIT_6.205/Week3/top_level/hdl/top_level.sv:145]
WARNING: [Synth 8-3848] Net dinb in module/entity top_level does not have driver. [/home/maxwellmorris/repos/Tommy_FPGA/MIT_6.205/Week3/top_level/hdl/top_level.sv:222]
WARNING: [Synth 8-3917] design top_level has port rgb0[2] driven by constant 0
WARNING: [Synth 8-3917] design top_level has port rgb0[1] driven by constant 0
WARNING: [Synth 8-3917] design top_level has port rgb0[0] driven by constant 0
WARNING: [Synth 8-3917] design top_level has port rgb1[2] driven by constant 0
WARNING: [Synth 8-3917] design top_level has port rgb1[1] driven by constant 0
WARNING: [Synth 8-3917] design top_level has port rgb1[0] driven by constant 0
WARNING: [Synth 8-7129] Port sw[15] in module top_level is either unconnected or has no load
WARNING: [Synth 8-7129] Port sw[14] in module top_level is either unconnected or has no load
WARNING: [Synth 8-7129] Port sw[13] in module top_level is either unconnected or has no load
WARNING: [Synth 8-7129] Port sw[12] in module top_level is either unconnected or has no load
WARNING: [Synth 8-7129] Port sw[11] in module top_level is either unconnected or has no load
WARNING: [Synth 8-7129] Port sw[10] in module top_level is either unconnected or has no load
WARNING: [Synth 8-7129] Port sw[9] in module top_level is either unconnected or has no load
WARNING: [Synth 8-7129] Port sw[8] in module top_level is either unconnected or has no load
WARNING: [Synth 8-7129] Port sw[7] in module top_level is either unconnected or has no load
WARNING: [Synth 8-7129] Port sw[6] in module top_level is either unconnected or has no load
WARNING: [Synth 8-7129] Port sw[5] in module top_level is either unconnected or has no load
WARNING: [Synth 8-7129] Port sw[4] in module top_level is either unconnected or has no load
WARNING: [Synth 8-7129] Port sw[3] in module top_level is either unconnected or has no load
WARNING: [Synth 8-7129] Port sw[2] in module top_level is either unconnected or has no load
WARNING: [Synth 8-7129] Port sw[1] in module top_level is either unconnected or has no load
WARNING: [Synth 8-7129] Port btn[3] in module top_level is either unconnected or has no load
WARNING: [Synth 8-7129] Port btn[2] in module top_level is either unconnected or has no load
WARNING: [Synth 8-7129] Port btn[1] in module top_level is either unconnected or has no load
---------------------------------------------------------------------------------
Finished RTL Elaboration : Time (s): cpu = 00:00:09 ; elapsed = 00:00:09 . Memory (MB): peak = 2223.598 ; gain = 575.648 ; free physical = 4698 ; free virtual = 39615
---------------------------------------------------------------------------------
---------------------------------------------------------------------------------
Start Handling Custom Attributes
---------------------------------------------------------------------------------
---------------------------------------------------------------------------------
Finished Handling Custom Attributes : Time (s): cpu = 00:00:09 ; elapsed = 00:00:09 . Memory (MB): peak = 2223.598 ; gain = 575.648 ; free physical = 4698 ; free virtual = 39615
---------------------------------------------------------------------------------
---------------------------------------------------------------------------------
Finished RTL Optimization Phase 1 : Time (s): cpu = 00:00:09 ; elapsed = 00:00:09 . Memory (MB): peak = 2223.598 ; gain = 575.648 ; free physical = 4698 ; free virtual = 39615
---------------------------------------------------------------------------------
Netlist sorting complete. Time (s): cpu = 00:00:00.02 ; elapsed = 00:00:00.01 . Memory (MB): peak = 2223.598 ; gain = 0.000 ; free physical = 4698 ; free virtual = 39615
INFO: [Project 1-570] Preparing netlist for logic optimization

Processing XDC Constraints
Initializing timing engine
Parsing XDC File [/home/maxwellmorris/repos/Tommy_FPGA/MIT_6.205/Week3/top_level/xdc/top_level.xdc]
Finished Parsing XDC File [/home/maxwellmorris/repos/Tommy_FPGA/MIT_6.205/Week3/top_level/xdc/top_level.xdc]
INFO: [Project 1-236] Implementation specific constraints were found while reading constraint file [/home/maxwellmorris/repos/Tommy_FPGA/MIT_6.205/Week3/top_level/xdc/top_level.xdc]. These constraints will be ignored for synthesis but will be used in implementation. Impacted constraints are listed in the file [.Xil/top_level_propImpl.xdc].
Resolution: To avoid this warning, move constraints listed in [.Xil/top_level_propImpl.xdc] to another XDC file and exclude this new file from synthesis with the used_in_synthesis property (File Properties dialog in GUI) and re-run elaboration/synthesis.
Completed Processing XDC Constraints

Netlist sorting complete. Time (s): cpu = 00:00:00 ; elapsed = 00:00:00 . Memory (MB): peak = 2346.398 ; gain = 0.000 ; free physical = 4667 ; free virtual = 39588
INFO: [Project 1-111] Unisim Transformation Summary:
No Unisim elements were transformed.

Constraint Validation Runtime : Time (s): cpu = 00:00:00.01 ; elapsed = 00:00:00.01 . Memory (MB): peak = 2346.434 ; gain = 0.000 ; free physical = 4667 ; free virtual = 39588
---------------------------------------------------------------------------------
Finished Constraint Validation : Time (s): cpu = 00:00:16 ; elapsed = 00:00:16 . Memory (MB): peak = 2346.434 ; gain = 698.484 ; free physical = 4667 ; free virtual = 39585
---------------------------------------------------------------------------------
---------------------------------------------------------------------------------
Start Loading Part and Timing Information
---------------------------------------------------------------------------------
Loading part: xc7s50csga324-1
---------------------------------------------------------------------------------
Finished Loading Part and Timing Information : Time (s): cpu = 00:00:16 ; elapsed = 00:00:16 . Memory (MB): peak = 2354.402 ; gain = 706.453 ; free physical = 4667 ; free virtual = 39585
---------------------------------------------------------------------------------
---------------------------------------------------------------------------------
Start Applying 'set_property' XDC Constraints
---------------------------------------------------------------------------------
---------------------------------------------------------------------------------
Finished applying 'set_property' XDC Constraints : Time (s): cpu = 00:00:16 ; elapsed = 00:00:16 . Memory (MB): peak = 2354.402 ; gain = 706.453 ; free physical = 4667 ; free virtual = 39585
---------------------------------------------------------------------------------
INFO: [Synth 8-802] inferred FSM for state register 'state_reg' in module 'UART_transmit'
INFO: [Synth 8-802] inferred FSM for state register 'state_reg' in module 'UART_receive'
WARNING: [Synth 8-327] inferring latch for variable 'busy_reg' [/home/maxwellmorris/repos/Tommy_FPGA/MIT_6.205/Week3/top_level/hdl/UART_transmit.sv:44]
WARNING: [Synth 8-327] inferring latch for variable 'FSM_sequential_next_state_reg' [/home/maxwellmorris/repos/Tommy_FPGA/MIT_6.205/Week3/top_level/hdl/UART_transmit.sv:37]
WARNING: [Synth 8-327] inferring latch for variable 'FSM_onehot_next_state_reg' [/home/maxwellmorris/repos/Tommy_FPGA/MIT_6.205/Week3/top_level/hdl/UART_transmit.sv:37]
---------------------------------------------------------------------------------------------------
                   State |                     New Encoding |                Previous Encoding 
---------------------------------------------------------------------------------------------------
                    IDLE |                               00 | 00000000000000000000000000000000
                   START |                               01 | 00000000000000000000000000000001
                    DATA |                               10 | 00000000000000000000000000000010
                    STOP |                               11 | 00000000000000000000000000000011
---------------------------------------------------------------------------------------------------
INFO: [Synth 8-3354] encoded FSM with state register 'state_reg' using encoding 'sequential' in module 'UART_transmit'
WARNING: [Synth 8-327] inferring latch for variable 'FSM_sequential_next_state_reg' [/home/maxwellmorris/repos/Tommy_FPGA/MIT_6.205/Week3/top_level/hdl/UART_transmit.sv:37]
WARNING: [Synth 8-327] inferring latch for variable 'dout_reg' [/home/maxwellmorris/repos/Tommy_FPGA/MIT_6.205/Week3/top_level/hdl/UART_transmit.sv:45]
WARNING: [Synth 8-327] inferring latch for variable 'next_count_reg' [/home/maxwellmorris/repos/Tommy_FPGA/MIT_6.205/Week3/top_level/hdl/UART_transmit.sv:46]
WARNING: [Synth 8-327] inferring latch for variable 'next_bit_num_reg' [/home/maxwellmorris/repos/Tommy_FPGA/MIT_6.205/Week3/top_level/hdl/UART_transmit.sv:47]
WARNING: [Synth 8-327] inferring latch for variable 'next_tx_buffer_reg' [/home/maxwellmorris/repos/Tommy_FPGA/MIT_6.205/Week3/top_level/hdl/UART_transmit.sv:48]
WARNING: [Synth 8-327] inferring latch for variable 'dout_valid_reg' [/home/maxwellmorris/repos/Tommy_FPGA/MIT_6.205/Week3/top_level/hdl/UART_receive.sv:59]
WARNING: [Synth 8-327] inferring latch for variable 'FSM_sequential_next_reg' [/home/maxwellmorris/repos/Tommy_FPGA/MIT_6.205/Week3/top_level/hdl/UART_receive.sv:40]
WARNING: [Synth 8-327] inferring latch for variable 'FSM_onehot_next_reg' [/home/maxwellmorris/repos/Tommy_FPGA/MIT_6.205/Week3/top_level/hdl/UART_receive.sv:40]
---------------------------------------------------------------------------------------------------
                   State |                     New Encoding |                Previous Encoding 
---------------------------------------------------------------------------------------------------
                    IDLE |                              000 | 00000000000000000000000000000000
                   START |                              001 | 00000000000000000000000000000001
                    DATA |                              010 | 00000000000000000000000000000010
                    STOP |                              011 | 00000000000000000000000000000011
                TRANSMIT |                              100 | 00000000000000000000000000000100
---------------------------------------------------------------------------------------------------
INFO: [Synth 8-3354] encoded FSM with state register 'state_reg' using encoding 'sequential' in module 'UART_receive'
WARNING: [Synth 8-327] inferring latch for variable 'FSM_sequential_next_reg' [/home/maxwellmorris/repos/Tommy_FPGA/MIT_6.205/Week3/top_level/hdl/UART_receive.sv:40]
WARNING: [Synth 8-327] inferring latch for variable 'dout_reg' [/home/maxwellmorris/repos/Tommy_FPGA/MIT_6.205/Week3/top_level/hdl/UART_receive.sv:60]
WARNING: [Synth 8-327] inferring latch for variable 'count_next_reg' [/home/maxwellmorris/repos/Tommy_FPGA/MIT_6.205/Week3/top_level/hdl/UART_receive.sv:49]
WARNING: [Synth 8-327] inferring latch for variable 'bit_num_next_reg' [/home/maxwellmorris/repos/Tommy_FPGA/MIT_6.205/Week3/top_level/hdl/UART_receive.sv:48]
WARNING: [Synth 8-327] inferring latch for variable 'rx_buffer_reg' [/home/maxwellmorris/repos/Tommy_FPGA/MIT_6.205/Week3/top_level/hdl/UART_receive.sv:50]
WARNING: [Synth 8-327] inferring latch for variable 'rx_buffer_next_reg' [/home/maxwellmorris/repos/Tommy_FPGA/MIT_6.205/Week3/top_level/hdl/UART_receive.sv:98]
INFO: [Synth 8-3971] The signal "xilinx_true_dual_port_read_first_2_clock_ram:/BRAM_reg" was recognized as a true dual port RAM template.
---------------------------------------------------------------------------------
Finished RTL Optimization Phase 2 : Time (s): cpu = 00:00:17 ; elapsed = 00:00:17 . Memory (MB): peak = 2354.402 ; gain = 706.453 ; free physical = 4659 ; free virtual = 39580
---------------------------------------------------------------------------------
---------------------------------------------------------------------------------
Start RTL Component Statistics 
---------------------------------------------------------------------------------
Detailed RTL Component Info : 
+---Adders : 
	   2 Input   33 Bit       Adders := 1     
	   2 Input   32 Bit       Adders := 4     
	   2 Input    8 Bit       Adders := 1     
	   2 Input    5 Bit       Adders := 1     
+---Registers : 
	               33 Bit    Registers := 1     
	               32 Bit    Registers := 2     
	               17 Bit    Registers := 3     
	                8 Bit    Registers := 7     
	                5 Bit    Registers := 1     
	                1 Bit    Registers := 6     
+---RAMs : 
	             312K Bit	(40000 X 8 bit)          RAMs := 1     
+---Muxes : 
	   2 Input   33 Bit        Muxes := 2     
	   5 Input   33 Bit        Muxes := 1     
	   2 Input   32 Bit        Muxes := 1     
	   4 Input   32 Bit        Muxes := 1     
	   5 Input   32 Bit        Muxes := 1     
	   2 Input   17 Bit        Muxes := 3     
	   2 Input    8 Bit        Muxes := 1     
	   4 Input    8 Bit        Muxes := 2     
	   5 Input    8 Bit        Muxes := 1     
	   2 Input    5 Bit        Muxes := 1     
	   5 Input    5 Bit        Muxes := 1     
	   5 Input    3 Bit        Muxes := 1     
	   2 Input    3 Bit        Muxes := 4     
	   4 Input    2 Bit        Muxes := 1     
	   2 Input    2 Bit        Muxes := 1     
	   2 Input    1 Bit        Muxes := 29    
	   4 Input    1 Bit        Muxes := 6     
	   5 Input    1 Bit        Muxes := 8     
---------------------------------------------------------------------------------
Finished RTL Component Statistics 
---------------------------------------------------------------------------------
---------------------------------------------------------------------------------
Start Part Resource Summary
---------------------------------------------------------------------------------
Part Resources:
DSPs: 120 (col length:60)
BRAMs: 150 (col length: RAMB18 60 RAMB36 30)
---------------------------------------------------------------------------------
Finished Part Resource Summary
---------------------------------------------------------------------------------
---------------------------------------------------------------------------------
Start Cross Boundary and Area Optimization
---------------------------------------------------------------------------------
WARNING: [Synth 8-7080] Parallel synthesis criteria is not met
WARNING: [Synth 8-3917] design top_level has port rgb0[2] driven by constant 0
WARNING: [Synth 8-3917] design top_level has port rgb0[1] driven by constant 0
WARNING: [Synth 8-3917] design top_level has port rgb0[0] driven by constant 0
WARNING: [Synth 8-3917] design top_level has port rgb1[2] driven by constant 0
WARNING: [Synth 8-3917] design top_level has port rgb1[1] driven by constant 0
WARNING: [Synth 8-3917] design top_level has port rgb1[0] driven by constant 0
WARNING: [Synth 8-7129] Port sw[15] in module top_level is either unconnected or has no load
WARNING: [Synth 8-7129] Port sw[14] in module top_level is either unconnected or has no load
WARNING: [Synth 8-7129] Port sw[13] in module top_level is either unconnected or has no load
WARNING: [Synth 8-7129] Port sw[12] in module top_level is either unconnected or has no load
WARNING: [Synth 8-7129] Port sw[11] in module top_level is either unconnected or has no load
WARNING: [Synth 8-7129] Port sw[10] in module top_level is either unconnected or has no load
WARNING: [Synth 8-7129] Port sw[9] in module top_level is either unconnected or has no load
WARNING: [Synth 8-7129] Port sw[8] in module top_level is either unconnected or has no load
WARNING: [Synth 8-7129] Port sw[7] in module top_level is either unconnected or has no load
WARNING: [Synth 8-7129] Port sw[6] in module top_level is either unconnected or has no load
WARNING: [Synth 8-7129] Port sw[5] in module top_level is either unconnected or has no load
WARNING: [Synth 8-7129] Port sw[4] in module top_level is either unconnected or has no load
WARNING: [Synth 8-7129] Port sw[3] in module top_level is either unconnected or has no load
WARNING: [Synth 8-7129] Port sw[2] in module top_level is either unconnected or has no load
WARNING: [Synth 8-7129] Port sw[1] in module top_level is either unconnected or has no load
WARNING: [Synth 8-7129] Port btn[3] in module top_level is either unconnected or has no load
WARNING: [Synth 8-7129] Port btn[2] in module top_level is either unconnected or has no load
WARNING: [Synth 8-7129] Port btn[1] in module top_level is either unconnected or has no load
WARNING: [Synth 8-6014] Unused sequential element audio_bram/BRAM_reg was removed. 
WARNING: [Synth 8-3332] Sequential element (uart_tx/busy_reg) is unused and will be removed from module top_level.
WARNING: [Synth 8-3332] Sequential element (uart_rx/dout_reg[7]) is unused and will be removed from module top_level.
WARNING: [Synth 8-3332] Sequential element (uart_rx/dout_reg[6]) is unused and will be removed from module top_level.
WARNING: [Synth 8-3332] Sequential element (uart_rx/dout_reg[5]) is unused and will be removed from module top_level.
WARNING: [Synth 8-3332] Sequential element (uart_rx/dout_reg[4]) is unused and will be removed from module top_level.
WARNING: [Synth 8-3332] Sequential element (uart_rx/dout_reg[3]) is unused and will be removed from module top_level.
WARNING: [Synth 8-3332] Sequential element (uart_rx/dout_reg[2]) is unused and will be removed from module top_level.
WARNING: [Synth 8-3332] Sequential element (uart_rx/dout_reg[1]) is unused and will be removed from module top_level.
WARNING: [Synth 8-3332] Sequential element (uart_rx/dout_reg[0]) is unused and will be removed from module top_level.
WARNING: [Synth 8-3332] Sequential element (uart_rx/rx_buffer_reg[7]__0) is unused and will be removed from module top_level.
WARNING: [Synth 8-3332] Sequential element (uart_rx/rx_buffer_reg[6]__0) is unused and will be removed from module top_level.
WARNING: [Synth 8-3332] Sequential element (uart_rx/rx_buffer_reg[5]__0) is unused and will be removed from module top_level.
WARNING: [Synth 8-3332] Sequential element (uart_rx/rx_buffer_reg[4]__0) is unused and will be removed from module top_level.
WARNING: [Synth 8-3332] Sequential element (uart_rx/rx_buffer_reg[3]__0) is unused and will be removed from module top_level.
WARNING: [Synth 8-3332] Sequential element (uart_rx/rx_buffer_reg[2]__0) is unused and will be removed from module top_level.
WARNING: [Synth 8-3332] Sequential element (uart_rx/rx_buffer_reg[1]__0) is unused and will be removed from module top_level.
WARNING: [Synth 8-3332] Sequential element (uart_rx/rx_buffer_reg[0]__0) is unused and will be removed from module top_level.
WARNING: [Synth 8-3332] Sequential element (uart_rx/rx_buffer_next_reg[7]) is unused and will be removed from module top_level.
WARNING: [Synth 8-3332] Sequential element (uart_rx/rx_buffer_next_reg[6]) is unused and will be removed from module top_level.
WARNING: [Synth 8-3332] Sequential element (uart_rx/rx_buffer_next_reg[5]) is unused and will be removed from module top_level.
WARNING: [Synth 8-3332] Sequential element (uart_rx/rx_buffer_next_reg[4]) is unused and will be removed from module top_level.
WARNING: [Synth 8-3332] Sequential element (uart_rx/rx_buffer_next_reg[3]) is unused and will be removed from module top_level.
WARNING: [Synth 8-3332] Sequential element (uart_rx/rx_buffer_next_reg[2]) is unused and will be removed from module top_level.
WARNING: [Synth 8-3332] Sequential element (uart_rx/rx_buffer_next_reg[1]) is unused and will be removed from module top_level.
WARNING: [Synth 8-3332] Sequential element (uart_rx/rx_buffer_next_reg[0]) is unused and will be removed from module top_level.
---------------------------------------------------------------------------------
Finished Cross Boundary and Area Optimization : Time (s): cpu = 00:00:20 ; elapsed = 00:00:20 . Memory (MB): peak = 2354.402 ; gain = 706.453 ; free physical = 4649 ; free virtual = 39576
---------------------------------------------------------------------------------
---------------------------------------------------------------------------------
Start ROM, RAM, DSP, Shift Register and Retiming Reporting
---------------------------------------------------------------------------------

Block RAM: Preliminary Mapping Report (see note below)
+------------+---------------------+------------------------+---+---+------------------------+---+---+------------------+--------+--------+
|Module Name | RTL Object          | PORT A (Depth x Width) | W | R | PORT B (Depth x Width) | W | R | Ports driving FF | RAMB18 | RAMB36 | 
+------------+---------------------+------------------------+---+---+------------------------+---+---+------------------+--------+--------+
|top_level   | audio_bram/BRAM_reg | 39 K x 8(READ_FIRST)   | W |   | 39 K x 8(WRITE_FIRST)  |   | R | Port A and B     | 0      | 16     | 
+------------+---------------------+------------------------+---+---+------------------------+---+---+------------------+--------+--------+

Note: The table above is a preliminary report that shows the Block RAMs at the current stage of the synthesis flow. Some Block RAMs may be reimplemented as non Block RAM primitives later in the synthesis flow. Multiple instantiated Block RAMs are reported only once. 
---------------------------------------------------------------------------------
Finished ROM, RAM, DSP, Shift Register and Retiming Reporting
---------------------------------------------------------------------------------
---------------------------------------------------------------------------------
Start Applying XDC Timing Constraints
---------------------------------------------------------------------------------
---------------------------------------------------------------------------------
Finished Applying XDC Timing Constraints : Time (s): cpu = 00:00:26 ; elapsed = 00:00:26 . Memory (MB): peak = 2363.402 ; gain = 715.453 ; free physical = 4590 ; free virtual = 39518
---------------------------------------------------------------------------------
---------------------------------------------------------------------------------
Start Timing Optimization
---------------------------------------------------------------------------------
---------------------------------------------------------------------------------
Finished Timing Optimization : Time (s): cpu = 00:00:26 ; elapsed = 00:00:26 . Memory (MB): peak = 2363.402 ; gain = 715.453 ; free physical = 4590 ; free virtual = 39517
---------------------------------------------------------------------------------
---------------------------------------------------------------------------------
Start ROM, RAM, DSP, Shift Register and Retiming Reporting
---------------------------------------------------------------------------------

Block RAM: Final Mapping Report
+------------+---------------------+------------------------+---+---+------------------------+---+---+------------------+--------+--------+
|Module Name | RTL Object          | PORT A (Depth x Width) | W | R | PORT B (Depth x Width) | W | R | Ports driving FF | RAMB18 | RAMB36 | 
+------------+---------------------+------------------------+---+---+------------------------+---+---+------------------+--------+--------+
|top_level   | audio_bram/BRAM_reg | 39 K x 8(READ_FIRST)   | W |   | 39 K x 8(WRITE_FIRST)  |   | R | Port A and B     | 0      | 16     | 
+------------+---------------------+------------------------+---+---+------------------------+---+---+------------------+--------+--------+

---------------------------------------------------------------------------------
Finished ROM, RAM, DSP, Shift Register and Retiming Reporting
---------------------------------------------------------------------------------
---------------------------------------------------------------------------------
Start Technology Mapping
---------------------------------------------------------------------------------
INFO: [Synth 8-223] decloning instance 'audio_bram/BRAM_reg_0_1' (RAMB36E1) to 'audio_bram/BRAM_reg_0_0'
INFO: [Synth 8-223] decloning instance 'audio_bram/BRAM_reg_0_2' (RAMB36E1) to 'audio_bram/BRAM_reg_0_0'
INFO: [Synth 8-223] decloning instance 'audio_bram/BRAM_reg_0_3' (RAMB36E1) to 'audio_bram/BRAM_reg_0_0'
INFO: [Synth 8-223] decloning instance 'audio_bram/BRAM_reg_0_4' (RAMB36E1) to 'audio_bram/BRAM_reg_0_0'
INFO: [Synth 8-223] decloning instance 'audio_bram/BRAM_reg_0_5' (RAMB36E1) to 'audio_bram/BRAM_reg_0_0'
INFO: [Synth 8-223] decloning instance 'audio_bram/BRAM_reg_0_6' (RAMB36E1) to 'audio_bram/BRAM_reg_0_0'
INFO: [Synth 8-223] decloning instance 'audio_bram/BRAM_reg_0_7' (RAMB36E1) to 'audio_bram/BRAM_reg_0_0'
INFO: [Synth 8-223] decloning instance 'audio_bram/BRAM_reg_1_1' (RAMB36E1_1) to 'audio_bram/BRAM_reg_1_0'
INFO: [Synth 8-223] decloning instance 'audio_bram/BRAM_reg_1_2' (RAMB36E1_1) to 'audio_bram/BRAM_reg_1_0'
INFO: [Synth 8-223] decloning instance 'audio_bram/BRAM_reg_1_3' (RAMB36E1_1) to 'audio_bram/BRAM_reg_1_0'
INFO: [Synth 8-223] decloning instance 'audio_bram/BRAM_reg_1_4' (RAMB36E1_1) to 'audio_bram/BRAM_reg_1_0'
INFO: [Synth 8-223] decloning instance 'audio_bram/BRAM_reg_1_5' (RAMB36E1_1) to 'audio_bram/BRAM_reg_1_0'
INFO: [Synth 8-223] decloning instance 'audio_bram/BRAM_reg_1_6' (RAMB36E1_1) to 'audio_bram/BRAM_reg_1_0'
INFO: [Synth 8-223] decloning instance 'audio_bram/BRAM_reg_1_7' (RAMB36E1_1) to 'audio_bram/BRAM_reg_1_0'
---------------------------------------------------------------------------------
Finished Technology Mapping : Time (s): cpu = 00:00:26 ; elapsed = 00:00:27 . Memory (MB): peak = 2389.434 ; gain = 741.484 ; free physical = 4565 ; free virtual = 39492
---------------------------------------------------------------------------------
---------------------------------------------------------------------------------
Start IO Insertion
---------------------------------------------------------------------------------
---------------------------------------------------------------------------------
Start Flattening Before IO Insertion
---------------------------------------------------------------------------------
---------------------------------------------------------------------------------
Finished Flattening Before IO Insertion
---------------------------------------------------------------------------------
---------------------------------------------------------------------------------
Start Final Netlist Cleanup
---------------------------------------------------------------------------------
---------------------------------------------------------------------------------
Finished Final Netlist Cleanup
---------------------------------------------------------------------------------
---------------------------------------------------------------------------------
Finished IO Insertion : Time (s): cpu = 00:00:29 ; elapsed = 00:00:30 . Memory (MB): peak = 2549.246 ; gain = 901.297 ; free physical = 4425 ; free virtual = 39352
---------------------------------------------------------------------------------
---------------------------------------------------------------------------------
Start Renaming Generated Instances
---------------------------------------------------------------------------------
---------------------------------------------------------------------------------
Finished Renaming Generated Instances : Time (s): cpu = 00:00:29 ; elapsed = 00:00:30 . Memory (MB): peak = 2549.246 ; gain = 901.297 ; free physical = 4425 ; free virtual = 39352
---------------------------------------------------------------------------------
---------------------------------------------------------------------------------
Start Rebuilding User Hierarchy
---------------------------------------------------------------------------------
---------------------------------------------------------------------------------
Finished Rebuilding User Hierarchy : Time (s): cpu = 00:00:29 ; elapsed = 00:00:30 . Memory (MB): peak = 2549.246 ; gain = 901.297 ; free physical = 4425 ; free virtual = 39352
---------------------------------------------------------------------------------
---------------------------------------------------------------------------------
Start Renaming Generated Ports
---------------------------------------------------------------------------------
---------------------------------------------------------------------------------
Finished Renaming Generated Ports : Time (s): cpu = 00:00:29 ; elapsed = 00:00:30 . Memory (MB): peak = 2549.246 ; gain = 901.297 ; free physical = 4425 ; free virtual = 39352
---------------------------------------------------------------------------------
---------------------------------------------------------------------------------
Start Handling Custom Attributes
---------------------------------------------------------------------------------
---------------------------------------------------------------------------------
Finished Handling Custom Attributes : Time (s): cpu = 00:00:29 ; elapsed = 00:00:30 . Memory (MB): peak = 2552.215 ; gain = 904.266 ; free physical = 4417 ; free virtual = 39344
---------------------------------------------------------------------------------
---------------------------------------------------------------------------------
Start Renaming Generated Nets
---------------------------------------------------------------------------------
---------------------------------------------------------------------------------
Finished Renaming Generated Nets : Time (s): cpu = 00:00:29 ; elapsed = 00:00:30 . Memory (MB): peak = 2552.215 ; gain = 904.266 ; free physical = 4417 ; free virtual = 39344
---------------------------------------------------------------------------------
---------------------------------------------------------------------------------
Start Writing Synthesis Report
---------------------------------------------------------------------------------

Report BlackBoxes: 
+-+--------------+----------+
| |BlackBox name |Instances |
+-+--------------+----------+
+-+--------------+----------+

Report Cell Usage: 
+------+---------+------+
|      |Cell     |Count |
+------+---------+------+
|1     |BUFG     |     3|
|2     |CARRY4   |    66|
|3     |LUT1     |     8|
|4     |LUT2     |    27|
|5     |LUT3     |    66|
|6     |LUT4     |    80|
|7     |LUT5     |    44|
|8     |LUT6     |    75|
|9     |RAMB36E1 |     2|
|11    |FDRE     |   274|
|12    |FDSE     |    26|
|13    |LD       |    88|
|14    |LDC      |     5|
|15    |IBUF     |     5|
|16    |OBUF     |    34|
+------+---------+------+
---------------------------------------------------------------------------------
Finished Writing Synthesis Report : Time (s): cpu = 00:00:29 ; elapsed = 00:00:30 . Memory (MB): peak = 2552.215 ; gain = 904.266 ; free physical = 4417 ; free virtual = 39344
---------------------------------------------------------------------------------
Synthesis finished with 0 errors, 0 critical warnings and 68 warnings.
Synthesis Optimization Runtime : Time (s): cpu = 00:00:27 ; elapsed = 00:00:28 . Memory (MB): peak = 2552.215 ; gain = 781.430 ; free physical = 4417 ; free virtual = 39344
Synthesis Optimization Complete : Time (s): cpu = 00:00:29 ; elapsed = 00:00:30 . Memory (MB): peak = 2552.223 ; gain = 904.266 ; free physical = 4417 ; free virtual = 39344
INFO: [Project 1-571] Translating synthesized netlist
Netlist sorting complete. Time (s): cpu = 00:00:00.01 ; elapsed = 00:00:00 . Memory (MB): peak = 2552.223 ; gain = 0.000 ; free physical = 4416 ; free virtual = 39344
INFO: [Netlist 29-17] Analyzing 161 Unisim elements for replacement
INFO: [Netlist 29-28] Unisim Transformation completed in 0 CPU seconds
INFO: [Project 1-570] Preparing netlist for logic optimization
Parsing XDC File [/home/maxwellmorris/repos/Tommy_FPGA/MIT_6.205/Week3/top_level/xdc/top_level.xdc]
Finished Parsing XDC File [/home/maxwellmorris/repos/Tommy_FPGA/MIT_6.205/Week3/top_level/xdc/top_level.xdc]
INFO: [Opt 31-47] Cell absorbed into downstream logic: LUT1 cell uart_tx/dout_reg_i_2 driving pin uart_tx/dout_reg/G of uart_tx/dout_reg.
INFO: [Opt 31-47] Cell absorbed into downstream logic: LUT1 cell uart_tx/dout_reg_i_2 driving pin uart_tx/next_count_reg[0]/G of uart_tx/next_count_reg[0].
INFO: [Opt 31-47] Cell absorbed into downstream logic: LUT1 cell uart_tx/dout_reg_i_2 driving pin uart_tx/next_count_reg[10]/G of uart_tx/next_count_reg[10].
INFO: [Opt 31-47] Cell absorbed into downstream logic: LUT1 cell uart_tx/dout_reg_i_2 driving pin uart_tx/next_count_reg[11]/G of uart_tx/next_count_reg[11].
INFO: [Opt 31-47] Cell absorbed into downstream logic: LUT1 cell uart_tx/dout_reg_i_2 driving pin uart_tx/next_count_reg[12]/G of uart_tx/next_count_reg[12].
INFO: [Opt 31-47] Cell absorbed into downstream logic: LUT1 cell uart_tx/dout_reg_i_2 driving pin uart_tx/next_count_reg[13]/G of uart_tx/next_count_reg[13].
INFO: [Opt 31-47] Cell absorbed into downstream logic: LUT1 cell uart_tx/dout_reg_i_2 driving pin uart_tx/next_count_reg[14]/G of uart_tx/next_count_reg[14].
INFO: [Opt 31-47] Cell absorbed into downstream logic: LUT1 cell uart_tx/dout_reg_i_2 driving pin uart_tx/next_count_reg[15]/G of uart_tx/next_count_reg[15].
INFO: [Opt 31-47] Cell absorbed into downstream logic: LUT1 cell uart_tx/dout_reg_i_2 driving pin uart_tx/next_count_reg[16]/G of uart_tx/next_count_reg[16].
INFO: [Opt 31-47] Cell absorbed into downstream logic: LUT1 cell uart_tx/dout_reg_i_2 driving pin uart_tx/next_count_reg[17]/G of uart_tx/next_count_reg[17].
INFO: [Opt 31-47] Cell absorbed into downstream logic: LUT1 cell uart_tx/dout_reg_i_2 driving pin uart_tx/next_count_reg[18]/G of uart_tx/next_count_reg[18].
INFO: [Opt 31-47] Cell absorbed into downstream logic: LUT1 cell uart_tx/dout_reg_i_2 driving pin uart_tx/next_count_reg[19]/G of uart_tx/next_count_reg[19].
INFO: [Opt 31-47] Cell absorbed into downstream logic: LUT1 cell uart_tx/dout_reg_i_2 driving pin uart_tx/next_count_reg[1]/G of uart_tx/next_count_reg[1].
INFO: [Opt 31-47] Cell absorbed into downstream logic: LUT1 cell uart_tx/dout_reg_i_2 driving pin uart_tx/next_count_reg[20]/G of uart_tx/next_count_reg[20].
INFO: [Opt 31-47] Cell absorbed into downstream logic: LUT1 cell uart_tx/dout_reg_i_2 driving pin uart_tx/next_count_reg[21]/G of uart_tx/next_count_reg[21].
INFO: [Opt 31-47] Cell absorbed into downstream logic: LUT1 cell uart_tx/dout_reg_i_2 driving pin uart_tx/next_count_reg[22]/G of uart_tx/next_count_reg[22].
INFO: [Opt 31-47] Cell absorbed into downstream logic: LUT1 cell uart_tx/dout_reg_i_2 driving pin uart_tx/next_count_reg[23]/G of uart_tx/next_count_reg[23].
INFO: [Opt 31-47] Cell absorbed into downstream logic: LUT1 cell uart_tx/dout_reg_i_2 driving pin uart_tx/next_count_reg[24]/G of uart_tx/next_count_reg[24].
INFO: [Opt 31-47] Cell absorbed into downstream logic: LUT1 cell uart_tx/dout_reg_i_2 driving pin uart_tx/next_count_reg[25]/G of uart_tx/next_count_reg[25].
INFO: [Opt 31-47] Cell absorbed into downstream logic: LUT1 cell uart_tx/dout_reg_i_2 driving pin uart_tx/next_count_reg[26]/G of uart_tx/next_count_reg[26].
INFO: [Opt 31-47] Cell absorbed into downstream logic: LUT1 cell uart_tx/dout_reg_i_2 driving pin uart_tx/next_count_reg[27]/G of uart_tx/next_count_reg[27].
INFO: [Opt 31-47] Cell absorbed into downstream logic: LUT1 cell uart_tx/dout_reg_i_2 driving pin uart_tx/next_count_reg[28]/G of uart_tx/next_count_reg[28].
INFO: [Opt 31-47] Cell absorbed into downstream logic: LUT1 cell uart_tx/dout_reg_i_2 driving pin uart_tx/next_count_reg[29]/G of uart_tx/next_count_reg[29].
INFO: [Opt 31-47] Cell absorbed into downstream logic: LUT1 cell uart_tx/dout_reg_i_2 driving pin uart_tx/next_count_reg[2]/G of uart_tx/next_count_reg[2].
INFO: [Opt 31-47] Cell absorbed into downstream logic: LUT1 cell uart_tx/dout_reg_i_2 driving pin uart_tx/next_count_reg[30]/G of uart_tx/next_count_reg[30].
INFO: [Opt 31-47] Cell absorbed into downstream logic: LUT1 cell uart_tx/dout_reg_i_2 driving pin uart_tx/next_count_reg[31]/G of uart_tx/next_count_reg[31].
INFO: [Opt 31-47] Cell absorbed into downstream logic: LUT1 cell uart_tx/dout_reg_i_2 driving pin uart_tx/next_count_reg[3]/G of uart_tx/next_count_reg[3].
INFO: [Opt 31-47] Cell absorbed into downstream logic: LUT1 cell uart_tx/dout_reg_i_2 driving pin uart_tx/next_count_reg[4]/G of uart_tx/next_count_reg[4].
INFO: [Opt 31-47] Cell absorbed into downstream logic: LUT1 cell uart_tx/dout_reg_i_2 driving pin uart_tx/next_count_reg[5]/G of uart_tx/next_count_reg[5].
INFO: [Opt 31-47] Cell absorbed into downstream logic: LUT1 cell uart_tx/dout_reg_i_2 driving pin uart_tx/next_count_reg[6]/G of uart_tx/next_count_reg[6].
INFO: [Opt 31-47] Cell absorbed into downstream logic: LUT1 cell uart_tx/dout_reg_i_2 driving pin uart_tx/next_count_reg[7]/G of uart_tx/next_count_reg[7].
INFO: [Opt 31-47] Cell absorbed into downstream logic: LUT1 cell uart_tx/dout_reg_i_2 driving pin uart_tx/next_count_reg[8]/G of uart_tx/next_count_reg[8].
INFO: [Opt 31-47] Cell absorbed into downstream logic: LUT1 cell uart_tx/dout_reg_i_2 driving pin uart_tx/next_count_reg[9]/G of uart_tx/next_count_reg[9].
INFO: [Opt 31-138] Pushed 1 inverter(s) to 33 load pin(s).
Netlist sorting complete. Time (s): cpu = 00:00:00 ; elapsed = 00:00:00 . Memory (MB): peak = 2576.227 ; gain = 0.000 ; free physical = 4583 ; free virtual = 39510
INFO: [Project 1-111] Unisim Transformation Summary:
  A total of 93 instances were transformed.
  LD => LDCE: 55 instances
  LD => LDCE (inverted pins: G): 33 instances
  LDC => LDCE: 5 instances

Synth Design complete | Checksum: 7eeb911e
INFO: [Common 17-83] Releasing license: Synthesis
85 Infos, 108 Warnings, 0 Critical Warnings and 0 Errors encountered.
synth_design completed successfully
synth_design: Time (s): cpu = 00:00:38 ; elapsed = 00:00:36 . Memory (MB): peak = 2576.262 ; gain = 1071.531 ; free physical = 4582 ; free virtual = 39509
INFO: [Common 17-2834] synth_design peak Physical Memory [PSS] (MB): overall = 2005.662; main = 2005.662; forked = 333.490
INFO: [Common 17-2834] synth_design peak Virtual Memory [VSS] (MB): overall = 3309.582; main = 2576.227; forked = 955.180
# report_timing_summary -file $outputDir/post_synth_timing_summary.rpt
INFO: [Timing 38-35] Done setting XDC timing constraints.
INFO: [Timing 38-91] UpdateTimingParams: Speed grade: -1, Delay Type: min_max.
INFO: [Timing 38-191] Multithreading enabled for timing update using a maximum of 4 CPUs
report_timing_summary: Time (s): cpu = 00:00:06 ; elapsed = 00:00:06 . Memory (MB): peak = 2634.008 ; gain = 57.746 ; free physical = 4530 ; free virtual = 39457
# report_utilization -file $outputDir/post_synth_util.rpt -hierarchical -hierarchical_depth 4 -hierarchical_min_primitive_count 0
# report_timing -file $outputDir/post_synth_timing.rpt
INFO: [Timing 38-91] UpdateTimingParams: Speed grade: -1, Delay Type: max.
INFO: [Timing 38-191] Multithreading enabled for timing update using a maximum of 4 CPUs
INFO: [Timing 38-78] ReportTimingParams: -max_paths 1 -nworst 1 -delay_type max -sort_by slack.
# opt_design
Command: opt_design
Attempting to get a license for feature 'Implementation' and/or device 'xc7s50'
INFO: [Common 17-349] Got license for feature 'Implementation' and/or device 'xc7s50'
Running DRC as a precondition to command opt_design

Starting DRC Task
INFO: [DRC 23-27] Running DRC with 4 threads
INFO: [Project 1-461] DRC finished with 0 Errors
INFO: [Project 1-462] Please refer to the DRC report (report_drc) for more information.

Time (s): cpu = 00:00:03 ; elapsed = 00:00:00.9 . Memory (MB): peak = 2719.227 ; gain = 85.219 ; free physical = 4439 ; free virtual = 39369

Starting Cache Timing Information Task
Ending Cache Timing Information Task | Checksum: 2feeed267

Time (s): cpu = 00:00:00 ; elapsed = 00:00:00 . Memory (MB): peak = 2719.227 ; gain = 0.000 ; free physical = 4439 ; free virtual = 39369

Starting Logic Optimization Task

Phase 1 Initialization

Phase 1.1 Core Generation And Design Setup
Phase 1.1 Core Generation And Design Setup | Checksum: 2feeed267

Time (s): cpu = 00:00:00.01 ; elapsed = 00:00:00 . Memory (MB): peak = 2945.195 ; gain = 0.000 ; free physical = 4198 ; free virtual = 39125

Phase 1.2 Setup Constraints And Sort Netlist
Phase 1.2 Setup Constraints And Sort Netlist | Checksum: 2feeed267

Time (s): cpu = 00:00:00.01 ; elapsed = 00:00:00.01 . Memory (MB): peak = 2945.195 ; gain = 0.000 ; free physical = 4198 ; free virtual = 39125
Phase 1 Initialization | Checksum: 2feeed267

Time (s): cpu = 00:00:00.01 ; elapsed = 00:00:00.01 . Memory (MB): peak = 2945.195 ; gain = 0.000 ; free physical = 4198 ; free virtual = 39125

Phase 2 Timer Update And Timing Data Collection

Phase 2.1 Timer Update
Phase 2.1 Timer Update | Checksum: 2feeed267

Time (s): cpu = 00:00:00.03 ; elapsed = 00:00:00.02 . Memory (MB): peak = 2945.195 ; gain = 0.000 ; free physical = 4198 ; free virtual = 39125

Phase 2.2 Timing Data Collection
Phase 2.2 Timing Data Collection | Checksum: 2feeed267

Time (s): cpu = 00:00:00.04 ; elapsed = 00:00:00.03 . Memory (MB): peak = 2945.195 ; gain = 0.000 ; free physical = 4198 ; free virtual = 39125
Phase 2 Timer Update And Timing Data Collection | Checksum: 2feeed267

Time (s): cpu = 00:00:00.04 ; elapsed = 00:00:00.03 . Memory (MB): peak = 2945.195 ; gain = 0.000 ; free physical = 4198 ; free virtual = 39125

Phase 3 Retarget
INFO: [Opt 31-1851] Number of loadless carry chains removed were: 0
INFO: [Opt 31-1834] Total Chains To Be Transformed Were: 0 AND Number of Transformed insts Created are: 0
INFO: [Opt 31-1566] Pulled 1 inverters resulting in an inversion of 20 pins
INFO: [Opt 31-138] Pushed 0 inverter(s) to 0 load pin(s).
INFO: [Opt 31-49] Retargeted 0 cell(s).
Phase 3 Retarget | Checksum: 267bfcf9c

Time (s): cpu = 00:00:00.06 ; elapsed = 00:00:00.06 . Memory (MB): peak = 2945.195 ; gain = 0.000 ; free physical = 4198 ; free virtual = 39125
Retarget | Checksum: 267bfcf9c
INFO: [Opt 31-389] Phase Retarget created 8 cells and removed 9 cells

Phase 4 Constant propagation
INFO: [Opt 31-138] Pushed 0 inverter(s) to 0 load pin(s).
Phase 4 Constant propagation | Checksum: 267bfcf9c

Time (s): cpu = 00:00:00.06 ; elapsed = 00:00:00.07 . Memory (MB): peak = 2945.195 ; gain = 0.000 ; free physical = 4198 ; free virtual = 39125
Constant propagation | Checksum: 267bfcf9c
INFO: [Opt 31-389] Phase Constant propagation created 0 cells and removed 0 cells

Phase 5 Sweep
INFO: [Constraints 18-11670] Building netlist checker database with flags, 0x8
Done building netlist checker database: Time (s): cpu = 00:00:00 ; elapsed = 00:00:00 . Memory (MB): peak = 2945.195 ; gain = 0.000 ; free physical = 4198 ; free virtual = 39125
INFO: [Constraints 18-11670] Building netlist checker database with flags, 0x8
Done building netlist checker database: Time (s): cpu = 00:00:00 ; elapsed = 00:00:00 . Memory (MB): peak = 2945.195 ; gain = 0.000 ; free physical = 4198 ; free virtual = 39125
Phase 5 Sweep | Checksum: 2a7fb6cb2

Time (s): cpu = 00:00:00.08 ; elapsed = 00:00:00.08 . Memory (MB): peak = 2945.195 ; gain = 0.000 ; free physical = 4198 ; free virtual = 39125
Sweep | Checksum: 2a7fb6cb2
INFO: [Opt 31-389] Phase Sweep created 2 cells and removed 0 cells

Phase 6 BUFG optimization
Phase 6 BUFG optimization | Checksum: 2a7fb6cb2

Time (s): cpu = 00:00:00.11 ; elapsed = 00:00:00.1 . Memory (MB): peak = 2977.211 ; gain = 32.016 ; free physical = 4198 ; free virtual = 39125
BUFG optimization | Checksum: 2a7fb6cb2
INFO: [Opt 31-662] Phase BUFG optimization created 0 cells of which 0 are BUFGs and removed 0 cells.

Phase 7 Shift Register Optimization
INFO: [Opt 31-1064] SRL Remap converted 0 SRLs to 0 registers and converted 0 registers of register chains to 0 SRLs
Phase 7 Shift Register Optimization | Checksum: 2a7fb6cb2

Time (s): cpu = 00:00:00.11 ; elapsed = 00:00:00.1 . Memory (MB): peak = 2977.211 ; gain = 32.016 ; free physical = 4198 ; free virtual = 39125
Shift Register Optimization | Checksum: 2a7fb6cb2
INFO: [Opt 31-389] Phase Shift Register Optimization created 0 cells and removed 0 cells

Phase 8 Post Processing Netlist
Phase 8 Post Processing Netlist | Checksum: 2c7a6ef4f

Time (s): cpu = 00:00:00.11 ; elapsed = 00:00:00.1 . Memory (MB): peak = 2977.211 ; gain = 32.016 ; free physical = 4198 ; free virtual = 39125
Post Processing Netlist | Checksum: 2c7a6ef4f
INFO: [Opt 31-389] Phase Post Processing Netlist created 0 cells and removed 0 cells

Phase 9 Finalization

Phase 9.1 Finalizing Design Cores and Updating Shapes
Phase 9.1 Finalizing Design Cores and Updating Shapes | Checksum: 2a4d2c36d

Time (s): cpu = 00:00:00.15 ; elapsed = 00:00:00.14 . Memory (MB): peak = 2977.211 ; gain = 32.016 ; free physical = 4198 ; free virtual = 39125

Phase 9.2 Verifying Netlist Connectivity

Starting Connectivity Check Task

Time (s): cpu = 00:00:00 ; elapsed = 00:00:00 . Memory (MB): peak = 2977.211 ; gain = 0.000 ; free physical = 4198 ; free virtual = 39125
Phase 9.2 Verifying Netlist Connectivity | Checksum: 2a4d2c36d

Time (s): cpu = 00:00:00.15 ; elapsed = 00:00:00.14 . Memory (MB): peak = 2977.211 ; gain = 32.016 ; free physical = 4198 ; free virtual = 39125
Phase 9 Finalization | Checksum: 2a4d2c36d

Time (s): cpu = 00:00:00.15 ; elapsed = 00:00:00.14 . Memory (MB): peak = 2977.211 ; gain = 32.016 ; free physical = 4198 ; free virtual = 39125
Opt_design Change Summary
=========================


-------------------------------------------------------------------------------------------------------------------------
|  Phase                        |  #Cells created  |  #Cells Removed  |  #Constrained objects preventing optimizations  |
-------------------------------------------------------------------------------------------------------------------------
|  Retarget                     |               8  |               9  |                                              0  |
|  Constant propagation         |               0  |               0  |                                              0  |
|  Sweep                        |               2  |               0  |                                              0  |
|  BUFG optimization            |               0  |               0  |                                              0  |
|  Shift Register Optimization  |               0  |               0  |                                              0  |
|  Post Processing Netlist      |               0  |               0  |                                              0  |
-------------------------------------------------------------------------------------------------------------------------


Ending Logic Optimization Task | Checksum: 2a4d2c36d

Time (s): cpu = 00:00:00.16 ; elapsed = 00:00:00.14 . Memory (MB): peak = 2977.211 ; gain = 32.016 ; free physical = 4198 ; free virtual = 39125

Starting Power Optimization Task
INFO: [Pwropt 34-132] Skipping clock gating for clocks with a period < 2.00 ns.
INFO: [Pwropt 34-9] Applying IDT optimizations ...
INFO: [Pwropt 34-10] Applying ODC optimizations ...
INFO: [Timing 38-35] Done setting XDC timing constraints.
WARNING: [Power 33-232] No user defined clocks were found in the design! Power estimation will be inaccurate until this is corrected.
Resolution: Please specify clocks using create_clock/create_generated_clock for sequential elements. For pure combinatorial circuits, please specify a virtual clock, otherwise the vectorless estimation might be inaccurate
Running Vector-less Activity Propagation...

Finished Running Vector-less Activity Propagation


Starting PowerOpt Patch Enables Task
INFO: [Pwropt 34-162] WRITE_MODE attribute of 0 BRAM(s) out of a total of 2 has been updated to save power. Run report_power_opt to get a complete listing of the BRAMs updated.
INFO: [Pwropt 34-201] Structural ODC has moved 0 WE to EN ports
Number of BRAM Ports augmented: 0 newly gated: 3 Total Ports: 4
Ending PowerOpt Patch Enables Task | Checksum: 2cbf8324f

Time (s): cpu = 00:00:00.02 ; elapsed = 00:00:00.02 . Memory (MB): peak = 3089.234 ; gain = 0.000 ; free physical = 4187 ; free virtual = 39114
Ending Power Optimization Task | Checksum: 2cbf8324f

Time (s): cpu = 00:00:00.99 ; elapsed = 00:00:00.65 . Memory (MB): peak = 3089.234 ; gain = 112.023 ; free physical = 4187 ; free virtual = 39114

Starting Final Cleanup Task

Starting Logic Optimization Task
INFO: [Timing 38-35] Done setting XDC timing constraints.
Ending Logic Optimization Task | Checksum: 26f74a9ad

Time (s): cpu = 00:00:00.11 ; elapsed = 00:00:00.06 . Memory (MB): peak = 3089.234 ; gain = 0.000 ; free physical = 4185 ; free virtual = 39113
Ending Final Cleanup Task | Checksum: 26f74a9ad

Time (s): cpu = 00:00:03 ; elapsed = 00:00:03 . Memory (MB): peak = 3089.234 ; gain = 0.000 ; free physical = 4185 ; free virtual = 39113

Starting Netlist Obfuscation Task
Netlist sorting complete. Time (s): cpu = 00:00:00 ; elapsed = 00:00:00 . Memory (MB): peak = 3089.234 ; gain = 0.000 ; free physical = 4185 ; free virtual = 39113
Ending Netlist Obfuscation Task | Checksum: 26f74a9ad

Time (s): cpu = 00:00:00 ; elapsed = 00:00:00 . Memory (MB): peak = 3089.234 ; gain = 0.000 ; free physical = 4185 ; free virtual = 39113
INFO: [Common 17-83] Releasing license: Implementation
27 Infos, 1 Warnings, 0 Critical Warnings and 0 Errors encountered.
opt_design completed successfully
opt_design: Time (s): cpu = 00:00:09 ; elapsed = 00:00:07 . Memory (MB): peak = 3089.234 ; gain = 455.227 ; free physical = 4185 ; free virtual = 39113
# place_design
Command: place_design
Attempting to get a license for feature 'Implementation' and/or device 'xc7s50'
INFO: [Common 17-349] Got license for feature 'Implementation' and/or device 'xc7s50'
INFO: [Common 17-83] Releasing license: Implementation
INFO: [DRC 23-27] Running DRC with 4 threads
INFO: [Vivado_Tcl 4-198] DRC finished with 0 Errors
INFO: [Vivado_Tcl 4-199] Please refer to the DRC report (report_drc) for more information.
Running DRC as a precondition to command place_design
INFO: [DRC 23-27] Running DRC with 4 threads
INFO: [Vivado_Tcl 4-198] DRC finished with 0 Errors
INFO: [Vivado_Tcl 4-199] Please refer to the DRC report (report_drc) for more information.
INFO: [Place 30-611] Multithreading enabled for place_design using a maximum of 4 CPUs

Starting Placer Task

Phase 1 Placer Initialization

Phase 1.1 Placer Initialization Netlist Sorting
Netlist sorting complete. Time (s): cpu = 00:00:00 ; elapsed = 00:00:00 . Memory (MB): peak = 3089.234 ; gain = 0.000 ; free physical = 4187 ; free virtual = 39114
Phase 1.1 Placer Initialization Netlist Sorting | Checksum: 23402fec1

Time (s): cpu = 00:00:00 ; elapsed = 00:00:00 . Memory (MB): peak = 3089.234 ; gain = 0.000 ; free physical = 4187 ; free virtual = 39114
Netlist sorting complete. Time (s): cpu = 00:00:00 ; elapsed = 00:00:00 . Memory (MB): peak = 3089.234 ; gain = 0.000 ; free physical = 4187 ; free virtual = 39114

Phase 1.2 IO Placement/ Clock Placement/ Build Placer Device
INFO: [Timing 38-35] Done setting XDC timing constraints.
WARNING: [Place 30-87] Partially locked IO Bus is found. Following components of the IO Bus btn are not locked:  'btn[3]' 
WARNING: [Place 30-87] Partially locked IO Bus is found. Following components of the IO Bus sw are not locked:  'sw[15]'  'sw[14]'  'sw[13]'  'sw[12]'  'sw[11]'  'sw[10]'  'sw[9]'  'sw[8]'  'sw[7]'  'sw[6]'  'sw[5]'  'sw[4]'  'sw[3]'  'sw[2]'  'sw[1]' 
Phase 1.2 IO Placement/ Clock Placement/ Build Placer Device | Checksum: 229e609ec

Time (s): cpu = 00:00:00.6 ; elapsed = 00:00:00.45 . Memory (MB): peak = 3089.234 ; gain = 0.000 ; free physical = 4187 ; free virtual = 39114

Phase 1.3 Build Placer Netlist Model
Phase 1.3 Build Placer Netlist Model | Checksum: 2ea5b2007

Time (s): cpu = 00:00:00.66 ; elapsed = 00:00:00.51 . Memory (MB): peak = 3089.234 ; gain = 0.000 ; free physical = 4187 ; free virtual = 39114

Phase 1.4 Constrain Clocks/Macros
Phase 1.4 Constrain Clocks/Macros | Checksum: 2ea5b2007

Time (s): cpu = 00:00:00.67 ; elapsed = 00:00:00.51 . Memory (MB): peak = 3089.234 ; gain = 0.000 ; free physical = 4187 ; free virtual = 39114
Phase 1 Placer Initialization | Checksum: 2ea5b2007

Time (s): cpu = 00:00:00.67 ; elapsed = 00:00:00.52 . Memory (MB): peak = 3089.234 ; gain = 0.000 ; free physical = 4187 ; free virtual = 39114

Phase 2 Global Placement

Phase 2.1 Floorplanning
Phase 2.1 Floorplanning | Checksum: 2ea5b2007

Time (s): cpu = 00:00:00.67 ; elapsed = 00:00:00.52 . Memory (MB): peak = 3089.234 ; gain = 0.000 ; free physical = 4187 ; free virtual = 39114

Phase 2.2 Update Timing before SLR Path Opt
Phase 2.2 Update Timing before SLR Path Opt | Checksum: 2ea5b2007

Time (s): cpu = 00:00:00.67 ; elapsed = 00:00:00.52 . Memory (MB): peak = 3089.234 ; gain = 0.000 ; free physical = 4187 ; free virtual = 39114

Phase 2.3 Post-Processing in Floorplanning
Phase 2.3 Post-Processing in Floorplanning | Checksum: 2ea5b2007

Time (s): cpu = 00:00:00.68 ; elapsed = 00:00:00.52 . Memory (MB): peak = 3089.234 ; gain = 0.000 ; free physical = 4187 ; free virtual = 39114

Phase 2.4 Global Place Phase1
Phase 2.4 Global Place Phase1 | Checksum: 2a0b57674

Time (s): cpu = 00:00:01 ; elapsed = 00:00:00.85 . Memory (MB): peak = 3089.234 ; gain = 0.000 ; free physical = 4181 ; free virtual = 39109

Phase 2.5 Global Place Phase2
WARNING: [Place 46-29] Timing had been disabled during Placer and, therefore, physical synthesis in Placer will be skipped.
Phase 2.5 Global Place Phase2 | Checksum: 24ec0d85b

Time (s): cpu = 00:00:01 ; elapsed = 00:00:00.91 . Memory (MB): peak = 3089.234 ; gain = 0.000 ; free physical = 4187 ; free virtual = 39114
Phase 2 Global Placement | Checksum: 24ec0d85b

Time (s): cpu = 00:00:01 ; elapsed = 00:00:00.91 . Memory (MB): peak = 3089.234 ; gain = 0.000 ; free physical = 4187 ; free virtual = 39114

Phase 3 Detail Placement

Phase 3.1 Commit Multi Column Macros
Phase 3.1 Commit Multi Column Macros | Checksum: 24ec0d85b

Time (s): cpu = 00:00:01 ; elapsed = 00:00:00.92 . Memory (MB): peak = 3089.234 ; gain = 0.000 ; free physical = 4187 ; free virtual = 39114

Phase 3.2 Commit Most Macros & LUTRAMs
Phase 3.2 Commit Most Macros & LUTRAMs | Checksum: 27735975c

Time (s): cpu = 00:00:01 ; elapsed = 00:00:00.95 . Memory (MB): peak = 3089.234 ; gain = 0.000 ; free physical = 4187 ; free virtual = 39114

Phase 3.3 Area Swap Optimization
Phase 3.3 Area Swap Optimization | Checksum: 2232e0338

Time (s): cpu = 00:00:01 ; elapsed = 00:00:00.95 . Memory (MB): peak = 3089.234 ; gain = 0.000 ; free physical = 4187 ; free virtual = 39114

Phase 3.4 Pipeline Register Optimization
Phase 3.4 Pipeline Register Optimization | Checksum: 1db5f5554

Time (s): cpu = 00:00:01 ; elapsed = 00:00:00.96 . Memory (MB): peak = 3089.234 ; gain = 0.000 ; free physical = 4187 ; free virtual = 39114

Phase 3.5 Small Shape Detail Placement
Phase 3.5 Small Shape Detail Placement | Checksum: 1c0745bc1

Time (s): cpu = 00:00:02 ; elapsed = 00:00:01 . Memory (MB): peak = 3089.234 ; gain = 0.000 ; free physical = 4191 ; free virtual = 39118

Phase 3.6 Re-assign LUT pins
Phase 3.6 Re-assign LUT pins | Checksum: 1c0745bc1

Time (s): cpu = 00:00:02 ; elapsed = 00:00:01 . Memory (MB): peak = 3089.234 ; gain = 0.000 ; free physical = 4191 ; free virtual = 39118

Phase 3.7 Pipeline Register Optimization
Phase 3.7 Pipeline Register Optimization | Checksum: 1c0745bc1

Time (s): cpu = 00:00:02 ; elapsed = 00:00:01 . Memory (MB): peak = 3089.234 ; gain = 0.000 ; free physical = 4191 ; free virtual = 39118
Phase 3 Detail Placement | Checksum: 1c0745bc1

Time (s): cpu = 00:00:02 ; elapsed = 00:00:01 . Memory (MB): peak = 3089.234 ; gain = 0.000 ; free physical = 4191 ; free virtual = 39118

Phase 4 Post Placement Optimization and Clean-Up

Phase 4.1 Post Commit Optimization
Phase 4.1 Post Commit Optimization | Checksum: 1c0745bc1

Time (s): cpu = 00:00:02 ; elapsed = 00:00:01 . Memory (MB): peak = 3089.234 ; gain = 0.000 ; free physical = 4191 ; free virtual = 39118

Phase 4.2 Post Placement Cleanup
Phase 4.2 Post Placement Cleanup | Checksum: 1c0745bc1

Time (s): cpu = 00:00:02 ; elapsed = 00:00:01 . Memory (MB): peak = 3089.234 ; gain = 0.000 ; free physical = 4191 ; free virtual = 39118

Phase 4.3 Placer Reporting

Phase 4.3.1 Print Estimated Congestion
INFO: [Place 30-612] Post-Placement Estimated Congestion 
 ____________________________________________________
|           | Global Congestion | Short Congestion  |
| Direction | Region Size       | Region Size       |
|___________|___________________|___________________|
|      North|                1x1|                1x1|
|___________|___________________|___________________|
|      South|                1x1|                1x1|
|___________|___________________|___________________|
|       East|                1x1|                1x1|
|___________|___________________|___________________|
|       West|                1x1|                1x1|
|___________|___________________|___________________|

Phase 4.3.1 Print Estimated Congestion | Checksum: 1c0745bc1

Time (s): cpu = 00:00:02 ; elapsed = 00:00:01 . Memory (MB): peak = 3089.234 ; gain = 0.000 ; free physical = 4191 ; free virtual = 39118
Phase 4.3 Placer Reporting | Checksum: 1c0745bc1

Time (s): cpu = 00:00:02 ; elapsed = 00:00:01 . Memory (MB): peak = 3089.234 ; gain = 0.000 ; free physical = 4191 ; free virtual = 39118

Phase 4.4 Final Placement Cleanup
Netlist sorting complete. Time (s): cpu = 00:00:00 ; elapsed = 00:00:00 . Memory (MB): peak = 3089.234 ; gain = 0.000 ; free physical = 4191 ; free virtual = 39118

Time (s): cpu = 00:00:02 ; elapsed = 00:00:01 . Memory (MB): peak = 3089.234 ; gain = 0.000 ; free physical = 4191 ; free virtual = 39118
Phase 4 Post Placement Optimization and Clean-Up | Checksum: 1d787bfe2

Time (s): cpu = 00:00:02 ; elapsed = 00:00:01 . Memory (MB): peak = 3089.234 ; gain = 0.000 ; free physical = 4191 ; free virtual = 39118
Ending Placer Task | Checksum: 197fd9fa8

Time (s): cpu = 00:00:02 ; elapsed = 00:00:01 . Memory (MB): peak = 3089.234 ; gain = 0.000 ; free physical = 4191 ; free virtual = 39118
11 Infos, 3 Warnings, 0 Critical Warnings and 0 Errors encountered.
place_design completed successfully
# report_clock_utilization -file $outputDir/clock_util.rpt
# if {[get_property SLACK [get_timing_paths -max_paths 1 -nworst 1 -setup]] < 0} {
#  puts "Found setup timing violations => running physical optimization"
#  phys_opt_design
# }
Found setup timing violations => running physical optimization
Command: phys_opt_design
Attempting to get a license for feature 'Implementation' and/or device 'xc7s50'
INFO: [Common 17-349] Got license for feature 'Implementation' and/or device 'xc7s50'
INFO: [Vivado_Tcl 4-235] No timing constraint found. The netlist was not modified.
INFO: [Common 17-83] Releasing license: Implementation
3 Infos, 0 Warnings, 0 Critical Warnings and 0 Errors encountered.
phys_opt_design completed successfully
# report_utilization -file $outputDir/post_place_util_hierarchical.rpt -hierarchical -hierarchical_depth 4 -hierarchical_min_primitive_count 0
# report_utilization -file $outputDir/post_place_util.rpt
# report_timing_summary -file $outputDir/post_place_timing_summary.rpt
# report_timing -file $outputDir/post_place_timing.rpt
INFO: [Timing 38-78] ReportTimingParams: -max_paths 1 -nworst 1 -delay_type max -sort_by slack.
# route_design -directive Explore
Command: route_design -directive Explore
Attempting to get a license for feature 'Implementation' and/or device 'xc7s50'
INFO: [Common 17-349] Got license for feature 'Implementation' and/or device 'xc7s50'


Starting Routing Task
INFO: [Route 35-270] Using Router directive 'Explore'.
INFO: [Route 35-254] Multithreading enabled for route_design using a maximum of 4 CPUs

Phase 1 Build RT Design
Checksum: PlaceDB: 3bf2000d ConstDB: 0 ShapeSum: b17a6c65 RouteDB: aa913336
Post Restoration Checksum: NetGraph: 32b24585 | NumContArr: 8904f3a6 | Constraints: c2a8fa9d | Timing: c2a8fa9d
Phase 1 Build RT Design | Checksum: 241092e65

Time (s): cpu = 00:00:17 ; elapsed = 00:00:15 . Memory (MB): peak = 3089.234 ; gain = 0.000 ; free physical = 4183 ; free virtual = 39110

Phase 2 Router Initialization
INFO: [Route 35-64] No timing constraints were detected. The router will operate in resource-optimization mode.

Phase 2.1 Fix Topology Constraints
Phase 2.1 Fix Topology Constraints | Checksum: 241092e65

Time (s): cpu = 00:00:17 ; elapsed = 00:00:15 . Memory (MB): peak = 3089.234 ; gain = 0.000 ; free physical = 4183 ; free virtual = 39110

Phase 2.2 Pre Route Cleanup
Phase 2.2 Pre Route Cleanup | Checksum: 241092e65

Time (s): cpu = 00:00:17 ; elapsed = 00:00:15 . Memory (MB): peak = 3089.234 ; gain = 0.000 ; free physical = 4183 ; free virtual = 39110
 Number of Nodes with overlaps = 0

Router Utilization Summary
  Global Vertical Routing Utilization    = 0 %
  Global Horizontal Routing Utilization  = 0 %
  Routable Net Status*
  *Does not include unroutable nets such as driverless and loadless.
  Run report_route_status for detailed report.
  Number of Failed Nets               = 759
    (Failed Nets is the sum of unrouted and partially routed nets)
  Number of Unrouted Nets             = 758
  Number of Partially Routed Nets     = 1
  Number of Node Overlaps             = 0

Phase 2 Router Initialization | Checksum: 1c9d12a5b

Time (s): cpu = 00:00:18 ; elapsed = 00:00:15 . Memory (MB): peak = 3089.234 ; gain = 0.000 ; free physical = 4181 ; free virtual = 39108

Phase 3 Global Routing
Phase 3 Global Routing | Checksum: 1c9d12a5b

Time (s): cpu = 00:00:18 ; elapsed = 00:00:15 . Memory (MB): peak = 3089.234 ; gain = 0.000 ; free physical = 4181 ; free virtual = 39108

Phase 4 Initial Routing

Phase 4.1 Initial Net Routing Pass
Phase 4.1 Initial Net Routing Pass | Checksum: 24c980ff9

Time (s): cpu = 00:00:18 ; elapsed = 00:00:15 . Memory (MB): peak = 3089.234 ; gain = 0.000 ; free physical = 4181 ; free virtual = 39108
Phase 4 Initial Routing | Checksum: 24c980ff9

Time (s): cpu = 00:00:18 ; elapsed = 00:00:15 . Memory (MB): peak = 3089.234 ; gain = 0.000 ; free physical = 4181 ; free virtual = 39108

Phase 5 Rip-up And Reroute

Phase 5.1 Global Iteration 0
 Number of Nodes with overlaps = 24
 Number of Nodes with overlaps = 0
Phase 5.1 Global Iteration 0 | Checksum: 241226e0c

Time (s): cpu = 00:00:18 ; elapsed = 00:00:15 . Memory (MB): peak = 3089.234 ; gain = 0.000 ; free physical = 4181 ; free virtual = 39108
Phase 5 Rip-up And Reroute | Checksum: 241226e0c

Time (s): cpu = 00:00:18 ; elapsed = 00:00:15 . Memory (MB): peak = 3089.234 ; gain = 0.000 ; free physical = 4181 ; free virtual = 39108

Phase 6 Delay and Skew Optimization
Phase 6 Delay and Skew Optimization | Checksum: 241226e0c

Time (s): cpu = 00:00:18 ; elapsed = 00:00:15 . Memory (MB): peak = 3089.234 ; gain = 0.000 ; free physical = 4181 ; free virtual = 39108

Phase 7 Post Hold Fix

Phase 7.1 Hold Fix Iter
Phase 7.1 Hold Fix Iter | Checksum: 241226e0c

Time (s): cpu = 00:00:18 ; elapsed = 00:00:15 . Memory (MB): peak = 3089.234 ; gain = 0.000 ; free physical = 4181 ; free virtual = 39108
Phase 7 Post Hold Fix | Checksum: 241226e0c

Time (s): cpu = 00:00:18 ; elapsed = 00:00:15 . Memory (MB): peak = 3089.234 ; gain = 0.000 ; free physical = 4181 ; free virtual = 39108

Phase 8 Route finalize

Router Utilization Summary
  Global Vertical Routing Utilization    = 0.128598 %
  Global Horizontal Routing Utilization  = 0.149662 %
  Routable Net Status*
  *Does not include unroutable nets such as driverless and loadless.
  Run report_route_status for detailed report.
  Number of Failed Nets               = 0
    (Failed Nets is the sum of unrouted and partially routed nets)
  Number of Unrouted Nets             = 0
  Number of Partially Routed Nets     = 0
  Number of Node Overlaps             = 0


--GLOBAL Congestion:
Utilization threshold used for congestion level computation: 0.85
Congestion Report
North Dir 1x1 Area, Max Cong = 19.8198%, No Congested Regions.
South Dir 1x1 Area, Max Cong = 33.3333%, No Congested Regions.
East Dir 1x1 Area, Max Cong = 23.5294%, No Congested Regions.
West Dir 1x1 Area, Max Cong = 27.9412%, No Congested Regions.

------------------------------
Reporting congestion hotspots
------------------------------
Direction: North
----------------
Congested clusters found at Level 0
Effective congestion level: 0 Aspect Ratio: 1 Sparse Ratio: 0
Direction: South
----------------
Congested clusters found at Level 0
Effective congestion level: 0 Aspect Ratio: 1 Sparse Ratio: 0
Direction: East
----------------
Congested clusters found at Level 0
Effective congestion level: 0 Aspect Ratio: 1 Sparse Ratio: 0
Direction: West
----------------
Congested clusters found at Level 0
Effective congestion level: 0 Aspect Ratio: 1 Sparse Ratio: 0

Phase 8 Route finalize | Checksum: 241226e0c

Time (s): cpu = 00:00:18 ; elapsed = 00:00:15 . Memory (MB): peak = 3089.234 ; gain = 0.000 ; free physical = 4181 ; free virtual = 39108

Phase 9 Verifying routed nets

 Verification completed successfully
Phase 9 Verifying routed nets | Checksum: 241226e0c

Time (s): cpu = 00:00:18 ; elapsed = 00:00:15 . Memory (MB): peak = 3089.234 ; gain = 0.000 ; free physical = 4181 ; free virtual = 39108

Phase 10 Depositing Routes
Phase 10 Depositing Routes | Checksum: 29abf8a28

Time (s): cpu = 00:00:18 ; elapsed = 00:00:15 . Memory (MB): peak = 3089.234 ; gain = 0.000 ; free physical = 4181 ; free virtual = 39108

Phase 11 Post Process Routing
Phase 11 Post Process Routing | Checksum: 29abf8a28

Time (s): cpu = 00:00:18 ; elapsed = 00:00:15 . Memory (MB): peak = 3089.234 ; gain = 0.000 ; free physical = 4181 ; free virtual = 39108
Total Elapsed time in route_design: 15.54 secs

Phase 12 Post-Route Event Processing
Phase 12 Post-Route Event Processing | Checksum: 147d6e5e8

Time (s): cpu = 00:00:18 ; elapsed = 00:00:16 . Memory (MB): peak = 3089.234 ; gain = 0.000 ; free physical = 4181 ; free virtual = 39108
INFO: [Route 35-16] Router Completed Successfully
Ending Routing Task | Checksum: 147d6e5e8

Time (s): cpu = 00:00:18 ; elapsed = 00:00:16 . Memory (MB): peak = 3089.234 ; gain = 0.000 ; free physical = 4181 ; free virtual = 39108

Routing Is Done.
INFO: [Common 17-83] Releasing license: Implementation
6 Infos, 0 Warnings, 0 Critical Warnings and 0 Errors encountered.
route_design completed successfully
route_design: Time (s): cpu = 00:00:18 ; elapsed = 00:00:16 . Memory (MB): peak = 3089.234 ; gain = 0.000 ; free physical = 4181 ; free virtual = 39108
# report_route_status -file $outputDir/post_route_status.rpt
# report_timing_summary -file $outputDir/post_route_timing_summary.rpt
# report_timing -file $outputDir/post_route_timing.rpt
INFO: [Timing 38-78] ReportTimingParams: -max_paths 1 -nworst 1 -delay_type max -sort_by slack.
# report_power -file $outputDir/post_route_power.rpt
Command: report_power -file obj/post_route_power.rpt
WARNING: [Power 33-232] No user defined clocks were found in the design! Power estimation will be inaccurate until this is corrected.
Resolution: Please specify clocks using create_clock/create_generated_clock for sequential elements. For pure combinatorial circuits, please specify a virtual clock, otherwise the vectorless estimation might be inaccurate
Running Vector-less Activity Propagation...

Finished Running Vector-less Activity Propagation
0 Infos, 1 Warnings, 0 Critical Warnings and 0 Errors encountered.
report_power completed successfully
# report_drc -file $outputDir/post_imp_drc.rpt
Command: report_drc -file obj/post_imp_drc.rpt
INFO: [IP_Flow 19-234] Refreshing IP repositories
INFO: [IP_Flow 19-1704] No user IP repositories specified
INFO: [IP_Flow 19-2313] Loaded Vivado IP repository '/data/2025.1/Vivado/data/ip'.
INFO: [DRC 23-27] Running DRC with 4 threads
INFO: [Vivado_Tcl 2-168] The results of DRC are in file /home/maxwellmorris/repos/Tommy_FPGA/MIT_6.205/Week3/top_level/obj/post_imp_drc.rpt.
report_drc completed successfully
# write_bitstream -force $outputDir/final.bit
Command: write_bitstream -force obj/final.bit
Attempting to get a license for feature 'Implementation' and/or device 'xc7s50'
INFO: [Common 17-349] Got license for feature 'Implementation' and/or device 'xc7s50'
Running DRC as a precondition to command write_bitstream
INFO: [IP_Flow 19-1839] IP Catalog is up to date.
INFO: [DRC 23-27] Running DRC with 4 threads
INFO: [Vivado 12-3199] DRC finished with 0 Errors
INFO: [Vivado 12-3200] Please refer to the DRC report (report_drc) for more information.
INFO: [Designutils 20-2272] Running write_bitstream with 4 threads.
Loading data files...
Loading site data...
Loading route data...
Processing options...
Creating bitmap...
Creating bitstream...
Bitstream compression saved 14847648 bits.
Writing bitstream obj/final.bit...
INFO: [Vivado 12-1842] Bitgen Completed Successfully.
INFO: [Project 1-1876] WebTalk data collection is mandatory when using a ULT device. To see the specific WebTalk data collected for your design, open the usage_statistics_webtalk.html or usage_statistics_webtalk.xml file in the implementation directory.
INFO: [Common 17-83] Releasing license: Implementation
9 Infos, 0 Warnings, 0 Critical Warnings and 0 Errors encountered.
write_bitstream completed successfully
write_bitstream: Time (s): cpu = 00:00:12 ; elapsed = 00:00:27 . Memory (MB): peak = 3213.590 ; gain = 124.355 ; free physical = 3963 ; free virtual = 38891
INFO: [Common 17-206] Exiting Vivado at Sat Jun 20 18:10:43 2026...
