#-----------------------------------------------------------
# Vivado v2025.1 (64-bit)
# SW Build 6140274 on Wed May 21 22:58:25 MDT 2025
# IP Build 6138677 on Thu May 22 03:10:11 MDT 2025
# SharedData Build 6139179 on Tue May 20 17:58:58 MDT 2025
# Start of session at: Sat Jun 20 18:23:21 2026
# Process ID         : 29145
# Current directory  : /home/maxwellmorris/repos/Tommy_FPGA/MIT_6.205/Week3/top_level
# Command line       : vivado -mode batch -source build.tcl
# Log file           : /home/maxwellmorris/repos/Tommy_FPGA/MIT_6.205/Week3/top_level/vivado.log
# Journal file       : /home/maxwellmorris/repos/Tommy_FPGA/MIT_6.205/Week3/top_level/vivado.jou
# Running On         : debian12machine
# Platform           : Debian
# Operating System   : Debian GNU/Linux 12 (bookworm)
# Processor Detail   : AMD Ryzen 5 2600 Six-Core Processor
# CPU Frequency      : 1270.203 MHz
# CPU Physical cores : 6
# CPU Logical cores  : 12
# Host memory        : 16709 MB
# Swap memory        : 32000 MB
# Total Virtual      : 48709 MB
# Available Virtual  : 42900 MB
#-----------------------------------------------------------
source build.tcl
# set_param general.maxThreads 4
# set partNum xc7s50csga324-1
# set outputDir obj
# file mkdir $outputDir
# set files [glob -nocomplain "$outputDir/*"]
# if {[llength $files] != 0} {
#     # clear folder contents
#     puts "deleting contents of $outputDir"
#     file delete -force {*}[glob -directory $outputDir *];
# } else {
#     puts "$outputDir is empty"
# }
deleting contents of obj
# set sources_sv [ glob ./hdl/*.sv ]
# read_verilog -sv $sources_sv
# set sources_v [ glob -nocomplain ./hdl/*.v ]
# if {[llength $sources_v] > 0 } {
#     read_verilog $sources_v
# }
# read_xdc [ glob ./xdc/*.xdc ]
# set sources_mem [ glob -nocomplain ./data/*.mem ]
# if {[llength $sources_mem] > 0} {
#     read_mem $sources_mem
# }
# set_part $partNum
INFO: [Coretcl 2-1500] The part has been set to 'xc7s50csga324-1' for the current project only. Run set_part -help for more details. To evaluate different speed grades in the current design, use the set_speed_grade command, or use the open_checkpoint -part command to change the part used by an existing checkpoint design.
# set sources_ip [ glob -nocomplain -directory ./ip -tails * ]
# puts $sources_ip

# foreach ip_source $sources_ip {
#     if {[file isdirectory ./ip/$ip_source]} {
# 	read_ip ./ip/$ip_source/$ip_source.xci
#     }
# }
WARNING: [Coretcl 2-176] No IPs found
# generate_target all [get_ips]
WARNING: [Coretcl 2-176] No IPs found
# synth_ip [get_ips]
INFO: [Vivado 12-3441] generate_netlist_ip - operation complete
# synth_design -top top_level -part $partNum -verbose
Command: synth_design -top top_level -part xc7s50csga324-1 -verbose
Starting synth_design
Attempting to get a license for feature 'Synthesis' and/or device 'xc7s50'
INFO: [Common 17-349] Got license for feature 'Synthesis' and/or device 'xc7s50'
INFO: [Device 21-403] Loading part xc7s50csga324-1
INFO: [Synth 8-7079] Multithreading enabled for synth_design using a maximum of 4 processes.
INFO: [Synth 8-7078] Launching helper process for spawning children vivado processes
INFO: [Synth 8-7075] Helper process launched with PID 29173
---------------------------------------------------------------------------------
Starting RTL Elaboration : Time (s): cpu = 00:00:04 ; elapsed = 00:00:05 . Memory (MB): peak = 2090.227 ; gain = 439.742 ; free physical = 4835 ; free virtual = 39759
---------------------------------------------------------------------------------
INFO: [Synth 8-6157] synthesizing module 'top_level' [/home/maxwellmorris/repos/Tommy_FPGA/MIT_6.205/Week3/top_level/hdl/top_level.sv:3]
INFO: [Synth 8-6157] synthesizing module 'counter' [/home/maxwellmorris/repos/Tommy_FPGA/MIT_6.205/Week3/top_level/hdl/counter.sv:1]
INFO: [Synth 8-6155] done synthesizing module 'counter' (0#1) [/home/maxwellmorris/repos/Tommy_FPGA/MIT_6.205/Week3/top_level/hdl/counter.sv:1]
INFO: [Synth 8-6157] synthesizing module 'spi_con' [/home/maxwellmorris/repos/Tommy_FPGA/MIT_6.205/Week3/top_level/hdl/spi_con.sv:4]
	Parameter DATA_WIDTH bound to: 17 - type: integer 
	Parameter DATA_CLK_PERIOD bound to: 50 - type: integer 
INFO: [Synth 8-6155] done synthesizing module 'spi_con' (0#1) [/home/maxwellmorris/repos/Tommy_FPGA/MIT_6.205/Week3/top_level/hdl/spi_con.sv:4]
INFO: [Synth 8-6157] synthesizing module 'UART_transmit' [/home/maxwellmorris/repos/Tommy_FPGA/MIT_6.205/Week3/top_level/hdl/UART_transmit.sv:4]
	Parameter INPUT_CLOCK_FREQ bound to: 100000000 - type: integer 
	Parameter BAUD_RATE bound to: 115200 - type: integer 
INFO: [Synth 8-155] case statement is not full and has no default [/home/maxwellmorris/repos/Tommy_FPGA/MIT_6.205/Week3/top_level/hdl/UART_transmit.sv:41]
INFO: [Synth 8-6155] done synthesizing module 'UART_transmit' (0#1) [/home/maxwellmorris/repos/Tommy_FPGA/MIT_6.205/Week3/top_level/hdl/UART_transmit.sv:4]
INFO: [Synth 8-6157] synthesizing module 'UART_receive' [/home/maxwellmorris/repos/Tommy_FPGA/MIT_6.205/Week3/top_level/hdl/UART_receive.sv:4]
	Parameter INPUT_CLOCK_FREQ bound to: 100000000 - type: integer 
	Parameter BAUD_RATE bound to: 115200 - type: integer 
INFO: [Synth 8-155] case statement is not full and has no default [/home/maxwellmorris/repos/Tommy_FPGA/MIT_6.205/Week3/top_level/hdl/UART_receive.sv:43]
INFO: [Synth 8-6155] done synthesizing module 'UART_receive' (0#1) [/home/maxwellmorris/repos/Tommy_FPGA/MIT_6.205/Week3/top_level/hdl/UART_receive.sv:4]
INFO: [Synth 8-6157] synthesizing module 'xilinx_true_dual_port_read_first_2_clock_ram' [/home/maxwellmorris/repos/Tommy_FPGA/MIT_6.205/Week3/top_level/hdl/xilinx_true_dual_port_read_first_2_clock_ram.v:10]
	Parameter RAM_WIDTH bound to: 8 - type: integer 
	Parameter RAM_DEPTH bound to: 40000 - type: integer 
INFO: [Synth 8-6155] done synthesizing module 'xilinx_true_dual_port_read_first_2_clock_ram' (0#1) [/home/maxwellmorris/repos/Tommy_FPGA/MIT_6.205/Week3/top_level/hdl/xilinx_true_dual_port_read_first_2_clock_ram.v:10]
INFO: [Synth 8-6157] synthesizing module 'evt_counter' [/home/maxwellmorris/repos/Tommy_FPGA/MIT_6.205/Week3/top_level/hdl/evt_counter.sv:2]
	Parameter MAX_COUNT bound to: 40000 - type: integer 
INFO: [Synth 8-6155] done synthesizing module 'evt_counter' (0#1) [/home/maxwellmorris/repos/Tommy_FPGA/MIT_6.205/Week3/top_level/hdl/evt_counter.sv:2]
INFO: [Synth 8-6157] synthesizing module 'pwm' [/home/maxwellmorris/repos/Tommy_FPGA/MIT_6.205/Week3/top_level/hdl/pwm.sv:1]
INFO: [Synth 8-6155] done synthesizing module 'pwm' (0#1) [/home/maxwellmorris/repos/Tommy_FPGA/MIT_6.205/Week3/top_level/hdl/pwm.sv:1]
INFO: [Synth 8-6155] done synthesizing module 'top_level' (0#1) [/home/maxwellmorris/repos/Tommy_FPGA/MIT_6.205/Week3/top_level/hdl/top_level.sv:3]
WARNING: [Synth 8-87] always_comb on 'next_state_reg' did not result in combinational logic [/home/maxwellmorris/repos/Tommy_FPGA/MIT_6.205/Week3/top_level/hdl/UART_transmit.sv:37]
WARNING: [Synth 8-87] always_comb on 'busy_reg' did not result in combinational logic [/home/maxwellmorris/repos/Tommy_FPGA/MIT_6.205/Week3/top_level/hdl/UART_transmit.sv:44]
WARNING: [Synth 8-87] always_comb on 'dout_reg' did not result in combinational logic [/home/maxwellmorris/repos/Tommy_FPGA/MIT_6.205/Week3/top_level/hdl/UART_transmit.sv:45]
WARNING: [Synth 8-87] always_comb on 'next_count_reg' did not result in combinational logic [/home/maxwellmorris/repos/Tommy_FPGA/MIT_6.205/Week3/top_level/hdl/UART_transmit.sv:46]
WARNING: [Synth 8-87] always_comb on 'next_bit_num_reg' did not result in combinational logic [/home/maxwellmorris/repos/Tommy_FPGA/MIT_6.205/Week3/top_level/hdl/UART_transmit.sv:47]
WARNING: [Synth 8-87] always_comb on 'next_tx_buffer_reg' did not result in combinational logic [/home/maxwellmorris/repos/Tommy_FPGA/MIT_6.205/Week3/top_level/hdl/UART_transmit.sv:48]
WARNING: [Synth 8-87] always_comb on 'next_reg' did not result in combinational logic [/home/maxwellmorris/repos/Tommy_FPGA/MIT_6.205/Week3/top_level/hdl/UART_receive.sv:40]
WARNING: [Synth 8-87] always_comb on 'bit_num_next_reg' did not result in combinational logic [/home/maxwellmorris/repos/Tommy_FPGA/MIT_6.205/Week3/top_level/hdl/UART_receive.sv:48]
WARNING: [Synth 8-87] always_comb on 'count_next_reg' did not result in combinational logic [/home/maxwellmorris/repos/Tommy_FPGA/MIT_6.205/Week3/top_level/hdl/UART_receive.sv:49]
WARNING: [Synth 8-87] always_comb on 'rx_buffer_reg' did not result in combinational logic [/home/maxwellmorris/repos/Tommy_FPGA/MIT_6.205/Week3/top_level/hdl/UART_receive.sv:50]
WARNING: [Synth 8-87] always_comb on 'dout_valid_reg' did not result in combinational logic [/home/maxwellmorris/repos/Tommy_FPGA/MIT_6.205/Week3/top_level/hdl/UART_receive.sv:59]
WARNING: [Synth 8-87] always_comb on 'dout_reg' did not result in combinational logic [/home/maxwellmorris/repos/Tommy_FPGA/MIT_6.205/Week3/top_level/hdl/UART_receive.sv:60]
WARNING: [Synth 8-87] always_comb on 'rx_buffer_next_reg' did not result in combinational logic [/home/maxwellmorris/repos/Tommy_FPGA/MIT_6.205/Week3/top_level/hdl/UART_receive.sv:98]
WARNING: [Synth 8-6014] Unused sequential element audio_sample_reg was removed.  [/home/maxwellmorris/repos/Tommy_FPGA/MIT_6.205/Week3/top_level/hdl/top_level.sv:108]
WARNING: [Synth 8-6014] Unused sequential element audio_sample_waiting_reg was removed.  [/home/maxwellmorris/repos/Tommy_FPGA/MIT_6.205/Week3/top_level/hdl/top_level.sv:145]
WARNING: [Synth 8-3917] design top_level has port rgb0[2] driven by constant 0
WARNING: [Synth 8-3917] design top_level has port rgb0[1] driven by constant 0
WARNING: [Synth 8-3917] design top_level has port rgb0[0] driven by constant 0
WARNING: [Synth 8-3917] design top_level has port rgb1[2] driven by constant 0
WARNING: [Synth 8-3917] design top_level has port rgb1[1] driven by constant 0
WARNING: [Synth 8-3917] design top_level has port rgb1[0] driven by constant 0
WARNING: [Synth 8-7129] Port sw[15] in module top_level is either unconnected or has no load
WARNING: [Synth 8-7129] Port sw[14] in module top_level is either unconnected or has no load
WARNING: [Synth 8-7129] Port sw[13] in module top_level is either unconnected or has no load
WARNING: [Synth 8-7129] Port sw[12] in module top_level is either unconnected or has no load
WARNING: [Synth 8-7129] Port sw[11] in module top_level is either unconnected or has no load
WARNING: [Synth 8-7129] Port sw[10] in module top_level is either unconnected or has no load
WARNING: [Synth 8-7129] Port sw[9] in module top_level is either unconnected or has no load
WARNING: [Synth 8-7129] Port sw[8] in module top_level is either unconnected or has no load
WARNING: [Synth 8-7129] Port sw[7] in module top_level is either unconnected or has no load
WARNING: [Synth 8-7129] Port sw[6] in module top_level is either unconnected or has no load
WARNING: [Synth 8-7129] Port sw[5] in module top_level is either unconnected or has no load
WARNING: [Synth 8-7129] Port sw[4] in module top_level is either unconnected or has no load
WARNING: [Synth 8-7129] Port sw[3] in module top_level is either unconnected or has no load
WARNING: [Synth 8-7129] Port sw[2] in module top_level is either unconnected or has no load
WARNING: [Synth 8-7129] Port sw[1] in module top_level is either unconnected or has no load
WARNING: [Synth 8-7129] Port btn[3] in module top_level is either unconnected or has no load
WARNING: [Synth 8-7129] Port btn[2] in module top_level is either unconnected or has no load
WARNING: [Synth 8-7129] Port btn[1] in module top_level is either unconnected or has no load
---------------------------------------------------------------------------------
Finished RTL Elaboration : Time (s): cpu = 00:00:08 ; elapsed = 00:00:09 . Memory (MB): peak = 2223.195 ; gain = 572.711 ; free physical = 4674 ; free virtual = 39599
---------------------------------------------------------------------------------
---------------------------------------------------------------------------------
Start Handling Custom Attributes
---------------------------------------------------------------------------------
---------------------------------------------------------------------------------
Finished Handling Custom Attributes : Time (s): cpu = 00:00:09 ; elapsed = 00:00:09 . Memory (MB): peak = 2223.195 ; gain = 572.711 ; free physical = 4674 ; free virtual = 39599
---------------------------------------------------------------------------------
---------------------------------------------------------------------------------
Finished RTL Optimization Phase 1 : Time (s): cpu = 00:00:09 ; elapsed = 00:00:09 . Memory (MB): peak = 2223.195 ; gain = 572.711 ; free physical = 4674 ; free virtual = 39599
---------------------------------------------------------------------------------
Netlist sorting complete. Time (s): cpu = 00:00:00.01 ; elapsed = 00:00:00.01 . Memory (MB): peak = 2223.195 ; gain = 0.000 ; free physical = 4674 ; free virtual = 39599
INFO: [Project 1-570] Preparing netlist for logic optimization

Processing XDC Constraints
Initializing timing engine
Parsing XDC File [/home/maxwellmorris/repos/Tommy_FPGA/MIT_6.205/Week3/top_level/xdc/top_level.xdc]
Finished Parsing XDC File [/home/maxwellmorris/repos/Tommy_FPGA/MIT_6.205/Week3/top_level/xdc/top_level.xdc]
INFO: [Project 1-236] Implementation specific constraints were found while reading constraint file [/home/maxwellmorris/repos/Tommy_FPGA/MIT_6.205/Week3/top_level/xdc/top_level.xdc]. These constraints will be ignored for synthesis but will be used in implementation. Impacted constraints are listed in the file [.Xil/top_level_propImpl.xdc].
Resolution: To avoid this warning, move constraints listed in [.Xil/top_level_propImpl.xdc] to another XDC file and exclude this new file from synthesis with the used_in_synthesis property (File Properties dialog in GUI) and re-run elaboration/synthesis.
Completed Processing XDC Constraints

Netlist sorting complete. Time (s): cpu = 00:00:00 ; elapsed = 00:00:00 . Memory (MB): peak = 2344.965 ; gain = 0.000 ; free physical = 4590 ; free virtual = 39517
INFO: [Project 1-111] Unisim Transformation Summary:
No Unisim elements were transformed.

Constraint Validation Runtime : Time (s): cpu = 00:00:00 ; elapsed = 00:00:00 . Memory (MB): peak = 2345.000 ; gain = 0.000 ; free physical = 4590 ; free virtual = 39517
---------------------------------------------------------------------------------
Finished Constraint Validation : Time (s): cpu = 00:00:15 ; elapsed = 00:00:16 . Memory (MB): peak = 2345.000 ; gain = 694.516 ; free physical = 4604 ; free virtual = 39529
---------------------------------------------------------------------------------
---------------------------------------------------------------------------------
Start Loading Part and Timing Information
---------------------------------------------------------------------------------
Loading part: xc7s50csga324-1
---------------------------------------------------------------------------------
Finished Loading Part and Timing Information : Time (s): cpu = 00:00:15 ; elapsed = 00:00:16 . Memory (MB): peak = 2352.969 ; gain = 702.484 ; free physical = 4604 ; free virtual = 39529
---------------------------------------------------------------------------------
---------------------------------------------------------------------------------
Start Applying 'set_property' XDC Constraints
---------------------------------------------------------------------------------
---------------------------------------------------------------------------------
Finished applying 'set_property' XDC Constraints : Time (s): cpu = 00:00:16 ; elapsed = 00:00:16 . Memory (MB): peak = 2352.969 ; gain = 702.484 ; free physical = 4604 ; free virtual = 39529
---------------------------------------------------------------------------------
INFO: [Synth 8-802] inferred FSM for state register 'state_reg' in module 'UART_transmit'
INFO: [Synth 8-802] inferred FSM for state register 'state_reg' in module 'UART_receive'
WARNING: [Synth 8-327] inferring latch for variable 'busy_reg' [/home/maxwellmorris/repos/Tommy_FPGA/MIT_6.205/Week3/top_level/hdl/UART_transmit.sv:44]
WARNING: [Synth 8-327] inferring latch for variable 'FSM_sequential_next_state_reg' [/home/maxwellmorris/repos/Tommy_FPGA/MIT_6.205/Week3/top_level/hdl/UART_transmit.sv:37]
WARNING: [Synth 8-327] inferring latch for variable 'FSM_onehot_next_state_reg' [/home/maxwellmorris/repos/Tommy_FPGA/MIT_6.205/Week3/top_level/hdl/UART_transmit.sv:37]
---------------------------------------------------------------------------------------------------
                   State |                     New Encoding |                Previous Encoding 
---------------------------------------------------------------------------------------------------
                    IDLE |                               00 | 00000000000000000000000000000000
                   START |                               01 | 00000000000000000000000000000001
                    DATA |                               10 | 00000000000000000000000000000010
                    STOP |                               11 | 00000000000000000000000000000011
---------------------------------------------------------------------------------------------------
INFO: [Synth 8-3354] encoded FSM with state register 'state_reg' using encoding 'sequential' in module 'UART_transmit'
WARNING: [Synth 8-327] inferring latch for variable 'FSM_sequential_next_state_reg' [/home/maxwellmorris/repos/Tommy_FPGA/MIT_6.205/Week3/top_level/hdl/UART_transmit.sv:37]
WARNING: [Synth 8-327] inferring latch for variable 'dout_reg' [/home/maxwellmorris/repos/Tommy_FPGA/MIT_6.205/Week3/top_level/hdl/UART_transmit.sv:45]
WARNING: [Synth 8-327] inferring latch for variable 'next_count_reg' [/home/maxwellmorris/repos/Tommy_FPGA/MIT_6.205/Week3/top_level/hdl/UART_transmit.sv:46]
WARNING: [Synth 8-327] inferring latch for variable 'next_bit_num_reg' [/home/maxwellmorris/repos/Tommy_FPGA/MIT_6.205/Week3/top_level/hdl/UART_transmit.sv:47]
WARNING: [Synth 8-327] inferring latch for variable 'next_tx_buffer_reg' [/home/maxwellmorris/repos/Tommy_FPGA/MIT_6.205/Week3/top_level/hdl/UART_transmit.sv:48]
WARNING: [Synth 8-327] inferring latch for variable 'dout_valid_reg' [/home/maxwellmorris/repos/Tommy_FPGA/MIT_6.205/Week3/top_level/hdl/UART_receive.sv:59]
WARNING: [Synth 8-327] inferring latch for variable 'FSM_sequential_next_reg' [/home/maxwellmorris/repos/Tommy_FPGA/MIT_6.205/Week3/top_level/hdl/UART_receive.sv:40]
WARNING: [Synth 8-327] inferring latch for variable 'FSM_onehot_next_reg' [/home/maxwellmorris/repos/Tommy_FPGA/MIT_6.205/Week3/top_level/hdl/UART_receive.sv:40]
---------------------------------------------------------------------------------------------------
                   State |                     New Encoding |                Previous Encoding 
---------------------------------------------------------------------------------------------------
                    IDLE |                              000 | 00000000000000000000000000000000
                   START |                              001 | 00000000000000000000000000000001
                    DATA |                              010 | 00000000000000000000000000000010
                    STOP |                              011 | 00000000000000000000000000000011
                TRANSMIT |                              100 | 00000000000000000000000000000100
---------------------------------------------------------------------------------------------------
INFO: [Synth 8-3354] encoded FSM with state register 'state_reg' using encoding 'sequential' in module 'UART_receive'
WARNING: [Synth 8-327] inferring latch for variable 'FSM_sequential_next_reg' [/home/maxwellmorris/repos/Tommy_FPGA/MIT_6.205/Week3/top_level/hdl/UART_receive.sv:40]
WARNING: [Synth 8-327] inferring latch for variable 'dout_reg' [/home/maxwellmorris/repos/Tommy_FPGA/MIT_6.205/Week3/top_level/hdl/UART_receive.sv:60]
WARNING: [Synth 8-327] inferring latch for variable 'count_next_reg' [/home/maxwellmorris/repos/Tommy_FPGA/MIT_6.205/Week3/top_level/hdl/UART_receive.sv:49]
WARNING: [Synth 8-327] inferring latch for variable 'bit_num_next_reg' [/home/maxwellmorris/repos/Tommy_FPGA/MIT_6.205/Week3/top_level/hdl/UART_receive.sv:48]
WARNING: [Synth 8-327] inferring latch for variable 'rx_buffer_reg' [/home/maxwellmorris/repos/Tommy_FPGA/MIT_6.205/Week3/top_level/hdl/UART_receive.sv:50]
WARNING: [Synth 8-327] inferring latch for variable 'rx_buffer_next_reg' [/home/maxwellmorris/repos/Tommy_FPGA/MIT_6.205/Week3/top_level/hdl/UART_receive.sv:98]
INFO: [Synth 8-3971] The signal "xilinx_true_dual_port_read_first_2_clock_ram:/BRAM_reg" was recognized as a true dual port RAM template.
---------------------------------------------------------------------------------
Finished RTL Optimization Phase 2 : Time (s): cpu = 00:00:17 ; elapsed = 00:00:17 . Memory (MB): peak = 2352.969 ; gain = 702.484 ; free physical = 4600 ; free virtual = 39529
---------------------------------------------------------------------------------
---------------------------------------------------------------------------------
Start RTL Component Statistics 
---------------------------------------------------------------------------------
Detailed RTL Component Info : 
+---Adders : 
	   2 Input   33 Bit       Adders := 1     
	   2 Input   32 Bit       Adders := 4     
	   2 Input    8 Bit       Adders := 1     
	   2 Input    5 Bit       Adders := 1     
+---Registers : 
	               33 Bit    Registers := 1     
	               32 Bit    Registers := 2     
	               17 Bit    Registers := 3     
	                8 Bit    Registers := 7     
	                5 Bit    Registers := 1     
	                1 Bit    Registers := 6     
+---RAMs : 
	             312K Bit	(40000 X 8 bit)          RAMs := 1     
+---Muxes : 
	   2 Input   33 Bit        Muxes := 2     
	   5 Input   33 Bit        Muxes := 1     
	   2 Input   32 Bit        Muxes := 1     
	   4 Input   32 Bit        Muxes := 1     
	   5 Input   32 Bit        Muxes := 1     
	   2 Input   17 Bit        Muxes := 3     
	   2 Input    8 Bit        Muxes := 1     
	   4 Input    8 Bit        Muxes := 2     
	   5 Input    8 Bit        Muxes := 1     
	   2 Input    5 Bit        Muxes := 1     
	   5 Input    5 Bit        Muxes := 1     
	   5 Input    3 Bit        Muxes := 1     
	   2 Input    3 Bit        Muxes := 4     
	   4 Input    2 Bit        Muxes := 1     
	   2 Input    2 Bit        Muxes := 1     
	   2 Input    1 Bit        Muxes := 29    
	   4 Input    1 Bit        Muxes := 6     
	   5 Input    1 Bit        Muxes := 8     
---------------------------------------------------------------------------------
Finished RTL Component Statistics 
---------------------------------------------------------------------------------
---------------------------------------------------------------------------------
Start Part Resource Summary
---------------------------------------------------------------------------------
Part Resources:
DSPs: 120 (col length:60)
BRAMs: 150 (col length: RAMB18 60 RAMB36 30)
---------------------------------------------------------------------------------
Finished Part Resource Summary
---------------------------------------------------------------------------------
---------------------------------------------------------------------------------
Start Cross Boundary and Area Optimization
---------------------------------------------------------------------------------
WARNING: [Synth 8-7080] Parallel synthesis criteria is not met
WARNING: [Synth 8-3917] design top_level has port rgb0[2] driven by constant 0
WARNING: [Synth 8-3917] design top_level has port rgb0[1] driven by constant 0
WARNING: [Synth 8-3917] design top_level has port rgb0[0] driven by constant 0
WARNING: [Synth 8-3917] design top_level has port rgb1[2] driven by constant 0
WARNING: [Synth 8-3917] design top_level has port rgb1[1] driven by constant 0
WARNING: [Synth 8-3917] design top_level has port rgb1[0] driven by constant 0
WARNING: [Synth 8-7129] Port sw[15] in module top_level is either unconnected or has no load
WARNING: [Synth 8-7129] Port sw[14] in module top_level is either unconnected or has no load
WARNING: [Synth 8-7129] Port sw[13] in module top_level is either unconnected or has no load
WARNING: [Synth 8-7129] Port sw[12] in module top_level is either unconnected or has no load
WARNING: [Synth 8-7129] Port sw[11] in module top_level is either unconnected or has no load
WARNING: [Synth 8-7129] Port sw[10] in module top_level is either unconnected or has no load
WARNING: [Synth 8-7129] Port sw[9] in module top_level is either unconnected or has no load
WARNING: [Synth 8-7129] Port sw[8] in module top_level is either unconnected or has no load
WARNING: [Synth 8-7129] Port sw[7] in module top_level is either unconnected or has no load
WARNING: [Synth 8-7129] Port sw[6] in module top_level is either unconnected or has no load
WARNING: [Synth 8-7129] Port sw[5] in module top_level is either unconnected or has no load
WARNING: [Synth 8-7129] Port sw[4] in module top_level is either unconnected or has no load
WARNING: [Synth 8-7129] Port sw[3] in module top_level is either unconnected or has no load
WARNING: [Synth 8-7129] Port sw[2] in module top_level is either unconnected or has no load
WARNING: [Synth 8-7129] Port sw[1] in module top_level is either unconnected or has no load
WARNING: [Synth 8-7129] Port btn[3] in module top_level is either unconnected or has no load
WARNING: [Synth 8-7129] Port btn[2] in module top_level is either unconnected or has no load
WARNING: [Synth 8-7129] Port btn[1] in module top_level is either unconnected or has no load
WARNING: [Synth 8-6014] Unused sequential element audio_bram/BRAM_reg was removed. 
WARNING: [Synth 8-3332] Sequential element (uart_tx/busy_reg) is unused and will be removed from module top_level.
---------------------------------------------------------------------------------
Finished Cross Boundary and Area Optimization : Time (s): cpu = 00:00:20 ; elapsed = 00:00:20 . Memory (MB): peak = 2352.969 ; gain = 702.484 ; free physical = 4585 ; free virtual = 39519
---------------------------------------------------------------------------------
---------------------------------------------------------------------------------
Start ROM, RAM, DSP, Shift Register and Retiming Reporting
---------------------------------------------------------------------------------

Block RAM: Preliminary Mapping Report (see note below)
+------------+---------------------+------------------------+---+---+------------------------+---+---+------------------+--------+--------+
|Module Name | RTL Object          | PORT A (Depth x Width) | W | R | PORT B (Depth x Width) | W | R | Ports driving FF | RAMB18 | RAMB36 | 
+------------+---------------------+------------------------+---+---+------------------------+---+---+------------------+--------+--------+
|top_level   | audio_bram/BRAM_reg | 39 K x 8(READ_FIRST)   | W |   | 39 K x 8(WRITE_FIRST)  |   | R | Port A and B     | 0      | 16     | 
+------------+---------------------+------------------------+---+---+------------------------+---+---+------------------+--------+--------+

Note: The table above is a preliminary report that shows the Block RAMs at the current stage of the synthesis flow. Some Block RAMs may be reimplemented as non Block RAM primitives later in the synthesis flow. Multiple instantiated Block RAMs are reported only once. 
---------------------------------------------------------------------------------
Finished ROM, RAM, DSP, Shift Register and Retiming Reporting
---------------------------------------------------------------------------------
---------------------------------------------------------------------------------
Start Applying XDC Timing Constraints
---------------------------------------------------------------------------------
---------------------------------------------------------------------------------
Finished Applying XDC Timing Constraints : Time (s): cpu = 00:00:26 ; elapsed = 00:00:26 . Memory (MB): peak = 2360.969 ; gain = 710.484 ; free physical = 4585 ; free virtual = 39520
---------------------------------------------------------------------------------
---------------------------------------------------------------------------------
Start Timing Optimization
---------------------------------------------------------------------------------
---------------------------------------------------------------------------------
Finished Timing Optimization : Time (s): cpu = 00:00:26 ; elapsed = 00:00:26 . Memory (MB): peak = 2361.969 ; gain = 711.484 ; free physical = 4589 ; free virtual = 39523
---------------------------------------------------------------------------------
---------------------------------------------------------------------------------
Start ROM, RAM, DSP, Shift Register and Retiming Reporting
---------------------------------------------------------------------------------

Block RAM: Final Mapping Report
+------------+---------------------+------------------------+---+---+------------------------+---+---+------------------+--------+--------+
|Module Name | RTL Object          | PORT A (Depth x Width) | W | R | PORT B (Depth x Width) | W | R | Ports driving FF | RAMB18 | RAMB36 | 
+------------+---------------------+------------------------+---+---+------------------------+---+---+------------------+--------+--------+
|top_level   | audio_bram/BRAM_reg | 39 K x 8(READ_FIRST)   | W |   | 39 K x 8(WRITE_FIRST)  |   | R | Port A and B     | 0      | 16     | 
+------------+---------------------+------------------------+---+---+------------------------+---+---+------------------+--------+--------+

---------------------------------------------------------------------------------
Finished ROM, RAM, DSP, Shift Register and Retiming Reporting
---------------------------------------------------------------------------------
---------------------------------------------------------------------------------
Start Technology Mapping
---------------------------------------------------------------------------------
---------------------------------------------------------------------------------
Finished Technology Mapping : Time (s): cpu = 00:00:26 ; elapsed = 00:00:26 . Memory (MB): peak = 2388.000 ; gain = 737.516 ; free physical = 4563 ; free virtual = 39498
---------------------------------------------------------------------------------
---------------------------------------------------------------------------------
Start IO Insertion
---------------------------------------------------------------------------------
---------------------------------------------------------------------------------
Start Flattening Before IO Insertion
---------------------------------------------------------------------------------
---------------------------------------------------------------------------------
Finished Flattening Before IO Insertion
---------------------------------------------------------------------------------
---------------------------------------------------------------------------------
Start Final Netlist Cleanup
---------------------------------------------------------------------------------
---------------------------------------------------------------------------------
Finished Final Netlist Cleanup
---------------------------------------------------------------------------------
---------------------------------------------------------------------------------
Finished IO Insertion : Time (s): cpu = 00:00:29 ; elapsed = 00:00:30 . Memory (MB): peak = 2548.812 ; gain = 898.328 ; free physical = 4424 ; free virtual = 39358
---------------------------------------------------------------------------------
---------------------------------------------------------------------------------
Start Renaming Generated Instances
---------------------------------------------------------------------------------
---------------------------------------------------------------------------------
Finished Renaming Generated Instances : Time (s): cpu = 00:00:29 ; elapsed = 00:00:30 . Memory (MB): peak = 2548.812 ; gain = 898.328 ; free physical = 4424 ; free virtual = 39358
---------------------------------------------------------------------------------
CRITICAL WARNING: [Synth 8-6859] multi-driven net on pin uart_rx/rx_buffer[7] with 1st driver pin 'uart_rx/rx_buffer_reg[7]__0/Q' [/home/maxwellmorris/repos/Tommy_FPGA/MIT_6.205/Week3/top_level/hdl/UART_receive.sv:50]
CRITICAL WARNING: [Synth 8-6859] multi-driven net on pin uart_rx/rx_buffer[7] with 2nd driver pin 'uart_rx/rx_buffer_reg[7]/Q' [/home/maxwellmorris/repos/Tommy_FPGA/MIT_6.205/Week3/top_level/hdl/UART_receive.sv:152]
CRITICAL WARNING: [Synth 8-6859] multi-driven net on pin uart_rx/rx_buffer[6] with 1st driver pin 'uart_rx/rx_buffer_reg[6]__0/Q' [/home/maxwellmorris/repos/Tommy_FPGA/MIT_6.205/Week3/top_level/hdl/UART_receive.sv:50]
CRITICAL WARNING: [Synth 8-6859] multi-driven net on pin uart_rx/rx_buffer[6] with 2nd driver pin 'uart_rx/rx_buffer_reg[6]/Q' [/home/maxwellmorris/repos/Tommy_FPGA/MIT_6.205/Week3/top_level/hdl/UART_receive.sv:152]
CRITICAL WARNING: [Synth 8-6859] multi-driven net on pin uart_rx/rx_buffer[5] with 1st driver pin 'uart_rx/rx_buffer_reg[5]__0/Q' [/home/maxwellmorris/repos/Tommy_FPGA/MIT_6.205/Week3/top_level/hdl/UART_receive.sv:50]
CRITICAL WARNING: [Synth 8-6859] multi-driven net on pin uart_rx/rx_buffer[5] with 2nd driver pin 'uart_rx/rx_buffer_reg[5]/Q' [/home/maxwellmorris/repos/Tommy_FPGA/MIT_6.205/Week3/top_level/hdl/UART_receive.sv:152]
CRITICAL WARNING: [Synth 8-6859] multi-driven net on pin uart_rx/rx_buffer[4] with 1st driver pin 'uart_rx/rx_buffer_reg[4]__0/Q' [/home/maxwellmorris/repos/Tommy_FPGA/MIT_6.205/Week3/top_level/hdl/UART_receive.sv:50]
CRITICAL WARNING: [Synth 8-6859] multi-driven net on pin uart_rx/rx_buffer[4] with 2nd driver pin 'uart_rx/rx_buffer_reg[4]/Q' [/home/maxwellmorris/repos/Tommy_FPGA/MIT_6.205/Week3/top_level/hdl/UART_receive.sv:152]
CRITICAL WARNING: [Synth 8-6859] multi-driven net on pin uart_rx/rx_buffer[3] with 1st driver pin 'uart_rx/rx_buffer_reg[3]__0/Q' [/home/maxwellmorris/repos/Tommy_FPGA/MIT_6.205/Week3/top_level/hdl/UART_receive.sv:50]
CRITICAL WARNING: [Synth 8-6859] multi-driven net on pin uart_rx/rx_buffer[3] with 2nd driver pin 'uart_rx/rx_buffer_reg[3]/Q' [/home/maxwellmorris/repos/Tommy_FPGA/MIT_6.205/Week3/top_level/hdl/UART_receive.sv:152]
CRITICAL WARNING: [Synth 8-6859] multi-driven net on pin uart_rx/rx_buffer[2] with 1st driver pin 'uart_rx/rx_buffer_reg[2]__0/Q' [/home/maxwellmorris/repos/Tommy_FPGA/MIT_6.205/Week3/top_level/hdl/UART_receive.sv:50]
CRITICAL WARNING: [Synth 8-6859] multi-driven net on pin uart_rx/rx_buffer[2] with 2nd driver pin 'uart_rx/rx_buffer_reg[2]/Q' [/home/maxwellmorris/repos/Tommy_FPGA/MIT_6.205/Week3/top_level/hdl/UART_receive.sv:152]
CRITICAL WARNING: [Synth 8-6859] multi-driven net on pin uart_rx/rx_buffer[1] with 1st driver pin 'uart_rx/rx_buffer_reg[1]__0/Q' [/home/maxwellmorris/repos/Tommy_FPGA/MIT_6.205/Week3/top_level/hdl/UART_receive.sv:50]
CRITICAL WARNING: [Synth 8-6859] multi-driven net on pin uart_rx/rx_buffer[1] with 2nd driver pin 'uart_rx/rx_buffer_reg[1]/Q' [/home/maxwellmorris/repos/Tommy_FPGA/MIT_6.205/Week3/top_level/hdl/UART_receive.sv:152]
CRITICAL WARNING: [Synth 8-6859] multi-driven net on pin uart_rx/rx_buffer[0] with 1st driver pin 'uart_rx/rx_buffer_reg[0]__0/Q' [/home/maxwellmorris/repos/Tommy_FPGA/MIT_6.205/Week3/top_level/hdl/UART_receive.sv:50]
CRITICAL WARNING: [Synth 8-6859] multi-driven net on pin uart_rx/rx_buffer[0] with 2nd driver pin 'uart_rx/rx_buffer_reg[0]/Q' [/home/maxwellmorris/repos/Tommy_FPGA/MIT_6.205/Week3/top_level/hdl/UART_receive.sv:152]

Report Check Netlist: 
+------+------------------+-------+---------+-------+------------------+
|      |Item              |Errors |Warnings |Status |Description       |
+------+------------------+-------+---------+-------+------------------+
|1     |multi_driven_nets |      0|        8|Failed |Multi driven nets |
+------+------------------+-------+---------+-------+------------------+
---------------------------------------------------------------------------------
Start Rebuilding User Hierarchy
---------------------------------------------------------------------------------
---------------------------------------------------------------------------------
Finished Rebuilding User Hierarchy : Time (s): cpu = 00:00:29 ; elapsed = 00:00:30 . Memory (MB): peak = 2548.812 ; gain = 898.328 ; free physical = 4424 ; free virtual = 39358
---------------------------------------------------------------------------------
---------------------------------------------------------------------------------
Start Renaming Generated Ports
---------------------------------------------------------------------------------
---------------------------------------------------------------------------------
Finished Renaming Generated Ports : Time (s): cpu = 00:00:29 ; elapsed = 00:00:30 . Memory (MB): peak = 2548.812 ; gain = 898.328 ; free physical = 4424 ; free virtual = 39358
---------------------------------------------------------------------------------
---------------------------------------------------------------------------------
Start Handling Custom Attributes
---------------------------------------------------------------------------------
---------------------------------------------------------------------------------
Finished Handling Custom Attributes : Time (s): cpu = 00:00:29 ; elapsed = 00:00:30 . Memory (MB): peak = 2551.781 ; gain = 901.297 ; free physical = 4416 ; free virtual = 39350
---------------------------------------------------------------------------------
---------------------------------------------------------------------------------
Start Renaming Generated Nets
---------------------------------------------------------------------------------
---------------------------------------------------------------------------------
Finished Renaming Generated Nets : Time (s): cpu = 00:00:29 ; elapsed = 00:00:30 . Memory (MB): peak = 2551.781 ; gain = 901.297 ; free physical = 4416 ; free virtual = 39350
---------------------------------------------------------------------------------
---------------------------------------------------------------------------------
Start Writing Synthesis Report
---------------------------------------------------------------------------------

Report BlackBoxes: 
+-+--------------+----------+
| |BlackBox name |Instances |
+-+--------------+----------+
+-+--------------+----------+

Report Cell Usage: 
+------+---------+------+
|      |Cell     |Count |
+------+---------+------+
|1     |BUFG     |     3|
|2     |CARRY4   |    66|
|3     |LUT1     |     8|
|4     |LUT2     |    24|
|5     |LUT3     |    75|
|6     |LUT4     |    94|
|7     |LUT5     |    69|
|8     |LUT6     |    49|
|9     |RAMB36E1 |    16|
|11    |FDRE     |   282|
|12    |FDSE     |    26|
|13    |LD       |   112|
|14    |LDC      |     5|
|15    |IBUF     |     5|
|16    |OBUF     |    34|
+------+---------+------+
---------------------------------------------------------------------------------
Finished Writing Synthesis Report : Time (s): cpu = 00:00:29 ; elapsed = 00:00:30 . Memory (MB): peak = 2551.781 ; gain = 901.297 ; free physical = 4416 ; free virtual = 39350
---------------------------------------------------------------------------------
Synthesis finished with 0 errors, 16 critical warnings and 44 warnings.
Synthesis Optimization Runtime : Time (s): cpu = 00:00:27 ; elapsed = 00:00:28 . Memory (MB): peak = 2551.781 ; gain = 779.492 ; free physical = 4416 ; free virtual = 39350
Synthesis Optimization Complete : Time (s): cpu = 00:00:29 ; elapsed = 00:00:30 . Memory (MB): peak = 2551.789 ; gain = 901.297 ; free physical = 4416 ; free virtual = 39350
INFO: [Project 1-571] Translating synthesized netlist
Netlist sorting complete. Time (s): cpu = 00:00:03 ; elapsed = 00:00:00.01 . Memory (MB): peak = 2551.789 ; gain = 0.000 ; free physical = 4580 ; free virtual = 39515
INFO: [Netlist 29-17] Analyzing 199 Unisim elements for replacement
INFO: [Netlist 29-28] Unisim Transformation completed in 0 CPU seconds
INFO: [Project 1-570] Preparing netlist for logic optimization
Parsing XDC File [/home/maxwellmorris/repos/Tommy_FPGA/MIT_6.205/Week3/top_level/xdc/top_level.xdc]
Finished Parsing XDC File [/home/maxwellmorris/repos/Tommy_FPGA/MIT_6.205/Week3/top_level/xdc/top_level.xdc]
INFO: [Opt 31-47] Cell absorbed into downstream logic: LUT1 cell uart_tx/dout_reg_i_2 driving pin uart_tx/dout_reg/G of uart_tx/dout_reg.
INFO: [Opt 31-47] Cell absorbed into downstream logic: LUT1 cell uart_tx/dout_reg_i_2 driving pin uart_tx/next_count_reg[0]/G of uart_tx/next_count_reg[0].
INFO: [Opt 31-47] Cell absorbed into downstream logic: LUT1 cell uart_tx/dout_reg_i_2 driving pin uart_tx/next_count_reg[10]/G of uart_tx/next_count_reg[10].
INFO: [Opt 31-47] Cell absorbed into downstream logic: LUT1 cell uart_tx/dout_reg_i_2 driving pin uart_tx/next_count_reg[11]/G of uart_tx/next_count_reg[11].
INFO: [Opt 31-47] Cell absorbed into downstream logic: LUT1 cell uart_tx/dout_reg_i_2 driving pin uart_tx/next_count_reg[12]/G of uart_tx/next_count_reg[12].
INFO: [Opt 31-47] Cell absorbed into downstream logic: LUT1 cell uart_tx/dout_reg_i_2 driving pin uart_tx/next_count_reg[13]/G of uart_tx/next_count_reg[13].
INFO: [Opt 31-47] Cell absorbed into downstream logic: LUT1 cell uart_tx/dout_reg_i_2 driving pin uart_tx/next_count_reg[14]/G of uart_tx/next_count_reg[14].
INFO: [Opt 31-47] Cell absorbed into downstream logic: LUT1 cell uart_tx/dout_reg_i_2 driving pin uart_tx/next_count_reg[15]/G of uart_tx/next_count_reg[15].
INFO: [Opt 31-47] Cell absorbed into downstream logic: LUT1 cell uart_tx/dout_reg_i_2 driving pin uart_tx/next_count_reg[16]/G of uart_tx/next_count_reg[16].
INFO: [Opt 31-47] Cell absorbed into downstream logic: LUT1 cell uart_tx/dout_reg_i_2 driving pin uart_tx/next_count_reg[17]/G of uart_tx/next_count_reg[17].
INFO: [Opt 31-47] Cell absorbed into downstream logic: LUT1 cell uart_tx/dout_reg_i_2 driving pin uart_tx/next_count_reg[18]/G of uart_tx/next_count_reg[18].
INFO: [Opt 31-47] Cell absorbed into downstream logic: LUT1 cell uart_tx/dout_reg_i_2 driving pin uart_tx/next_count_reg[19]/G of uart_tx/next_count_reg[19].
INFO: [Opt 31-47] Cell absorbed into downstream logic: LUT1 cell uart_tx/dout_reg_i_2 driving pin uart_tx/next_count_reg[1]/G of uart_tx/next_count_reg[1].
INFO: [Opt 31-47] Cell absorbed into downstream logic: LUT1 cell uart_tx/dout_reg_i_2 driving pin uart_tx/next_count_reg[20]/G of uart_tx/next_count_reg[20].
INFO: [Opt 31-47] Cell absorbed into downstream logic: LUT1 cell uart_tx/dout_reg_i_2 driving pin uart_tx/next_count_reg[21]/G of uart_tx/next_count_reg[21].
INFO: [Opt 31-47] Cell absorbed into downstream logic: LUT1 cell uart_tx/dout_reg_i_2 driving pin uart_tx/next_count_reg[22]/G of uart_tx/next_count_reg[22].
INFO: [Opt 31-47] Cell absorbed into downstream logic: LUT1 cell uart_tx/dout_reg_i_2 driving pin uart_tx/next_count_reg[23]/G of uart_tx/next_count_reg[23].
INFO: [Opt 31-47] Cell absorbed into downstream logic: LUT1 cell uart_tx/dout_reg_i_2 driving pin uart_tx/next_count_reg[24]/G of uart_tx/next_count_reg[24].
INFO: [Opt 31-47] Cell absorbed into downstream logic: LUT1 cell uart_tx/dout_reg_i_2 driving pin uart_tx/next_count_reg[25]/G of uart_tx/next_count_reg[25].
INFO: [Opt 31-47] Cell absorbed into downstream logic: LUT1 cell uart_tx/dout_reg_i_2 driving pin uart_tx/next_count_reg[26]/G of uart_tx/next_count_reg[26].
INFO: [Opt 31-47] Cell absorbed into downstream logic: LUT1 cell uart_tx/dout_reg_i_2 driving pin uart_tx/next_count_reg[27]/G of uart_tx/next_count_reg[27].
INFO: [Opt 31-47] Cell absorbed into downstream logic: LUT1 cell uart_tx/dout_reg_i_2 driving pin uart_tx/next_count_reg[28]/G of uart_tx/next_count_reg[28].
INFO: [Opt 31-47] Cell absorbed into downstream logic: LUT1 cell uart_tx/dout_reg_i_2 driving pin uart_tx/next_count_reg[29]/G of uart_tx/next_count_reg[29].
INFO: [Opt 31-47] Cell absorbed into downstream logic: LUT1 cell uart_tx/dout_reg_i_2 driving pin uart_tx/next_count_reg[2]/G of uart_tx/next_count_reg[2].
INFO: [Opt 31-47] Cell absorbed into downstream logic: LUT1 cell uart_tx/dout_reg_i_2 driving pin uart_tx/next_count_reg[30]/G of uart_tx/next_count_reg[30].
INFO: [Opt 31-47] Cell absorbed into downstream logic: LUT1 cell uart_tx/dout_reg_i_2 driving pin uart_tx/next_count_reg[31]/G of uart_tx/next_count_reg[31].
INFO: [Opt 31-47] Cell absorbed into downstream logic: LUT1 cell uart_tx/dout_reg_i_2 driving pin uart_tx/next_count_reg[3]/G of uart_tx/next_count_reg[3].
INFO: [Opt 31-47] Cell absorbed into downstream logic: LUT1 cell uart_tx/dout_reg_i_2 driving pin uart_tx/next_count_reg[4]/G of uart_tx/next_count_reg[4].
INFO: [Opt 31-47] Cell absorbed into downstream logic: LUT1 cell uart_tx/dout_reg_i_2 driving pin uart_tx/next_count_reg[5]/G of uart_tx/next_count_reg[5].
INFO: [Opt 31-47] Cell absorbed into downstream logic: LUT1 cell uart_tx/dout_reg_i_2 driving pin uart_tx/next_count_reg[6]/G of uart_tx/next_count_reg[6].
INFO: [Opt 31-47] Cell absorbed into downstream logic: LUT1 cell uart_tx/dout_reg_i_2 driving pin uart_tx/next_count_reg[7]/G of uart_tx/next_count_reg[7].
INFO: [Opt 31-47] Cell absorbed into downstream logic: LUT1 cell uart_tx/dout_reg_i_2 driving pin uart_tx/next_count_reg[8]/G of uart_tx/next_count_reg[8].
INFO: [Opt 31-47] Cell absorbed into downstream logic: LUT1 cell uart_tx/dout_reg_i_2 driving pin uart_tx/next_count_reg[9]/G of uart_tx/next_count_reg[9].
INFO: [Opt 31-138] Pushed 1 inverter(s) to 33 load pin(s).
Netlist sorting complete. Time (s): cpu = 00:00:00 ; elapsed = 00:00:00 . Memory (MB): peak = 2575.793 ; gain = 0.000 ; free physical = 4581 ; free virtual = 39516
INFO: [Project 1-111] Unisim Transformation Summary:
  A total of 117 instances were transformed.
  LD => LDCE: 79 instances
  LD => LDCE (inverted pins: G): 33 instances
  LDC => LDCE: 5 instances

Synth Design complete | Checksum: cbf48f8d
INFO: [Common 17-83] Releasing license: Synthesis
71 Infos, 83 Warnings, 16 Critical Warnings and 0 Errors encountered.
synth_design completed successfully
synth_design: Time (s): cpu = 00:00:38 ; elapsed = 00:00:36 . Memory (MB): peak = 2575.828 ; gain = 1058.625 ; free physical = 4581 ; free virtual = 39515
INFO: [Common 17-2834] synth_design peak Physical Memory [PSS] (MB): overall = 2007.923; main = 2007.923; forked = 333.352
INFO: [Common 17-2834] synth_design peak Virtual Memory [VSS] (MB): overall = 3308.148; main = 2575.793; forked = 955.180
# report_timing_summary -file $outputDir/post_synth_timing_summary.rpt
INFO: [Timing 38-35] Done setting XDC timing constraints.
INFO: [Timing 38-91] UpdateTimingParams: Speed grade: -1, Delay Type: min_max.
INFO: [Timing 38-191] Multithreading enabled for timing update using a maximum of 4 CPUs
report_timing_summary: Time (s): cpu = 00:00:06 ; elapsed = 00:00:06 . Memory (MB): peak = 2637.543 ; gain = 61.715 ; free physical = 4516 ; free virtual = 39451
# report_utilization -file $outputDir/post_synth_util.rpt -hierarchical -hierarchical_depth 4 -hierarchical_min_primitive_count 0
# report_timing -file $outputDir/post_synth_timing.rpt
INFO: [Timing 38-91] UpdateTimingParams: Speed grade: -1, Delay Type: max.
INFO: [Timing 38-191] Multithreading enabled for timing update using a maximum of 4 CPUs
INFO: [Timing 38-78] ReportTimingParams: -max_paths 1 -nworst 1 -delay_type max -sort_by slack.
# opt_design
Command: opt_design
Attempting to get a license for feature 'Implementation' and/or device 'xc7s50'
INFO: [Common 17-349] Got license for feature 'Implementation' and/or device 'xc7s50'
Running DRC as a precondition to command opt_design

Starting DRC Task
INFO: [DRC 23-27] Running DRC with 4 threads
ERROR: [DRC MDRV-1] Multiple Driver Nets: Net uart_rx/rx_buffer[0] has multiple drivers: uart_rx/rx_buffer_reg[0]/Q, and uart_rx/rx_buffer_reg[0]__0/Q.
ERROR: [DRC MDRV-1] Multiple Driver Nets: Net uart_rx/rx_buffer[1] has multiple drivers: uart_rx/rx_buffer_reg[1]/Q, and uart_rx/rx_buffer_reg[1]__0/Q.
ERROR: [DRC MDRV-1] Multiple Driver Nets: Net uart_rx/rx_buffer[2] has multiple drivers: uart_rx/rx_buffer_reg[2]/Q, and uart_rx/rx_buffer_reg[2]__0/Q.
ERROR: [DRC MDRV-1] Multiple Driver Nets: Net uart_rx/rx_buffer[3] has multiple drivers: uart_rx/rx_buffer_reg[3]/Q, and uart_rx/rx_buffer_reg[3]__0/Q.
ERROR: [DRC MDRV-1] Multiple Driver Nets: Net uart_rx/rx_buffer[4] has multiple drivers: uart_rx/rx_buffer_reg[4]/Q, and uart_rx/rx_buffer_reg[4]__0/Q.
ERROR: [DRC MDRV-1] Multiple Driver Nets: Net uart_rx/rx_buffer[5] has multiple drivers: uart_rx/rx_buffer_reg[5]/Q, and uart_rx/rx_buffer_reg[5]__0/Q.
ERROR: [DRC MDRV-1] Multiple Driver Nets: Net uart_rx/rx_buffer[6] has multiple drivers: uart_rx/rx_buffer_reg[6]/Q, and uart_rx/rx_buffer_reg[6]__0/Q.
ERROR: [DRC MDRV-1] Multiple Driver Nets: Net uart_rx/rx_buffer[7] has multiple drivers: uart_rx/rx_buffer_reg[7]__0/Q, and uart_rx/rx_buffer_reg[7]/Q.
INFO: [Project 1-461] DRC finished with 8 Errors
INFO: [Project 1-462] Please refer to the DRC report (report_drc) for more information.
ERROR: [Vivado_Tcl 4-78] Error(s) found during DRC. Opt_design not run.

Time (s): cpu = 00:00:03 ; elapsed = 00:00:00.93 . Memory (MB): peak = 2718.793 ; gain = 81.250 ; free physical = 4444 ; free virtual = 39381
INFO: [Common 17-83] Releasing license: Implementation
5 Infos, 0 Warnings, 0 Critical Warnings and 9 Errors encountered.
opt_design failed
ERROR: [Common 17-39] 'opt_design' failed due to earlier errors.

    while executing
"opt_design"
    (file "build.tcl" line 65)
INFO: [Common 17-206] Exiting Vivado at Sat Jun 20 18:24:09 2026...
