#-----------------------------------------------------------
# Vivado v2025.1 (64-bit)
# SW Build 6140274 on Wed May 21 22:58:25 MDT 2025
# IP Build 6138677 on Thu May 22 03:10:11 MDT 2025
# SharedData Build 6139179 on Tue May 20 17:58:58 MDT 2025
# Start of session at: Fri Jun 19 13:15:00 2026
# Process ID         : 66948
# Current directory  : /home/maxwellmorris/repos/Tommy_FPGA/MIT_6.205/Week3/top_level
# Command line       : vivado -mode batch -source build.tcl
# Log file           : /home/maxwellmorris/repos/Tommy_FPGA/MIT_6.205/Week3/top_level/vivado.log
# Journal file       : /home/maxwellmorris/repos/Tommy_FPGA/MIT_6.205/Week3/top_level/vivado.jou
# Running On         : debian12machine
# Platform           : Debian
# Operating System   : Debian GNU/Linux 12 (bookworm)
# Processor Detail   : AMD Ryzen 5 2600 Six-Core Processor
# CPU Frequency      : 2502.770 MHz
# CPU Physical cores : 6
# CPU Logical cores  : 12
# Host memory        : 16709 MB
# Swap memory        : 32000 MB
# Total Virtual      : 48709 MB
# Available Virtual  : 39940 MB
#-----------------------------------------------------------
source build.tcl
# set_param general.maxThreads 4
# set partNum xc7s50csga324-1
# set outputDir obj
# file mkdir $outputDir
# set files [glob -nocomplain "$outputDir/*"]
# if {[llength $files] != 0} {
#     # clear folder contents
#     puts "deleting contents of $outputDir"
#     file delete -force {*}[glob -directory $outputDir *];
# } else {
#     puts "$outputDir is empty"
# }
obj is empty
# set sources_sv [ glob ./hdl/*.sv ]
# read_verilog -sv $sources_sv
# set sources_v [ glob -nocomplain ./hdl/*.v ]
# if {[llength $sources_v] > 0 } {
#     read_verilog $sources_v
# }
# read_xdc [ glob ./xdc/*.xdc ]
# set sources_mem [ glob -nocomplain ./data/*.mem ]
# if {[llength $sources_mem] > 0} {
#     read_mem $sources_mem
# }
# set_part $partNum
INFO: [Coretcl 2-1500] The part has been set to 'xc7s50csga324-1' for the current project only. Run set_part -help for more details. To evaluate different speed grades in the current design, use the set_speed_grade command, or use the open_checkpoint -part command to change the part used by an existing checkpoint design.
# set sources_ip [ glob -nocomplain -directory ./ip -tails * ]
# puts $sources_ip

# foreach ip_source $sources_ip {
#     if {[file isdirectory ./ip/$ip_source]} {
# 	read_ip ./ip/$ip_source/$ip_source.xci
#     }
# }
WARNING: [Coretcl 2-176] No IPs found
# generate_target all [get_ips]
WARNING: [Coretcl 2-176] No IPs found
# synth_ip [get_ips]
INFO: [Vivado 12-3441] generate_netlist_ip - operation complete
# synth_design -top top_level -part $partNum -verbose
Command: synth_design -top top_level -part xc7s50csga324-1 -verbose
Starting synth_design
Attempting to get a license for feature 'Synthesis' and/or device 'xc7s50'
INFO: [Common 17-349] Got license for feature 'Synthesis' and/or device 'xc7s50'
INFO: [Device 21-403] Loading part xc7s50csga324-1
INFO: [Synth 8-7079] Multithreading enabled for synth_design using a maximum of 4 processes.
INFO: [Synth 8-7078] Launching helper process for spawning children vivado processes
INFO: [Synth 8-7075] Helper process launched with PID 66975
---------------------------------------------------------------------------------
Starting RTL Elaboration : Time (s): cpu = 00:00:04 ; elapsed = 00:00:05 . Memory (MB): peak = 2090.066 ; gain = 439.742 ; free physical = 948 ; free virtual = 36941
---------------------------------------------------------------------------------
INFO: [Synth 8-6157] synthesizing module 'top_level' [/home/maxwellmorris/repos/Tommy_FPGA/MIT_6.205/Week3/top_level/hdl/top_level.sv:3]
INFO: [Synth 8-6157] synthesizing module 'counter' [/home/maxwellmorris/repos/Tommy_FPGA/MIT_6.205/Week3/top_level/hdl/counter.sv:1]
INFO: [Synth 8-6155] done synthesizing module 'counter' (0#1) [/home/maxwellmorris/repos/Tommy_FPGA/MIT_6.205/Week3/top_level/hdl/counter.sv:1]
INFO: [Synth 8-6157] synthesizing module 'spi_con' [/home/maxwellmorris/repos/Tommy_FPGA/MIT_6.205/Week3/top_level/hdl/spi_con.sv:4]
	Parameter DATA_WIDTH bound to: 17 - type: integer 
	Parameter DATA_CLK_PERIOD bound to: 50 - type: integer 
INFO: [Synth 8-6155] done synthesizing module 'spi_con' (0#1) [/home/maxwellmorris/repos/Tommy_FPGA/MIT_6.205/Week3/top_level/hdl/spi_con.sv:4]
INFO: [Synth 8-6157] synthesizing module 'pwm' [/home/maxwellmorris/repos/Tommy_FPGA/MIT_6.205/Week3/top_level/hdl/pwm.sv:1]
INFO: [Synth 8-6155] done synthesizing module 'pwm' (0#1) [/home/maxwellmorris/repos/Tommy_FPGA/MIT_6.205/Week3/top_level/hdl/pwm.sv:1]
INFO: [Synth 8-6157] synthesizing module 'UART_transmit' [/home/maxwellmorris/repos/Tommy_FPGA/MIT_6.205/Week3/top_level/hdl/UART_transmit.sv:4]
	Parameter INPUT_CLOCK_FREQ bound to: 100000000 - type: integer 
	Parameter BAUD_RATE bound to: 115200 - type: integer 
INFO: [Synth 8-155] case statement is not full and has no default [/home/maxwellmorris/repos/Tommy_FPGA/MIT_6.205/Week3/top_level/hdl/UART_transmit.sv:41]
INFO: [Synth 8-6155] done synthesizing module 'UART_transmit' (0#1) [/home/maxwellmorris/repos/Tommy_FPGA/MIT_6.205/Week3/top_level/hdl/UART_transmit.sv:4]
INFO: [Synth 8-6155] done synthesizing module 'top_level' (0#1) [/home/maxwellmorris/repos/Tommy_FPGA/MIT_6.205/Week3/top_level/hdl/top_level.sv:3]
WARNING: [Synth 8-87] always_comb on 'next_state_reg' did not result in combinational logic [/home/maxwellmorris/repos/Tommy_FPGA/MIT_6.205/Week3/top_level/hdl/UART_transmit.sv:37]
WARNING: [Synth 8-87] always_comb on 'busy_reg' did not result in combinational logic [/home/maxwellmorris/repos/Tommy_FPGA/MIT_6.205/Week3/top_level/hdl/UART_transmit.sv:44]
WARNING: [Synth 8-87] always_comb on 'dout_reg' did not result in combinational logic [/home/maxwellmorris/repos/Tommy_FPGA/MIT_6.205/Week3/top_level/hdl/UART_transmit.sv:45]
WARNING: [Synth 8-87] always_comb on 'next_count_reg' did not result in combinational logic [/home/maxwellmorris/repos/Tommy_FPGA/MIT_6.205/Week3/top_level/hdl/UART_transmit.sv:46]
WARNING: [Synth 8-87] always_comb on 'next_bit_num_reg' did not result in combinational logic [/home/maxwellmorris/repos/Tommy_FPGA/MIT_6.205/Week3/top_level/hdl/UART_transmit.sv:47]
WARNING: [Synth 8-87] always_comb on 'next_tx_buffer_reg' did not result in combinational logic [/home/maxwellmorris/repos/Tommy_FPGA/MIT_6.205/Week3/top_level/hdl/UART_transmit.sv:48]
WARNING: [Synth 8-3848] Net led in module/entity top_level does not have driver. [/home/maxwellmorris/repos/Tommy_FPGA/MIT_6.205/Week3/top_level/hdl/top_level.sv:8]
WARNING: [Synth 8-3917] design top_level has port rgb0[2] driven by constant 0
WARNING: [Synth 8-3917] design top_level has port rgb0[1] driven by constant 0
WARNING: [Synth 8-3917] design top_level has port rgb0[0] driven by constant 0
WARNING: [Synth 8-3917] design top_level has port rgb1[2] driven by constant 0
WARNING: [Synth 8-3917] design top_level has port rgb1[1] driven by constant 0
WARNING: [Synth 8-3917] design top_level has port rgb1[0] driven by constant 0
WARNING: [Synth 8-7129] Port led[15] in module top_level is either unconnected or has no load
WARNING: [Synth 8-7129] Port led[14] in module top_level is either unconnected or has no load
WARNING: [Synth 8-7129] Port led[13] in module top_level is either unconnected or has no load
WARNING: [Synth 8-7129] Port led[12] in module top_level is either unconnected or has no load
WARNING: [Synth 8-7129] Port led[11] in module top_level is either unconnected or has no load
WARNING: [Synth 8-7129] Port led[10] in module top_level is either unconnected or has no load
WARNING: [Synth 8-7129] Port led[9] in module top_level is either unconnected or has no load
WARNING: [Synth 8-7129] Port led[8] in module top_level is either unconnected or has no load
WARNING: [Synth 8-7129] Port led[7] in module top_level is either unconnected or has no load
WARNING: [Synth 8-7129] Port led[6] in module top_level is either unconnected or has no load
WARNING: [Synth 8-7129] Port led[5] in module top_level is either unconnected or has no load
WARNING: [Synth 8-7129] Port led[4] in module top_level is either unconnected or has no load
WARNING: [Synth 8-7129] Port led[3] in module top_level is either unconnected or has no load
WARNING: [Synth 8-7129] Port led[2] in module top_level is either unconnected or has no load
WARNING: [Synth 8-7129] Port led[1] in module top_level is either unconnected or has no load
WARNING: [Synth 8-7129] Port led[0] in module top_level is either unconnected or has no load
WARNING: [Synth 8-7129] Port sw[15] in module top_level is either unconnected or has no load
WARNING: [Synth 8-7129] Port sw[14] in module top_level is either unconnected or has no load
WARNING: [Synth 8-7129] Port sw[13] in module top_level is either unconnected or has no load
WARNING: [Synth 8-7129] Port sw[12] in module top_level is either unconnected or has no load
WARNING: [Synth 8-7129] Port sw[11] in module top_level is either unconnected or has no load
WARNING: [Synth 8-7129] Port sw[10] in module top_level is either unconnected or has no load
WARNING: [Synth 8-7129] Port sw[9] in module top_level is either unconnected or has no load
WARNING: [Synth 8-7129] Port sw[8] in module top_level is either unconnected or has no load
WARNING: [Synth 8-7129] Port sw[7] in module top_level is either unconnected or has no load
WARNING: [Synth 8-7129] Port sw[6] in module top_level is either unconnected or has no load
WARNING: [Synth 8-7129] Port sw[5] in module top_level is either unconnected or has no load
WARNING: [Synth 8-7129] Port sw[4] in module top_level is either unconnected or has no load
WARNING: [Synth 8-7129] Port sw[3] in module top_level is either unconnected or has no load
WARNING: [Synth 8-7129] Port sw[2] in module top_level is either unconnected or has no load
WARNING: [Synth 8-7129] Port sw[1] in module top_level is either unconnected or has no load
WARNING: [Synth 8-7129] Port btn[3] in module top_level is either unconnected or has no load
WARNING: [Synth 8-7129] Port btn[2] in module top_level is either unconnected or has no load
WARNING: [Synth 8-7129] Port btn[1] in module top_level is either unconnected or has no load
---------------------------------------------------------------------------------
Finished RTL Elaboration : Time (s): cpu = 00:00:06 ; elapsed = 00:00:06 . Memory (MB): peak = 2165.004 ; gain = 514.680 ; free physical = 862 ; free virtual = 36856
---------------------------------------------------------------------------------
---------------------------------------------------------------------------------
Start Handling Custom Attributes
---------------------------------------------------------------------------------
---------------------------------------------------------------------------------
Finished Handling Custom Attributes : Time (s): cpu = 00:00:06 ; elapsed = 00:00:06 . Memory (MB): peak = 2182.816 ; gain = 532.492 ; free physical = 847 ; free virtual = 36841
---------------------------------------------------------------------------------
---------------------------------------------------------------------------------
Finished RTL Optimization Phase 1 : Time (s): cpu = 00:00:06 ; elapsed = 00:00:06 . Memory (MB): peak = 2182.816 ; gain = 532.492 ; free physical = 847 ; free virtual = 36841
---------------------------------------------------------------------------------
Netlist sorting complete. Time (s): cpu = 00:00:00 ; elapsed = 00:00:00 . Memory (MB): peak = 2182.816 ; gain = 0.000 ; free physical = 847 ; free virtual = 36841
INFO: [Project 1-570] Preparing netlist for logic optimization

Processing XDC Constraints
Initializing timing engine
Parsing XDC File [/home/maxwellmorris/repos/Tommy_FPGA/MIT_6.205/Week3/top_level/xdc/top_level.xdc]
Finished Parsing XDC File [/home/maxwellmorris/repos/Tommy_FPGA/MIT_6.205/Week3/top_level/xdc/top_level.xdc]
INFO: [Project 1-236] Implementation specific constraints were found while reading constraint file [/home/maxwellmorris/repos/Tommy_FPGA/MIT_6.205/Week3/top_level/xdc/top_level.xdc]. These constraints will be ignored for synthesis but will be used in implementation. Impacted constraints are listed in the file [.Xil/top_level_propImpl.xdc].
Resolution: To avoid this warning, move constraints listed in [.Xil/top_level_propImpl.xdc] to another XDC file and exclude this new file from synthesis with the used_in_synthesis property (File Properties dialog in GUI) and re-run elaboration/synthesis.
Completed Processing XDC Constraints

Netlist sorting complete. Time (s): cpu = 00:00:00 ; elapsed = 00:00:00 . Memory (MB): peak = 2306.555 ; gain = 0.000 ; free physical = 769 ; free virtual = 36763
INFO: [Project 1-111] Unisim Transformation Summary:
No Unisim elements were transformed.

Constraint Validation Runtime : Time (s): cpu = 00:00:00 ; elapsed = 00:00:00 . Memory (MB): peak = 2306.590 ; gain = 0.000 ; free physical = 769 ; free virtual = 36762
---------------------------------------------------------------------------------
Finished Constraint Validation : Time (s): cpu = 00:00:13 ; elapsed = 00:00:13 . Memory (MB): peak = 2306.590 ; gain = 656.266 ; free physical = 759 ; free virtual = 36753
---------------------------------------------------------------------------------
---------------------------------------------------------------------------------
Start Loading Part and Timing Information
---------------------------------------------------------------------------------
Loading part: xc7s50csga324-1
---------------------------------------------------------------------------------
Finished Loading Part and Timing Information : Time (s): cpu = 00:00:13 ; elapsed = 00:00:13 . Memory (MB): peak = 2314.559 ; gain = 664.234 ; free physical = 759 ; free virtual = 36753
---------------------------------------------------------------------------------
---------------------------------------------------------------------------------
Start Applying 'set_property' XDC Constraints
---------------------------------------------------------------------------------
---------------------------------------------------------------------------------
Finished applying 'set_property' XDC Constraints : Time (s): cpu = 00:00:13 ; elapsed = 00:00:13 . Memory (MB): peak = 2314.559 ; gain = 664.234 ; free physical = 759 ; free virtual = 36753
---------------------------------------------------------------------------------
INFO: [Synth 8-802] inferred FSM for state register 'state_reg' in module 'UART_transmit'
WARNING: [Synth 8-327] inferring latch for variable 'busy_reg' [/home/maxwellmorris/repos/Tommy_FPGA/MIT_6.205/Week3/top_level/hdl/UART_transmit.sv:44]
WARNING: [Synth 8-327] inferring latch for variable 'FSM_sequential_next_state_reg' [/home/maxwellmorris/repos/Tommy_FPGA/MIT_6.205/Week3/top_level/hdl/UART_transmit.sv:37]
WARNING: [Synth 8-327] inferring latch for variable 'FSM_onehot_next_state_reg' [/home/maxwellmorris/repos/Tommy_FPGA/MIT_6.205/Week3/top_level/hdl/UART_transmit.sv:37]
---------------------------------------------------------------------------------------------------
                   State |                     New Encoding |                Previous Encoding 
---------------------------------------------------------------------------------------------------
                    IDLE |                               00 | 00000000000000000000000000000000
                   START |                               01 | 00000000000000000000000000000001
                    DATA |                               10 | 00000000000000000000000000000010
                    STOP |                               11 | 00000000000000000000000000000011
---------------------------------------------------------------------------------------------------
INFO: [Synth 8-3354] encoded FSM with state register 'state_reg' using encoding 'sequential' in module 'UART_transmit'
WARNING: [Synth 8-327] inferring latch for variable 'FSM_sequential_next_state_reg' [/home/maxwellmorris/repos/Tommy_FPGA/MIT_6.205/Week3/top_level/hdl/UART_transmit.sv:37]
WARNING: [Synth 8-327] inferring latch for variable 'dout_reg' [/home/maxwellmorris/repos/Tommy_FPGA/MIT_6.205/Week3/top_level/hdl/UART_transmit.sv:45]
WARNING: [Synth 8-327] inferring latch for variable 'next_count_reg' [/home/maxwellmorris/repos/Tommy_FPGA/MIT_6.205/Week3/top_level/hdl/UART_transmit.sv:46]
WARNING: [Synth 8-327] inferring latch for variable 'next_bit_num_reg' [/home/maxwellmorris/repos/Tommy_FPGA/MIT_6.205/Week3/top_level/hdl/UART_transmit.sv:47]
WARNING: [Synth 8-327] inferring latch for variable 'next_tx_buffer_reg' [/home/maxwellmorris/repos/Tommy_FPGA/MIT_6.205/Week3/top_level/hdl/UART_transmit.sv:48]
---------------------------------------------------------------------------------
Finished RTL Optimization Phase 2 : Time (s): cpu = 00:00:14 ; elapsed = 00:00:14 . Memory (MB): peak = 2314.559 ; gain = 664.234 ; free physical = 756 ; free virtual = 36751
---------------------------------------------------------------------------------
---------------------------------------------------------------------------------
Start RTL Component Statistics 
---------------------------------------------------------------------------------
Detailed RTL Component Info : 
+---Adders : 
	   2 Input   32 Bit       Adders := 4     
	   2 Input    8 Bit       Adders := 1     
+---Registers : 
	               32 Bit    Registers := 2     
	               17 Bit    Registers := 3     
	                8 Bit    Registers := 4     
	                1 Bit    Registers := 3     
+---Muxes : 
	   2 Input   32 Bit        Muxes := 1     
	   4 Input   32 Bit        Muxes := 1     
	   2 Input   17 Bit        Muxes := 3     
	   2 Input    8 Bit        Muxes := 1     
	   4 Input    8 Bit        Muxes := 2     
	   4 Input    2 Bit        Muxes := 1     
	   2 Input    2 Bit        Muxes := 1     
	   2 Input    1 Bit        Muxes := 19    
	   4 Input    1 Bit        Muxes := 6     
---------------------------------------------------------------------------------
Finished RTL Component Statistics 
---------------------------------------------------------------------------------
---------------------------------------------------------------------------------
Start Part Resource Summary
---------------------------------------------------------------------------------
Part Resources:
DSPs: 120 (col length:60)
BRAMs: 150 (col length: RAMB18 60 RAMB36 30)
---------------------------------------------------------------------------------
Finished Part Resource Summary
---------------------------------------------------------------------------------
---------------------------------------------------------------------------------
Start Cross Boundary and Area Optimization
---------------------------------------------------------------------------------
WARNING: [Synth 8-7080] Parallel synthesis criteria is not met
WARNING: [Synth 8-3917] design top_level has port rgb0[2] driven by constant 0
WARNING: [Synth 8-3917] design top_level has port rgb0[1] driven by constant 0
WARNING: [Synth 8-3917] design top_level has port rgb0[0] driven by constant 0
WARNING: [Synth 8-3917] design top_level has port rgb1[2] driven by constant 0
WARNING: [Synth 8-3917] design top_level has port rgb1[1] driven by constant 0
WARNING: [Synth 8-3917] design top_level has port rgb1[0] driven by constant 0
WARNING: [Synth 8-7129] Port led[15] in module top_level is either unconnected or has no load
WARNING: [Synth 8-7129] Port led[14] in module top_level is either unconnected or has no load
WARNING: [Synth 8-7129] Port led[13] in module top_level is either unconnected or has no load
WARNING: [Synth 8-7129] Port led[12] in module top_level is either unconnected or has no load
WARNING: [Synth 8-7129] Port led[11] in module top_level is either unconnected or has no load
WARNING: [Synth 8-7129] Port led[10] in module top_level is either unconnected or has no load
WARNING: [Synth 8-7129] Port led[9] in module top_level is either unconnected or has no load
WARNING: [Synth 8-7129] Port led[8] in module top_level is either unconnected or has no load
WARNING: [Synth 8-7129] Port led[7] in module top_level is either unconnected or has no load
WARNING: [Synth 8-7129] Port led[6] in module top_level is either unconnected or has no load
WARNING: [Synth 8-7129] Port led[5] in module top_level is either unconnected or has no load
WARNING: [Synth 8-7129] Port led[4] in module top_level is either unconnected or has no load
WARNING: [Synth 8-7129] Port led[3] in module top_level is either unconnected or has no load
WARNING: [Synth 8-7129] Port led[2] in module top_level is either unconnected or has no load
WARNING: [Synth 8-7129] Port led[1] in module top_level is either unconnected or has no load
WARNING: [Synth 8-7129] Port led[0] in module top_level is either unconnected or has no load
WARNING: [Synth 8-7129] Port sw[15] in module top_level is either unconnected or has no load
WARNING: [Synth 8-7129] Port sw[14] in module top_level is either unconnected or has no load
WARNING: [Synth 8-7129] Port sw[13] in module top_level is either unconnected or has no load
WARNING: [Synth 8-7129] Port sw[12] in module top_level is either unconnected or has no load
WARNING: [Synth 8-7129] Port sw[11] in module top_level is either unconnected or has no load
WARNING: [Synth 8-7129] Port sw[10] in module top_level is either unconnected or has no load
WARNING: [Synth 8-7129] Port sw[9] in module top_level is either unconnected or has no load
WARNING: [Synth 8-7129] Port sw[8] in module top_level is either unconnected or has no load
WARNING: [Synth 8-7129] Port sw[7] in module top_level is either unconnected or has no load
WARNING: [Synth 8-7129] Port sw[6] in module top_level is either unconnected or has no load
WARNING: [Synth 8-7129] Port sw[5] in module top_level is either unconnected or has no load
WARNING: [Synth 8-7129] Port sw[4] in module top_level is either unconnected or has no load
WARNING: [Synth 8-7129] Port sw[3] in module top_level is either unconnected or has no load
WARNING: [Synth 8-7129] Port sw[2] in module top_level is either unconnected or has no load
WARNING: [Synth 8-7129] Port sw[1] in module top_level is either unconnected or has no load
WARNING: [Synth 8-7129] Port btn[3] in module top_level is either unconnected or has no load
WARNING: [Synth 8-7129] Port btn[2] in module top_level is either unconnected or has no load
WARNING: [Synth 8-7129] Port btn[1] in module top_level is either unconnected or has no load
WARNING: [Synth 8-3332] Sequential element (uart_tx/busy_reg) is unused and will be removed from module top_level.
---------------------------------------------------------------------------------
Finished Cross Boundary and Area Optimization : Time (s): cpu = 00:00:16 ; elapsed = 00:00:16 . Memory (MB): peak = 2314.559 ; gain = 664.234 ; free physical = 751 ; free virtual = 36751
---------------------------------------------------------------------------------
---------------------------------------------------------------------------------
Start Applying XDC Timing Constraints
---------------------------------------------------------------------------------
---------------------------------------------------------------------------------
Finished Applying XDC Timing Constraints : Time (s): cpu = 00:00:21 ; elapsed = 00:00:22 . Memory (MB): peak = 2346.559 ; gain = 696.234 ; free physical = 711 ; free virtual = 36711
---------------------------------------------------------------------------------
---------------------------------------------------------------------------------
Start Timing Optimization
---------------------------------------------------------------------------------
---------------------------------------------------------------------------------
Finished Timing Optimization : Time (s): cpu = 00:00:22 ; elapsed = 00:00:22 . Memory (MB): peak = 2346.559 ; gain = 696.234 ; free physical = 711 ; free virtual = 36711
---------------------------------------------------------------------------------
---------------------------------------------------------------------------------
Start Technology Mapping
---------------------------------------------------------------------------------
---------------------------------------------------------------------------------
Finished Technology Mapping : Time (s): cpu = 00:00:22 ; elapsed = 00:00:22 . Memory (MB): peak = 2374.605 ; gain = 724.281 ; free physical = 687 ; free virtual = 36687
---------------------------------------------------------------------------------
---------------------------------------------------------------------------------
Start IO Insertion
---------------------------------------------------------------------------------
---------------------------------------------------------------------------------
Start Flattening Before IO Insertion
---------------------------------------------------------------------------------
---------------------------------------------------------------------------------
Finished Flattening Before IO Insertion
---------------------------------------------------------------------------------
---------------------------------------------------------------------------------
Start Final Netlist Cleanup
---------------------------------------------------------------------------------
---------------------------------------------------------------------------------
Finished Final Netlist Cleanup
---------------------------------------------------------------------------------
---------------------------------------------------------------------------------
Finished IO Insertion : Time (s): cpu = 00:00:25 ; elapsed = 00:00:25 . Memory (MB): peak = 2540.418 ; gain = 890.094 ; free physical = 538 ; free virtual = 36539
---------------------------------------------------------------------------------
---------------------------------------------------------------------------------
Start Renaming Generated Instances
---------------------------------------------------------------------------------
---------------------------------------------------------------------------------
Finished Renaming Generated Instances : Time (s): cpu = 00:00:25 ; elapsed = 00:00:25 . Memory (MB): peak = 2540.418 ; gain = 890.094 ; free physical = 538 ; free virtual = 36539
---------------------------------------------------------------------------------
---------------------------------------------------------------------------------
Start Rebuilding User Hierarchy
---------------------------------------------------------------------------------
---------------------------------------------------------------------------------
Finished Rebuilding User Hierarchy : Time (s): cpu = 00:00:25 ; elapsed = 00:00:25 . Memory (MB): peak = 2540.418 ; gain = 890.094 ; free physical = 538 ; free virtual = 36539
---------------------------------------------------------------------------------
---------------------------------------------------------------------------------
Start Renaming Generated Ports
---------------------------------------------------------------------------------
---------------------------------------------------------------------------------
Finished Renaming Generated Ports : Time (s): cpu = 00:00:25 ; elapsed = 00:00:25 . Memory (MB): peak = 2540.418 ; gain = 890.094 ; free physical = 538 ; free virtual = 36539
---------------------------------------------------------------------------------
---------------------------------------------------------------------------------
Start Handling Custom Attributes
---------------------------------------------------------------------------------
---------------------------------------------------------------------------------
Finished Handling Custom Attributes : Time (s): cpu = 00:00:25 ; elapsed = 00:00:25 . Memory (MB): peak = 2540.418 ; gain = 890.094 ; free physical = 538 ; free virtual = 36539
---------------------------------------------------------------------------------
---------------------------------------------------------------------------------
Start Renaming Generated Nets
---------------------------------------------------------------------------------
---------------------------------------------------------------------------------
Finished Renaming Generated Nets : Time (s): cpu = 00:00:25 ; elapsed = 00:00:25 . Memory (MB): peak = 2540.418 ; gain = 890.094 ; free physical = 538 ; free virtual = 36539
---------------------------------------------------------------------------------
---------------------------------------------------------------------------------
Start Writing Synthesis Report
---------------------------------------------------------------------------------

Report BlackBoxes: 
+-+--------------+----------+
| |BlackBox name |Instances |
+-+--------------+----------+
+-+--------------+----------+

Report Cell Usage: 
+------+-------+------+
|      |Cell   |Count |
+------+-------+------+
|1     |BUFG   |     2|
|2     |CARRY4 |    50|
|3     |LUT1   |     5|
|4     |LUT2   |    23|
|5     |LUT3   |    63|
|6     |LUT4   |    75|
|7     |LUT5   |    26|
|8     |LUT6   |    23|
|9     |FDRE   |   226|
|10    |FDSE   |     5|
|11    |LD     |    49|
|12    |LDC    |     2|
|13    |IBUF   |     4|
|14    |OBUF   |    18|
|15    |OBUFT  |    16|
+------+-------+------+
---------------------------------------------------------------------------------
Finished Writing Synthesis Report : Time (s): cpu = 00:00:25 ; elapsed = 00:00:25 . Memory (MB): peak = 2540.418 ; gain = 890.094 ; free physical = 538 ; free virtual = 36539
---------------------------------------------------------------------------------
Synthesis finished with 0 errors, 0 critical warnings and 50 warnings.
Synthesis Optimization Runtime : Time (s): cpu = 00:00:23 ; elapsed = 00:00:24 . Memory (MB): peak = 2540.418 ; gain = 766.320 ; free physical = 538 ; free virtual = 36538
Synthesis Optimization Complete : Time (s): cpu = 00:00:25 ; elapsed = 00:00:26 . Memory (MB): peak = 2540.426 ; gain = 890.094 ; free physical = 538 ; free virtual = 36538
INFO: [Project 1-571] Translating synthesized netlist
Netlist sorting complete. Time (s): cpu = 00:00:00 ; elapsed = 00:00:00.01 . Memory (MB): peak = 2540.426 ; gain = 0.000 ; free physical = 538 ; free virtual = 36538
INFO: [Netlist 29-17] Analyzing 101 Unisim elements for replacement
INFO: [Netlist 29-28] Unisim Transformation completed in 0 CPU seconds
INFO: [Project 1-570] Preparing netlist for logic optimization
Parsing XDC File [/home/maxwellmorris/repos/Tommy_FPGA/MIT_6.205/Week3/top_level/xdc/top_level.xdc]
Finished Parsing XDC File [/home/maxwellmorris/repos/Tommy_FPGA/MIT_6.205/Week3/top_level/xdc/top_level.xdc]
INFO: [Opt 31-47] Cell absorbed into downstream logic: LUT1 cell uart_tx/dout_reg_i_2 driving pin uart_tx/dout_reg/G of uart_tx/dout_reg.
INFO: [Opt 31-47] Cell absorbed into downstream logic: LUT1 cell uart_tx/dout_reg_i_2 driving pin uart_tx/next_count_reg[0]/G of uart_tx/next_count_reg[0].
INFO: [Opt 31-47] Cell absorbed into downstream logic: LUT1 cell uart_tx/dout_reg_i_2 driving pin uart_tx/next_count_reg[10]/G of uart_tx/next_count_reg[10].
INFO: [Opt 31-47] Cell absorbed into downstream logic: LUT1 cell uart_tx/dout_reg_i_2 driving pin uart_tx/next_count_reg[11]/G of uart_tx/next_count_reg[11].
INFO: [Opt 31-47] Cell absorbed into downstream logic: LUT1 cell uart_tx/dout_reg_i_2 driving pin uart_tx/next_count_reg[12]/G of uart_tx/next_count_reg[12].
INFO: [Opt 31-47] Cell absorbed into downstream logic: LUT1 cell uart_tx/dout_reg_i_2 driving pin uart_tx/next_count_reg[13]/G of uart_tx/next_count_reg[13].
INFO: [Opt 31-47] Cell absorbed into downstream logic: LUT1 cell uart_tx/dout_reg_i_2 driving pin uart_tx/next_count_reg[14]/G of uart_tx/next_count_reg[14].
INFO: [Opt 31-47] Cell absorbed into downstream logic: LUT1 cell uart_tx/dout_reg_i_2 driving pin uart_tx/next_count_reg[15]/G of uart_tx/next_count_reg[15].
INFO: [Opt 31-47] Cell absorbed into downstream logic: LUT1 cell uart_tx/dout_reg_i_2 driving pin uart_tx/next_count_reg[16]/G of uart_tx/next_count_reg[16].
INFO: [Opt 31-47] Cell absorbed into downstream logic: LUT1 cell uart_tx/dout_reg_i_2 driving pin uart_tx/next_count_reg[17]/G of uart_tx/next_count_reg[17].
INFO: [Opt 31-47] Cell absorbed into downstream logic: LUT1 cell uart_tx/dout_reg_i_2 driving pin uart_tx/next_count_reg[18]/G of uart_tx/next_count_reg[18].
INFO: [Opt 31-47] Cell absorbed into downstream logic: LUT1 cell uart_tx/dout_reg_i_2 driving pin uart_tx/next_count_reg[19]/G of uart_tx/next_count_reg[19].
INFO: [Opt 31-47] Cell absorbed into downstream logic: LUT1 cell uart_tx/dout_reg_i_2 driving pin uart_tx/next_count_reg[1]/G of uart_tx/next_count_reg[1].
INFO: [Opt 31-47] Cell absorbed into downstream logic: LUT1 cell uart_tx/dout_reg_i_2 driving pin uart_tx/next_count_reg[20]/G of uart_tx/next_count_reg[20].
INFO: [Opt 31-47] Cell absorbed into downstream logic: LUT1 cell uart_tx/dout_reg_i_2 driving pin uart_tx/next_count_reg[21]/G of uart_tx/next_count_reg[21].
INFO: [Opt 31-47] Cell absorbed into downstream logic: LUT1 cell uart_tx/dout_reg_i_2 driving pin uart_tx/next_count_reg[22]/G of uart_tx/next_count_reg[22].
INFO: [Opt 31-47] Cell absorbed into downstream logic: LUT1 cell uart_tx/dout_reg_i_2 driving pin uart_tx/next_count_reg[23]/G of uart_tx/next_count_reg[23].
INFO: [Opt 31-47] Cell absorbed into downstream logic: LUT1 cell uart_tx/dout_reg_i_2 driving pin uart_tx/next_count_reg[24]/G of uart_tx/next_count_reg[24].
INFO: [Opt 31-47] Cell absorbed into downstream logic: LUT1 cell uart_tx/dout_reg_i_2 driving pin uart_tx/next_count_reg[25]/G of uart_tx/next_count_reg[25].
INFO: [Opt 31-47] Cell absorbed into downstream logic: LUT1 cell uart_tx/dout_reg_i_2 driving pin uart_tx/next_count_reg[26]/G of uart_tx/next_count_reg[26].
INFO: [Opt 31-47] Cell absorbed into downstream logic: LUT1 cell uart_tx/dout_reg_i_2 driving pin uart_tx/next_count_reg[27]/G of uart_tx/next_count_reg[27].
INFO: [Opt 31-47] Cell absorbed into downstream logic: LUT1 cell uart_tx/dout_reg_i_2 driving pin uart_tx/next_count_reg[28]/G of uart_tx/next_count_reg[28].
INFO: [Opt 31-47] Cell absorbed into downstream logic: LUT1 cell uart_tx/dout_reg_i_2 driving pin uart_tx/next_count_reg[29]/G of uart_tx/next_count_reg[29].
INFO: [Opt 31-47] Cell absorbed into downstream logic: LUT1 cell uart_tx/dout_reg_i_2 driving pin uart_tx/next_count_reg[2]/G of uart_tx/next_count_reg[2].
INFO: [Opt 31-47] Cell absorbed into downstream logic: LUT1 cell uart_tx/dout_reg_i_2 driving pin uart_tx/next_count_reg[30]/G of uart_tx/next_count_reg[30].
INFO: [Opt 31-47] Cell absorbed into downstream logic: LUT1 cell uart_tx/dout_reg_i_2 driving pin uart_tx/next_count_reg[31]/G of uart_tx/next_count_reg[31].
INFO: [Opt 31-47] Cell absorbed into downstream logic: LUT1 cell uart_tx/dout_reg_i_2 driving pin uart_tx/next_count_reg[3]/G of uart_tx/next_count_reg[3].
INFO: [Opt 31-47] Cell absorbed into downstream logic: LUT1 cell uart_tx/dout_reg_i_2 driving pin uart_tx/next_count_reg[4]/G of uart_tx/next_count_reg[4].
INFO: [Opt 31-47] Cell absorbed into downstream logic: LUT1 cell uart_tx/dout_reg_i_2 driving pin uart_tx/next_count_reg[5]/G of uart_tx/next_count_reg[5].
INFO: [Opt 31-47] Cell absorbed into downstream logic: LUT1 cell uart_tx/dout_reg_i_2 driving pin uart_tx/next_count_reg[6]/G of uart_tx/next_count_reg[6].
INFO: [Opt 31-47] Cell absorbed into downstream logic: LUT1 cell uart_tx/dout_reg_i_2 driving pin uart_tx/next_count_reg[7]/G of uart_tx/next_count_reg[7].
INFO: [Opt 31-47] Cell absorbed into downstream logic: LUT1 cell uart_tx/dout_reg_i_2 driving pin uart_tx/next_count_reg[8]/G of uart_tx/next_count_reg[8].
INFO: [Opt 31-47] Cell absorbed into downstream logic: LUT1 cell uart_tx/dout_reg_i_2 driving pin uart_tx/next_count_reg[9]/G of uart_tx/next_count_reg[9].
INFO: [Opt 31-138] Pushed 1 inverter(s) to 33 load pin(s).
Netlist sorting complete. Time (s): cpu = 00:00:00.01 ; elapsed = 00:00:00 . Memory (MB): peak = 2564.430 ; gain = 0.000 ; free physical = 707 ; free virtual = 36707
INFO: [Project 1-111] Unisim Transformation Summary:
  A total of 51 instances were transformed.
  LD => LDCE: 16 instances
  LD => LDCE (inverted pins: G): 33 instances
  LDC => LDCE: 2 instances

Synth Design complete | Checksum: 785fb7a7
INFO: [Common 17-83] Releasing license: Synthesis
61 Infos, 97 Warnings, 0 Critical Warnings and 0 Errors encountered.
synth_design completed successfully
synth_design: Time (s): cpu = 00:00:33 ; elapsed = 00:00:31 . Memory (MB): peak = 2564.465 ; gain = 1042.422 ; free physical = 706 ; free virtual = 36706
INFO: [Common 17-2834] synth_design peak Physical Memory [PSS] (MB): overall = 1991.325; main = 1991.325; forked = 334.025
INFO: [Common 17-2834] synth_design peak Virtual Memory [VSS] (MB): overall = 3269.734; main = 2564.430; forked = 955.176
# report_timing_summary -file $outputDir/post_synth_timing_summary.rpt
INFO: [Timing 38-35] Done setting XDC timing constraints.
INFO: [Timing 38-91] UpdateTimingParams: Speed grade: -1, Delay Type: min_max.
INFO: [Timing 38-191] Multithreading enabled for timing update using a maximum of 4 CPUs
report_timing_summary: Time (s): cpu = 00:00:06 ; elapsed = 00:00:06 . Memory (MB): peak = 2655.211 ; gain = 90.746 ; free physical = 641 ; free virtual = 36642
# report_utilization -file $outputDir/post_synth_util.rpt -hierarchical -hierarchical_depth 4 -hierarchical_min_primitive_count 0
# report_timing -file $outputDir/post_synth_timing.rpt
INFO: [Timing 38-91] UpdateTimingParams: Speed grade: -1, Delay Type: max.
INFO: [Timing 38-191] Multithreading enabled for timing update using a maximum of 4 CPUs
INFO: [Timing 38-78] ReportTimingParams: -max_paths 1 -nworst 1 -delay_type max -sort_by slack.
# opt_design
Command: opt_design
Attempting to get a license for feature 'Implementation' and/or device 'xc7s50'
INFO: [Common 17-349] Got license for feature 'Implementation' and/or device 'xc7s50'
Running DRC as a precondition to command opt_design

Starting DRC Task
INFO: [DRC 23-27] Running DRC with 4 threads
INFO: [Project 1-461] DRC finished with 0 Errors
INFO: [Project 1-462] Please refer to the DRC report (report_drc) for more information.

Time (s): cpu = 00:00:02 ; elapsed = 00:00:00.87 . Memory (MB): peak = 2725.000 ; gain = 69.789 ; free physical = 554 ; free virtual = 36558

Starting Cache Timing Information Task
Ending Cache Timing Information Task | Checksum: 2c91b43b4

Time (s): cpu = 00:00:00 ; elapsed = 00:00:00 . Memory (MB): peak = 2725.000 ; gain = 0.000 ; free physical = 554 ; free virtual = 36558

Starting Logic Optimization Task

Phase 1 Initialization

Phase 1.1 Core Generation And Design Setup
Phase 1.1 Core Generation And Design Setup | Checksum: 2c91b43b4

Time (s): cpu = 00:00:00 ; elapsed = 00:00:00 . Memory (MB): peak = 2963.000 ; gain = 0.000 ; free physical = 320 ; free virtual = 36320

Phase 1.2 Setup Constraints And Sort Netlist
Phase 1.2 Setup Constraints And Sort Netlist | Checksum: 2c91b43b4

Time (s): cpu = 00:00:00 ; elapsed = 00:00:00 . Memory (MB): peak = 2963.000 ; gain = 0.000 ; free physical = 320 ; free virtual = 36320
Phase 1 Initialization | Checksum: 2c91b43b4

Time (s): cpu = 00:00:00 ; elapsed = 00:00:00 . Memory (MB): peak = 2963.000 ; gain = 0.000 ; free physical = 320 ; free virtual = 36320

Phase 2 Timer Update And Timing Data Collection

Phase 2.1 Timer Update
Phase 2.1 Timer Update | Checksum: 2c91b43b4

Time (s): cpu = 00:00:00.03 ; elapsed = 00:00:00.02 . Memory (MB): peak = 2963.000 ; gain = 0.000 ; free physical = 320 ; free virtual = 36320

Phase 2.2 Timing Data Collection
Phase 2.2 Timing Data Collection | Checksum: 2c91b43b4

Time (s): cpu = 00:00:00.04 ; elapsed = 00:00:00.02 . Memory (MB): peak = 2963.000 ; gain = 0.000 ; free physical = 320 ; free virtual = 36320
Phase 2 Timer Update And Timing Data Collection | Checksum: 2c91b43b4

Time (s): cpu = 00:00:00.04 ; elapsed = 00:00:00.02 . Memory (MB): peak = 2963.000 ; gain = 0.000 ; free physical = 320 ; free virtual = 36320

Phase 3 Retarget
INFO: [Opt 31-1851] Number of loadless carry chains removed were: 0
INFO: [Opt 31-1834] Total Chains To Be Transformed Were: 0 AND Number of Transformed insts Created are: 0
INFO: [Opt 31-138] Pushed 0 inverter(s) to 0 load pin(s).
INFO: [Opt 31-49] Retargeted 0 cell(s).
Phase 3 Retarget | Checksum: 2c91b43b4

Time (s): cpu = 00:00:00.06 ; elapsed = 00:00:00.04 . Memory (MB): peak = 2963.000 ; gain = 0.000 ; free physical = 320 ; free virtual = 36320
Retarget | Checksum: 2c91b43b4
INFO: [Opt 31-389] Phase Retarget created 0 cells and removed 0 cells

Phase 4 Constant propagation
INFO: [Opt 31-138] Pushed 0 inverter(s) to 0 load pin(s).
Phase 4 Constant propagation | Checksum: 2c91b43b4

Time (s): cpu = 00:00:00.06 ; elapsed = 00:00:00.04 . Memory (MB): peak = 2963.000 ; gain = 0.000 ; free physical = 320 ; free virtual = 36320
Constant propagation | Checksum: 2c91b43b4
INFO: [Opt 31-389] Phase Constant propagation created 0 cells and removed 0 cells

Phase 5 Sweep
INFO: [Constraints 18-11670] Building netlist checker database with flags, 0x8
Done building netlist checker database: Time (s): cpu = 00:00:00 ; elapsed = 00:00:00 . Memory (MB): peak = 2963.000 ; gain = 0.000 ; free physical = 320 ; free virtual = 36320
Phase 5 Sweep | Checksum: 290d35608

Time (s): cpu = 00:00:00.07 ; elapsed = 00:00:00.06 . Memory (MB): peak = 2963.000 ; gain = 0.000 ; free physical = 320 ; free virtual = 36320
Sweep | Checksum: 290d35608
INFO: [Opt 31-389] Phase Sweep created 2 cells and removed 0 cells

Phase 6 BUFG optimization
Phase 6 BUFG optimization | Checksum: 290d35608

Time (s): cpu = 00:00:00.1 ; elapsed = 00:00:00.07 . Memory (MB): peak = 2995.016 ; gain = 32.016 ; free physical = 320 ; free virtual = 36320
BUFG optimization | Checksum: 290d35608
INFO: [Opt 31-662] Phase BUFG optimization created 0 cells of which 0 are BUFGs and removed 0 cells.

Phase 7 Shift Register Optimization
INFO: [Opt 31-1064] SRL Remap converted 0 SRLs to 0 registers and converted 0 registers of register chains to 0 SRLs
Phase 7 Shift Register Optimization | Checksum: 290d35608

Time (s): cpu = 00:00:00.1 ; elapsed = 00:00:00.07 . Memory (MB): peak = 2995.016 ; gain = 32.016 ; free physical = 320 ; free virtual = 36320
Shift Register Optimization | Checksum: 290d35608
INFO: [Opt 31-389] Phase Shift Register Optimization created 0 cells and removed 0 cells

Phase 8 Post Processing Netlist
Phase 8 Post Processing Netlist | Checksum: 25b2a2fc6

Time (s): cpu = 00:00:00.1 ; elapsed = 00:00:00.08 . Memory (MB): peak = 2995.016 ; gain = 32.016 ; free physical = 320 ; free virtual = 36320
Post Processing Netlist | Checksum: 25b2a2fc6
INFO: [Opt 31-389] Phase Post Processing Netlist created 0 cells and removed 0 cells

Phase 9 Finalization

Phase 9.1 Finalizing Design Cores and Updating Shapes
Phase 9.1 Finalizing Design Cores and Updating Shapes | Checksum: 28103d00a

Time (s): cpu = 00:00:00.12 ; elapsed = 00:00:00.1 . Memory (MB): peak = 2995.016 ; gain = 32.016 ; free physical = 319 ; free virtual = 36319

Phase 9.2 Verifying Netlist Connectivity

Starting Connectivity Check Task

Time (s): cpu = 00:00:00.01 ; elapsed = 00:00:00 . Memory (MB): peak = 2995.016 ; gain = 0.000 ; free physical = 321 ; free virtual = 36322
Phase 9.2 Verifying Netlist Connectivity | Checksum: 28103d00a

Time (s): cpu = 00:00:00.13 ; elapsed = 00:00:00.1 . Memory (MB): peak = 2995.016 ; gain = 32.016 ; free physical = 321 ; free virtual = 36322
Phase 9 Finalization | Checksum: 28103d00a

Time (s): cpu = 00:00:00.13 ; elapsed = 00:00:00.1 . Memory (MB): peak = 2995.016 ; gain = 32.016 ; free physical = 321 ; free virtual = 36322
Opt_design Change Summary
=========================


-------------------------------------------------------------------------------------------------------------------------
|  Phase                        |  #Cells created  |  #Cells Removed  |  #Constrained objects preventing optimizations  |
-------------------------------------------------------------------------------------------------------------------------
|  Retarget                     |               0  |               0  |                                              0  |
|  Constant propagation         |               0  |               0  |                                              0  |
|  Sweep                        |               2  |               0  |                                              0  |
|  BUFG optimization            |               0  |               0  |                                              0  |
|  Shift Register Optimization  |               0  |               0  |                                              0  |
|  Post Processing Netlist      |               0  |               0  |                                              0  |
-------------------------------------------------------------------------------------------------------------------------


Ending Logic Optimization Task | Checksum: 28103d00a

Time (s): cpu = 00:00:00.13 ; elapsed = 00:00:00.1 . Memory (MB): peak = 2995.016 ; gain = 32.016 ; free physical = 321 ; free virtual = 36322

Starting Power Optimization Task
INFO: [Pwropt 34-132] Skipping clock gating for clocks with a period < 2.00 ns.
Ending Power Optimization Task | Checksum: 28103d00a

Time (s): cpu = 00:00:00.01 ; elapsed = 00:00:00.01 . Memory (MB): peak = 2995.016 ; gain = 0.000 ; free physical = 321 ; free virtual = 36321

Starting Final Cleanup Task
Ending Final Cleanup Task | Checksum: 28103d00a

Time (s): cpu = 00:00:00 ; elapsed = 00:00:00 . Memory (MB): peak = 2995.016 ; gain = 0.000 ; free physical = 321 ; free virtual = 36321

Starting Netlist Obfuscation Task
Netlist sorting complete. Time (s): cpu = 00:00:00 ; elapsed = 00:00:00 . Memory (MB): peak = 2995.016 ; gain = 0.000 ; free physical = 321 ; free virtual = 36321
Ending Netlist Obfuscation Task | Checksum: 28103d00a

Time (s): cpu = 00:00:00 ; elapsed = 00:00:00 . Memory (MB): peak = 2995.016 ; gain = 0.000 ; free physical = 321 ; free virtual = 36321
INFO: [Common 17-83] Releasing license: Implementation
19 Infos, 0 Warnings, 0 Critical Warnings and 0 Errors encountered.
opt_design completed successfully
# place_design
Command: place_design
Attempting to get a license for feature 'Implementation' and/or device 'xc7s50'
INFO: [Common 17-349] Got license for feature 'Implementation' and/or device 'xc7s50'
INFO: [Common 17-83] Releasing license: Implementation
INFO: [DRC 23-27] Running DRC with 4 threads
INFO: [Vivado_Tcl 4-198] DRC finished with 0 Errors
INFO: [Vivado_Tcl 4-199] Please refer to the DRC report (report_drc) for more information.
Running DRC as a precondition to command place_design
INFO: [DRC 23-27] Running DRC with 4 threads
INFO: [Vivado_Tcl 4-198] DRC finished with 0 Errors
INFO: [Vivado_Tcl 4-199] Please refer to the DRC report (report_drc) for more information.
INFO: [Place 30-611] Multithreading enabled for place_design using a maximum of 4 CPUs

Starting Placer Task

Phase 1 Placer Initialization

Phase 1.1 Placer Initialization Netlist Sorting
Netlist sorting complete. Time (s): cpu = 00:00:00.01 ; elapsed = 00:00:00 . Memory (MB): peak = 2995.016 ; gain = 0.000 ; free physical = 323 ; free virtual = 36323
Phase 1.1 Placer Initialization Netlist Sorting | Checksum: 1e5318164

Time (s): cpu = 00:00:00.01 ; elapsed = 00:00:00.01 . Memory (MB): peak = 2995.016 ; gain = 0.000 ; free physical = 323 ; free virtual = 36323
Netlist sorting complete. Time (s): cpu = 00:00:00 ; elapsed = 00:00:00 . Memory (MB): peak = 2995.016 ; gain = 0.000 ; free physical = 323 ; free virtual = 36323

Phase 1.2 IO Placement/ Clock Placement/ Build Placer Device
INFO: [Timing 38-35] Done setting XDC timing constraints.
WARNING: [Place 30-87] Partially locked IO Bus is found. Following components of the IO Bus btn are not locked:  'btn[3]' 
ERROR: [Place 30-574] Poor placement for routing between an IO pin and BUFG. If this sub optimal condition is acceptable for this design, you may use the CLOCK_DEDICATED_ROUTE constraint in the .xdc file to demote this message to a WARNING. However, the use of this override is highly discouraged. These examples can be used directly in the .xdc file to override this clock rule.
	< set_property CLOCK_DEDICATED_ROUTE FALSE [get_nets btn_IBUF[0]] >

	Clock Rule: rule_gclkio_bufg
	Status: FAILED
	Rule Description: An IOB driving a BUFG must use a CCIO in the same half side (top/bottom) of chip as the BUFG

	btn_IBUF[0]_inst (IBUF.O) is locked to IOB_X1Y54
	btn_IBUF_BUFG[0]_inst (BUFG.I) is provisionally placed by clockplacer on BUFGCTRL_X0Y22
Resolution: Poor placement of an IO pin and a BUFG has resulted in the router using a non-dedicated path between the two.  There are several things that could trigger this DRC, each of which can cause unpredictable clock insertion delays that result in poor timing.  This DRC could be caused by any of the following: (a) a clock port was placed on a pin that is not a CCIO-pin (b)the BUFG has not been placed in the same half of the device or SLR as the CCIO-pin (c) a single ended clock has been placed on the N-Side of a differential pair CCIO-pin.
Phase 1.2 IO Placement/ Clock Placement/ Build Placer Device | Checksum: 1ec385bd1

Time (s): cpu = 00:00:00.6 ; elapsed = 00:00:00.48 . Memory (MB): peak = 2995.016 ; gain = 0.000 ; free physical = 322 ; free virtual = 36324
Phase 1 Placer Initialization | Checksum: 1ec385bd1

Time (s): cpu = 00:00:00.6 ; elapsed = 00:00:00.49 . Memory (MB): peak = 2995.016 ; gain = 0.000 ; free physical = 322 ; free virtual = 36323
ERROR: [Place 30-99] Placer failed with error: 'IO Clock Placer failed'
Please review all ERROR, CRITICAL WARNING, and WARNING messages during placement to understand the cause for failure.
Ending Placer Task | Checksum: 1ec385bd1

Time (s): cpu = 00:00:00.6 ; elapsed = 00:00:00.49 . Memory (MB): peak = 2995.016 ; gain = 0.000 ; free physical = 321 ; free virtual = 36323
10 Infos, 1 Warnings, 0 Critical Warnings and 3 Errors encountered.
place_design failed
ERROR: [Common 17-69] Command failed: Placer could not place all instances
INFO: [Common 17-206] Exiting Vivado at Fri Jun 19 13:15:48 2026...
