#-----------------------------------------------------------
# Vivado v2025.1 (64-bit)
# SW Build 6140274 on Wed May 21 22:58:25 MDT 2025
# IP Build 6138677 on Thu May 22 03:10:11 MDT 2025
# SharedData Build 6139179 on Tue May 20 17:58:58 MDT 2025
# Start of session at: Fri Jun 19 13:13:58 2026
# Process ID         : 66519
# Current directory  : /home/maxwellmorris/repos/Tommy_FPGA/MIT_6.205/Week3/top_level
# Command line       : vivado -mode batch -source build.tcl
# Log file           : /home/maxwellmorris/repos/Tommy_FPGA/MIT_6.205/Week3/top_level/vivado.log
# Journal file       : /home/maxwellmorris/repos/Tommy_FPGA/MIT_6.205/Week3/top_level/vivado.jou
# Running On         : debian12machine
# Platform           : Debian
# Operating System   : Debian GNU/Linux 12 (bookworm)
# Processor Detail   : AMD Ryzen 5 2600 Six-Core Processor
# CPU Frequency      : 1556.452 MHz
# CPU Physical cores : 6
# CPU Logical cores  : 12
# Host memory        : 16709 MB
# Swap memory        : 32000 MB
# Total Virtual      : 48709 MB
# Available Virtual  : 39945 MB
#-----------------------------------------------------------
source build.tcl
# set_param general.maxThreads 4
# set partNum xc7s50csga324-1
# set outputDir obj
# file mkdir $outputDir
# set files [glob -nocomplain "$outputDir/*"]
# if {[llength $files] != 0} {
#     # clear folder contents
#     puts "deleting contents of $outputDir"
#     file delete -force {*}[glob -directory $outputDir *];
# } else {
#     puts "$outputDir is empty"
# }
obj is empty
# set sources_sv [ glob ./hdl/*.sv ]
# read_verilog -sv $sources_sv
# set sources_v [ glob -nocomplain ./hdl/*.v ]
# if {[llength $sources_v] > 0 } {
#     read_verilog $sources_v
# }
# read_xdc [ glob ./xdc/*.xdc ]
# set sources_mem [ glob -nocomplain ./data/*.mem ]
# if {[llength $sources_mem] > 0} {
#     read_mem $sources_mem
# }
# set_part $partNum
INFO: [Coretcl 2-1500] The part has been set to 'xc7s50csga324-1' for the current project only. Run set_part -help for more details. To evaluate different speed grades in the current design, use the set_speed_grade command, or use the open_checkpoint -part command to change the part used by an existing checkpoint design.
# set sources_ip [ glob -nocomplain -directory ./ip -tails * ]
# puts $sources_ip

# foreach ip_source $sources_ip {
#     if {[file isdirectory ./ip/$ip_source]} {
# 	read_ip ./ip/$ip_source/$ip_source.xci
#     }
# }
WARNING: [Coretcl 2-176] No IPs found
# generate_target all [get_ips]
WARNING: [Coretcl 2-176] No IPs found
# synth_ip [get_ips]
INFO: [Vivado 12-3441] generate_netlist_ip - operation complete
# synth_design -top top_level -part $partNum -verbose
Command: synth_design -top top_level -part xc7s50csga324-1 -verbose
Starting synth_design
Attempting to get a license for feature 'Synthesis' and/or device 'xc7s50'
INFO: [Common 17-349] Got license for feature 'Synthesis' and/or device 'xc7s50'
INFO: [Device 21-403] Loading part xc7s50csga324-1
INFO: [Synth 8-7079] Multithreading enabled for synth_design using a maximum of 4 processes.
INFO: [Synth 8-7078] Launching helper process for spawning children vivado processes
INFO: [Synth 8-7075] Helper process launched with PID 66548
---------------------------------------------------------------------------------
Starting RTL Elaboration : Time (s): cpu = 00:00:04 ; elapsed = 00:00:05 . Memory (MB): peak = 2090.062 ; gain = 438.742 ; free physical = 943 ; free virtual = 36936
---------------------------------------------------------------------------------
ERROR: [Synth 8-36] 'busy' is not declared [/home/maxwellmorris/repos/Tommy_FPGA/MIT_6.205/Week3/top_level/hdl/top_level.sv:153]
INFO: [Synth 8-10285] module 'top_level' is ignored due to previous errors [/home/maxwellmorris/repos/Tommy_FPGA/MIT_6.205/Week3/top_level/hdl/top_level.sv:246]
INFO: [Synth 8-9084] Verilog file '/home/maxwellmorris/repos/Tommy_FPGA/MIT_6.205/Week3/top_level/hdl/top_level.sv' ignored due to errors
ERROR: [Synth 8-12188] Failed to read verilog '/home/maxwellmorris/repos/Tommy_FPGA/MIT_6.205/Week3/top_level/hdl/top_level.sv'
---------------------------------------------------------------------------------
Finished RTL Elaboration : Time (s): cpu = 00:00:06 ; elapsed = 00:00:06 . Memory (MB): peak = 2162.000 ; gain = 510.680 ; free physical = 861 ; free virtual = 36854
---------------------------------------------------------------------------------
RTL Elaboration failed
INFO: [Common 17-83] Releasing license: Synthesis
8 Infos, 0 Warnings, 0 Critical Warnings and 3 Errors encountered.
synth_design failed
ERROR: [Common 17-69] Command failed: Synthesis failed - please see the console or run log file for details
INFO: [Common 17-206] Exiting Vivado at Fri Jun 19 13:14:13 2026...
