#-----------------------------------------------------------
# Vivado v2025.1 (64-bit)
# SW Build 6140274 on Wed May 21 22:58:25 MDT 2025
# IP Build 6138677 on Thu May 22 03:10:11 MDT 2025
# SharedData Build 6139179 on Tue May 20 17:58:58 MDT 2025
# Start of session at: Fri Jun 19 13:24:08 2026
# Process ID         : 68097
# Current directory  : /home/maxwellmorris/repos/Tommy_FPGA/MIT_6.205/Week3/top_level
# Command line       : vivado -mode batch -source build.tcl
# Log file           : /home/maxwellmorris/repos/Tommy_FPGA/MIT_6.205/Week3/top_level/vivado.log
# Journal file       : /home/maxwellmorris/repos/Tommy_FPGA/MIT_6.205/Week3/top_level/vivado.jou
# Running On         : debian12machine
# Platform           : Debian
# Operating System   : Debian GNU/Linux 12 (bookworm)
# Processor Detail   : AMD Ryzen 5 2600 Six-Core Processor
# CPU Frequency      : 2594.691 MHz
# CPU Physical cores : 6
# CPU Logical cores  : 12
# Host memory        : 16709 MB
# Swap memory        : 32000 MB
# Total Virtual      : 48709 MB
# Available Virtual  : 39954 MB
#-----------------------------------------------------------
source build.tcl
# set_param general.maxThreads 4
# set partNum xc7s50csga324-1
# set outputDir obj
# file mkdir $outputDir
# set files [glob -nocomplain "$outputDir/*"]
# if {[llength $files] != 0} {
#     # clear folder contents
#     puts "deleting contents of $outputDir"
#     file delete -force {*}[glob -directory $outputDir *];
# } else {
#     puts "$outputDir is empty"
# }
deleting contents of obj
# set sources_sv [ glob ./hdl/*.sv ]
# read_verilog -sv $sources_sv
# set sources_v [ glob -nocomplain ./hdl/*.v ]
# if {[llength $sources_v] > 0 } {
#     read_verilog $sources_v
# }
# read_xdc [ glob ./xdc/*.xdc ]
# set sources_mem [ glob -nocomplain ./data/*.mem ]
# if {[llength $sources_mem] > 0} {
#     read_mem $sources_mem
# }
# set_part $partNum
INFO: [Coretcl 2-1500] The part has been set to 'xc7s50csga324-1' for the current project only. Run set_part -help for more details. To evaluate different speed grades in the current design, use the set_speed_grade command, or use the open_checkpoint -part command to change the part used by an existing checkpoint design.
# set sources_ip [ glob -nocomplain -directory ./ip -tails * ]
# puts $sources_ip

# foreach ip_source $sources_ip {
#     if {[file isdirectory ./ip/$ip_source]} {
# 	read_ip ./ip/$ip_source/$ip_source.xci
#     }
# }
WARNING: [Coretcl 2-176] No IPs found
# generate_target all [get_ips]
WARNING: [Coretcl 2-176] No IPs found
# synth_ip [get_ips]
INFO: [Vivado 12-3441] generate_netlist_ip - operation complete
# synth_design -top top_level -part $partNum -verbose
Command: synth_design -top top_level -part xc7s50csga324-1 -verbose
Starting synth_design
Attempting to get a license for feature 'Synthesis' and/or device 'xc7s50'
INFO: [Common 17-349] Got license for feature 'Synthesis' and/or device 'xc7s50'
INFO: [Device 21-403] Loading part xc7s50csga324-1
INFO: [Synth 8-7079] Multithreading enabled for synth_design using a maximum of 4 processes.
INFO: [Synth 8-7078] Launching helper process for spawning children vivado processes
INFO: [Synth 8-7075] Helper process launched with PID 68125
---------------------------------------------------------------------------------
Starting RTL Elaboration : Time (s): cpu = 00:00:05 ; elapsed = 00:00:05 . Memory (MB): peak = 2089.098 ; gain = 440.742 ; free physical = 930 ; free virtual = 36943
---------------------------------------------------------------------------------
INFO: [Synth 8-6157] synthesizing module 'top_level' [/home/maxwellmorris/repos/Tommy_FPGA/MIT_6.205/Week3/top_level/hdl/top_level.sv:3]
INFO: [Synth 8-6157] synthesizing module 'counter' [/home/maxwellmorris/repos/Tommy_FPGA/MIT_6.205/Week3/top_level/hdl/counter.sv:1]
INFO: [Synth 8-6155] done synthesizing module 'counter' (0#1) [/home/maxwellmorris/repos/Tommy_FPGA/MIT_6.205/Week3/top_level/hdl/counter.sv:1]
INFO: [Synth 8-6157] synthesizing module 'spi_con' [/home/maxwellmorris/repos/Tommy_FPGA/MIT_6.205/Week3/top_level/hdl/spi_con.sv:4]
	Parameter DATA_WIDTH bound to: 17 - type: integer 
	Parameter DATA_CLK_PERIOD bound to: 50 - type: integer 
INFO: [Synth 8-6155] done synthesizing module 'spi_con' (0#1) [/home/maxwellmorris/repos/Tommy_FPGA/MIT_6.205/Week3/top_level/hdl/spi_con.sv:4]
INFO: [Synth 8-6157] synthesizing module 'pwm' [/home/maxwellmorris/repos/Tommy_FPGA/MIT_6.205/Week3/top_level/hdl/pwm.sv:1]
INFO: [Synth 8-6155] done synthesizing module 'pwm' (0#1) [/home/maxwellmorris/repos/Tommy_FPGA/MIT_6.205/Week3/top_level/hdl/pwm.sv:1]
INFO: [Synth 8-6155] done synthesizing module 'top_level' (0#1) [/home/maxwellmorris/repos/Tommy_FPGA/MIT_6.205/Week3/top_level/hdl/top_level.sv:3]
WARNING: [Synth 8-3848] Net led in module/entity top_level does not have driver. [/home/maxwellmorris/repos/Tommy_FPGA/MIT_6.205/Week3/top_level/hdl/top_level.sv:8]
WARNING: [Synth 8-3848] Net uart_txd in module/entity top_level does not have driver. [/home/maxwellmorris/repos/Tommy_FPGA/MIT_6.205/Week3/top_level/hdl/top_level.sv:15]
WARNING: [Synth 8-3917] design top_level has port rgb0[2] driven by constant 0
WARNING: [Synth 8-3917] design top_level has port rgb0[1] driven by constant 0
WARNING: [Synth 8-3917] design top_level has port rgb0[0] driven by constant 0
WARNING: [Synth 8-3917] design top_level has port rgb1[2] driven by constant 0
WARNING: [Synth 8-3917] design top_level has port rgb1[1] driven by constant 0
WARNING: [Synth 8-3917] design top_level has port rgb1[0] driven by constant 0
WARNING: [Synth 8-7129] Port led[15] in module top_level is either unconnected or has no load
WARNING: [Synth 8-7129] Port led[14] in module top_level is either unconnected or has no load
WARNING: [Synth 8-7129] Port led[13] in module top_level is either unconnected or has no load
WARNING: [Synth 8-7129] Port led[12] in module top_level is either unconnected or has no load
WARNING: [Synth 8-7129] Port led[11] in module top_level is either unconnected or has no load
WARNING: [Synth 8-7129] Port led[10] in module top_level is either unconnected or has no load
WARNING: [Synth 8-7129] Port led[9] in module top_level is either unconnected or has no load
WARNING: [Synth 8-7129] Port led[8] in module top_level is either unconnected or has no load
WARNING: [Synth 8-7129] Port led[7] in module top_level is either unconnected or has no load
WARNING: [Synth 8-7129] Port led[6] in module top_level is either unconnected or has no load
WARNING: [Synth 8-7129] Port led[5] in module top_level is either unconnected or has no load
WARNING: [Synth 8-7129] Port led[4] in module top_level is either unconnected or has no load
WARNING: [Synth 8-7129] Port led[3] in module top_level is either unconnected or has no load
WARNING: [Synth 8-7129] Port led[2] in module top_level is either unconnected or has no load
WARNING: [Synth 8-7129] Port led[1] in module top_level is either unconnected or has no load
WARNING: [Synth 8-7129] Port led[0] in module top_level is either unconnected or has no load
WARNING: [Synth 8-7129] Port sw[15] in module top_level is either unconnected or has no load
WARNING: [Synth 8-7129] Port sw[14] in module top_level is either unconnected or has no load
WARNING: [Synth 8-7129] Port sw[13] in module top_level is either unconnected or has no load
WARNING: [Synth 8-7129] Port sw[12] in module top_level is either unconnected or has no load
WARNING: [Synth 8-7129] Port sw[11] in module top_level is either unconnected or has no load
WARNING: [Synth 8-7129] Port sw[10] in module top_level is either unconnected or has no load
WARNING: [Synth 8-7129] Port sw[9] in module top_level is either unconnected or has no load
WARNING: [Synth 8-7129] Port sw[8] in module top_level is either unconnected or has no load
WARNING: [Synth 8-7129] Port sw[7] in module top_level is either unconnected or has no load
WARNING: [Synth 8-7129] Port sw[6] in module top_level is either unconnected or has no load
WARNING: [Synth 8-7129] Port sw[5] in module top_level is either unconnected or has no load
WARNING: [Synth 8-7129] Port sw[4] in module top_level is either unconnected or has no load
WARNING: [Synth 8-7129] Port sw[3] in module top_level is either unconnected or has no load
WARNING: [Synth 8-7129] Port sw[2] in module top_level is either unconnected or has no load
WARNING: [Synth 8-7129] Port sw[1] in module top_level is either unconnected or has no load
WARNING: [Synth 8-7129] Port sw[0] in module top_level is either unconnected or has no load
WARNING: [Synth 8-7129] Port btn[3] in module top_level is either unconnected or has no load
WARNING: [Synth 8-7129] Port btn[2] in module top_level is either unconnected or has no load
WARNING: [Synth 8-7129] Port btn[1] in module top_level is either unconnected or has no load
---------------------------------------------------------------------------------
Finished RTL Elaboration : Time (s): cpu = 00:00:06 ; elapsed = 00:00:06 . Memory (MB): peak = 2164.035 ; gain = 515.680 ; free physical = 852 ; free virtual = 36866
---------------------------------------------------------------------------------
---------------------------------------------------------------------------------
Start Handling Custom Attributes
---------------------------------------------------------------------------------
---------------------------------------------------------------------------------
Finished Handling Custom Attributes : Time (s): cpu = 00:00:06 ; elapsed = 00:00:06 . Memory (MB): peak = 2178.879 ; gain = 530.523 ; free physical = 840 ; free virtual = 36854
---------------------------------------------------------------------------------
---------------------------------------------------------------------------------
Finished RTL Optimization Phase 1 : Time (s): cpu = 00:00:06 ; elapsed = 00:00:06 . Memory (MB): peak = 2178.879 ; gain = 530.523 ; free physical = 840 ; free virtual = 36854
---------------------------------------------------------------------------------
Netlist sorting complete. Time (s): cpu = 00:00:00 ; elapsed = 00:00:00.01 . Memory (MB): peak = 2178.879 ; gain = 0.000 ; free physical = 840 ; free virtual = 36854
INFO: [Project 1-570] Preparing netlist for logic optimization

Processing XDC Constraints
Initializing timing engine
Parsing XDC File [/home/maxwellmorris/repos/Tommy_FPGA/MIT_6.205/Week3/top_level/xdc/top_level.xdc]
Finished Parsing XDC File [/home/maxwellmorris/repos/Tommy_FPGA/MIT_6.205/Week3/top_level/xdc/top_level.xdc]
INFO: [Project 1-236] Implementation specific constraints were found while reading constraint file [/home/maxwellmorris/repos/Tommy_FPGA/MIT_6.205/Week3/top_level/xdc/top_level.xdc]. These constraints will be ignored for synthesis but will be used in implementation. Impacted constraints are listed in the file [.Xil/top_level_propImpl.xdc].
Resolution: To avoid this warning, move constraints listed in [.Xil/top_level_propImpl.xdc] to another XDC file and exclude this new file from synthesis with the used_in_synthesis property (File Properties dialog in GUI) and re-run elaboration/synthesis.
Completed Processing XDC Constraints

Netlist sorting complete. Time (s): cpu = 00:00:00 ; elapsed = 00:00:00 . Memory (MB): peak = 2303.617 ; gain = 0.000 ; free physical = 752 ; free virtual = 36765
INFO: [Project 1-111] Unisim Transformation Summary:
No Unisim elements were transformed.

Constraint Validation Runtime : Time (s): cpu = 00:00:00 ; elapsed = 00:00:00 . Memory (MB): peak = 2303.652 ; gain = 0.000 ; free physical = 754 ; free virtual = 36768
---------------------------------------------------------------------------------
Finished Constraint Validation : Time (s): cpu = 00:00:13 ; elapsed = 00:00:13 . Memory (MB): peak = 2303.652 ; gain = 655.297 ; free physical = 755 ; free virtual = 36769
---------------------------------------------------------------------------------
---------------------------------------------------------------------------------
Start Loading Part and Timing Information
---------------------------------------------------------------------------------
Loading part: xc7s50csga324-1
---------------------------------------------------------------------------------
Finished Loading Part and Timing Information : Time (s): cpu = 00:00:13 ; elapsed = 00:00:13 . Memory (MB): peak = 2311.621 ; gain = 663.266 ; free physical = 755 ; free virtual = 36769
---------------------------------------------------------------------------------
---------------------------------------------------------------------------------
Start Applying 'set_property' XDC Constraints
---------------------------------------------------------------------------------
---------------------------------------------------------------------------------
Finished applying 'set_property' XDC Constraints : Time (s): cpu = 00:00:13 ; elapsed = 00:00:13 . Memory (MB): peak = 2311.621 ; gain = 663.266 ; free physical = 755 ; free virtual = 36769
---------------------------------------------------------------------------------
---------------------------------------------------------------------------------
Finished RTL Optimization Phase 2 : Time (s): cpu = 00:00:13 ; elapsed = 00:00:14 . Memory (MB): peak = 2311.621 ; gain = 663.266 ; free physical = 754 ; free virtual = 36768
---------------------------------------------------------------------------------
---------------------------------------------------------------------------------
Start RTL Component Statistics 
---------------------------------------------------------------------------------
Detailed RTL Component Info : 
+---Adders : 
	   2 Input   32 Bit       Adders := 3     
+---Registers : 
	               32 Bit    Registers := 1     
	               17 Bit    Registers := 3     
	                8 Bit    Registers := 1     
	                1 Bit    Registers := 2     
+---Muxes : 
	   2 Input   32 Bit        Muxes := 1     
	   2 Input   17 Bit        Muxes := 3     
	   2 Input    1 Bit        Muxes := 11    
---------------------------------------------------------------------------------
Finished RTL Component Statistics 
---------------------------------------------------------------------------------
---------------------------------------------------------------------------------
Start Part Resource Summary
---------------------------------------------------------------------------------
Part Resources:
DSPs: 120 (col length:60)
BRAMs: 150 (col length: RAMB18 60 RAMB36 30)
---------------------------------------------------------------------------------
Finished Part Resource Summary
---------------------------------------------------------------------------------
---------------------------------------------------------------------------------
Start Cross Boundary and Area Optimization
---------------------------------------------------------------------------------
WARNING: [Synth 8-7080] Parallel synthesis criteria is not met
WARNING: [Synth 8-3917] design top_level has port rgb0[2] driven by constant 0
WARNING: [Synth 8-3917] design top_level has port rgb0[1] driven by constant 0
WARNING: [Synth 8-3917] design top_level has port rgb0[0] driven by constant 0
WARNING: [Synth 8-3917] design top_level has port rgb1[2] driven by constant 0
WARNING: [Synth 8-3917] design top_level has port rgb1[1] driven by constant 0
WARNING: [Synth 8-3917] design top_level has port rgb1[0] driven by constant 0
WARNING: [Synth 8-7129] Port led[15] in module top_level is either unconnected or has no load
WARNING: [Synth 8-7129] Port led[14] in module top_level is either unconnected or has no load
WARNING: [Synth 8-7129] Port led[13] in module top_level is either unconnected or has no load
WARNING: [Synth 8-7129] Port led[12] in module top_level is either unconnected or has no load
WARNING: [Synth 8-7129] Port led[11] in module top_level is either unconnected or has no load
WARNING: [Synth 8-7129] Port led[10] in module top_level is either unconnected or has no load
WARNING: [Synth 8-7129] Port led[9] in module top_level is either unconnected or has no load
WARNING: [Synth 8-7129] Port led[8] in module top_level is either unconnected or has no load
WARNING: [Synth 8-7129] Port led[7] in module top_level is either unconnected or has no load
WARNING: [Synth 8-7129] Port led[6] in module top_level is either unconnected or has no load
WARNING: [Synth 8-7129] Port led[5] in module top_level is either unconnected or has no load
WARNING: [Synth 8-7129] Port led[4] in module top_level is either unconnected or has no load
WARNING: [Synth 8-7129] Port led[3] in module top_level is either unconnected or has no load
WARNING: [Synth 8-7129] Port led[2] in module top_level is either unconnected or has no load
WARNING: [Synth 8-7129] Port led[1] in module top_level is either unconnected or has no load
WARNING: [Synth 8-7129] Port led[0] in module top_level is either unconnected or has no load
WARNING: [Synth 8-7129] Port sw[15] in module top_level is either unconnected or has no load
WARNING: [Synth 8-7129] Port sw[14] in module top_level is either unconnected or has no load
WARNING: [Synth 8-7129] Port sw[13] in module top_level is either unconnected or has no load
WARNING: [Synth 8-7129] Port sw[12] in module top_level is either unconnected or has no load
WARNING: [Synth 8-7129] Port sw[11] in module top_level is either unconnected or has no load
WARNING: [Synth 8-7129] Port sw[10] in module top_level is either unconnected or has no load
WARNING: [Synth 8-7129] Port sw[9] in module top_level is either unconnected or has no load
WARNING: [Synth 8-7129] Port sw[8] in module top_level is either unconnected or has no load
WARNING: [Synth 8-7129] Port sw[7] in module top_level is either unconnected or has no load
WARNING: [Synth 8-7129] Port sw[6] in module top_level is either unconnected or has no load
WARNING: [Synth 8-7129] Port sw[5] in module top_level is either unconnected or has no load
WARNING: [Synth 8-7129] Port sw[4] in module top_level is either unconnected or has no load
WARNING: [Synth 8-7129] Port sw[3] in module top_level is either unconnected or has no load
WARNING: [Synth 8-7129] Port sw[2] in module top_level is either unconnected or has no load
WARNING: [Synth 8-7129] Port sw[1] in module top_level is either unconnected or has no load
WARNING: [Synth 8-7129] Port sw[0] in module top_level is either unconnected or has no load
WARNING: [Synth 8-7129] Port btn[3] in module top_level is either unconnected or has no load
WARNING: [Synth 8-7129] Port btn[2] in module top_level is either unconnected or has no load
WARNING: [Synth 8-7129] Port btn[1] in module top_level is either unconnected or has no load
---------------------------------------------------------------------------------
Finished Cross Boundary and Area Optimization : Time (s): cpu = 00:00:15 ; elapsed = 00:00:15 . Memory (MB): peak = 2311.621 ; gain = 663.266 ; free physical = 748 ; free virtual = 36767
---------------------------------------------------------------------------------
---------------------------------------------------------------------------------
Start Applying XDC Timing Constraints
---------------------------------------------------------------------------------
---------------------------------------------------------------------------------
Finished Applying XDC Timing Constraints : Time (s): cpu = 00:00:21 ; elapsed = 00:00:21 . Memory (MB): peak = 2344.621 ; gain = 696.266 ; free physical = 715 ; free virtual = 36734
---------------------------------------------------------------------------------
---------------------------------------------------------------------------------
Start Timing Optimization
---------------------------------------------------------------------------------
---------------------------------------------------------------------------------
Finished Timing Optimization : Time (s): cpu = 00:00:21 ; elapsed = 00:00:21 . Memory (MB): peak = 2344.621 ; gain = 696.266 ; free physical = 714 ; free virtual = 36734
---------------------------------------------------------------------------------
---------------------------------------------------------------------------------
Start Technology Mapping
---------------------------------------------------------------------------------
---------------------------------------------------------------------------------
Finished Technology Mapping : Time (s): cpu = 00:00:21 ; elapsed = 00:00:21 . Memory (MB): peak = 2373.668 ; gain = 725.312 ; free physical = 687 ; free virtual = 36707
---------------------------------------------------------------------------------
---------------------------------------------------------------------------------
Start IO Insertion
---------------------------------------------------------------------------------
---------------------------------------------------------------------------------
Start Flattening Before IO Insertion
---------------------------------------------------------------------------------
---------------------------------------------------------------------------------
Finished Flattening Before IO Insertion
---------------------------------------------------------------------------------
---------------------------------------------------------------------------------
Start Final Netlist Cleanup
---------------------------------------------------------------------------------
---------------------------------------------------------------------------------
Finished Final Netlist Cleanup
---------------------------------------------------------------------------------
---------------------------------------------------------------------------------
Finished IO Insertion : Time (s): cpu = 00:00:24 ; elapsed = 00:00:25 . Memory (MB): peak = 2538.480 ; gain = 890.125 ; free physical = 542 ; free virtual = 36561
---------------------------------------------------------------------------------
---------------------------------------------------------------------------------
Start Renaming Generated Instances
---------------------------------------------------------------------------------
---------------------------------------------------------------------------------
Finished Renaming Generated Instances : Time (s): cpu = 00:00:24 ; elapsed = 00:00:25 . Memory (MB): peak = 2538.480 ; gain = 890.125 ; free physical = 542 ; free virtual = 36561
---------------------------------------------------------------------------------
---------------------------------------------------------------------------------
Start Rebuilding User Hierarchy
---------------------------------------------------------------------------------
---------------------------------------------------------------------------------
Finished Rebuilding User Hierarchy : Time (s): cpu = 00:00:24 ; elapsed = 00:00:25 . Memory (MB): peak = 2538.480 ; gain = 890.125 ; free physical = 542 ; free virtual = 36561
---------------------------------------------------------------------------------
---------------------------------------------------------------------------------
Start Renaming Generated Ports
---------------------------------------------------------------------------------
---------------------------------------------------------------------------------
Finished Renaming Generated Ports : Time (s): cpu = 00:00:24 ; elapsed = 00:00:25 . Memory (MB): peak = 2538.480 ; gain = 890.125 ; free physical = 542 ; free virtual = 36561
---------------------------------------------------------------------------------
---------------------------------------------------------------------------------
Start Handling Custom Attributes
---------------------------------------------------------------------------------
---------------------------------------------------------------------------------
Finished Handling Custom Attributes : Time (s): cpu = 00:00:24 ; elapsed = 00:00:25 . Memory (MB): peak = 2538.480 ; gain = 890.125 ; free physical = 542 ; free virtual = 36561
---------------------------------------------------------------------------------
---------------------------------------------------------------------------------
Start Renaming Generated Nets
---------------------------------------------------------------------------------
---------------------------------------------------------------------------------
Finished Renaming Generated Nets : Time (s): cpu = 00:00:24 ; elapsed = 00:00:25 . Memory (MB): peak = 2538.480 ; gain = 890.125 ; free physical = 542 ; free virtual = 36561
---------------------------------------------------------------------------------
---------------------------------------------------------------------------------
Start Writing Synthesis Report
---------------------------------------------------------------------------------

Report BlackBoxes: 
+-+--------------+----------+
| |BlackBox name |Instances |
+-+--------------+----------+
+-+--------------+----------+

Report Cell Usage: 
+------+-------+------+
|      |Cell   |Count |
+------+-------+------+
|1     |BUFG   |     1|
|2     |CARRY4 |    42|
|3     |LUT1   |     5|
|4     |LUT2   |    20|
|5     |LUT3   |    57|
|6     |LUT4   |    32|
|7     |LUT5   |    13|
|8     |LUT6   |    15|
|9     |FDRE   |   166|
|10    |FDSE   |     5|
|11    |IBUF   |     4|
|12    |OBUF   |    16|
|13    |OBUFT  |    18|
+------+-------+------+
---------------------------------------------------------------------------------
Finished Writing Synthesis Report : Time (s): cpu = 00:00:24 ; elapsed = 00:00:25 . Memory (MB): peak = 2538.480 ; gain = 890.125 ; free physical = 542 ; free virtual = 36561
---------------------------------------------------------------------------------
Synthesis finished with 0 errors, 0 critical warnings and 42 warnings.
Synthesis Optimization Runtime : Time (s): cpu = 00:00:22 ; elapsed = 00:00:23 . Memory (MB): peak = 2538.480 ; gain = 765.352 ; free physical = 529 ; free virtual = 36548
Synthesis Optimization Complete : Time (s): cpu = 00:00:24 ; elapsed = 00:00:25 . Memory (MB): peak = 2538.488 ; gain = 890.125 ; free physical = 531 ; free virtual = 36551
INFO: [Project 1-571] Translating synthesized netlist
Netlist sorting complete. Time (s): cpu = 00:00:00 ; elapsed = 00:00:00 . Memory (MB): peak = 2538.488 ; gain = 0.000 ; free physical = 531 ; free virtual = 36551
INFO: [Netlist 29-17] Analyzing 42 Unisim elements for replacement
INFO: [Netlist 29-28] Unisim Transformation completed in 0 CPU seconds
INFO: [Project 1-570] Preparing netlist for logic optimization
Parsing XDC File [/home/maxwellmorris/repos/Tommy_FPGA/MIT_6.205/Week3/top_level/xdc/top_level.xdc]
Finished Parsing XDC File [/home/maxwellmorris/repos/Tommy_FPGA/MIT_6.205/Week3/top_level/xdc/top_level.xdc]
INFO: [Opt 31-138] Pushed 0 inverter(s) to 0 load pin(s).
Netlist sorting complete. Time (s): cpu = 00:00:00 ; elapsed = 00:00:00 . Memory (MB): peak = 2562.492 ; gain = 0.000 ; free physical = 700 ; free virtual = 36720
INFO: [Project 1-111] Unisim Transformation Summary:
No Unisim elements were transformed.

Synth Design complete | Checksum: 9d430ca0
INFO: [Common 17-83] Releasing license: Synthesis
23 Infos, 85 Warnings, 0 Critical Warnings and 0 Errors encountered.
synth_design completed successfully
synth_design: Time (s): cpu = 00:00:32 ; elapsed = 00:00:30 . Memory (MB): peak = 2562.527 ; gain = 1040.484 ; free physical = 700 ; free virtual = 36719
INFO: [Common 17-2834] synth_design peak Physical Memory [PSS] (MB): overall = 1981.485; main = 1981.485; forked = 335.232
INFO: [Common 17-2834] synth_design peak Virtual Memory [VSS] (MB): overall = 3266.797; main = 2562.492; forked = 955.176
# report_timing_summary -file $outputDir/post_synth_timing_summary.rpt
INFO: [Timing 38-35] Done setting XDC timing constraints.
INFO: [Timing 38-91] UpdateTimingParams: Speed grade: -1, Delay Type: min_max.
INFO: [Timing 38-191] Multithreading enabled for timing update using a maximum of 4 CPUs
report_timing_summary: Time (s): cpu = 00:00:06 ; elapsed = 00:00:06 . Memory (MB): peak = 2653.273 ; gain = 90.746 ; free physical = 663 ; free virtual = 36682
# report_utilization -file $outputDir/post_synth_util.rpt -hierarchical -hierarchical_depth 4 -hierarchical_min_primitive_count 0
# report_timing -file $outputDir/post_synth_timing.rpt
INFO: [Timing 38-91] UpdateTimingParams: Speed grade: -1, Delay Type: max.
INFO: [Timing 38-191] Multithreading enabled for timing update using a maximum of 4 CPUs
INFO: [Timing 38-78] ReportTimingParams: -max_paths 1 -nworst 1 -delay_type max -sort_by slack.
# opt_design
Command: opt_design
Attempting to get a license for feature 'Implementation' and/or device 'xc7s50'
INFO: [Common 17-349] Got license for feature 'Implementation' and/or device 'xc7s50'
Running DRC as a precondition to command opt_design

Starting DRC Task
INFO: [DRC 23-27] Running DRC with 4 threads
INFO: [Project 1-461] DRC finished with 0 Errors
INFO: [Project 1-462] Please refer to the DRC report (report_drc) for more information.

Time (s): cpu = 00:00:02 ; elapsed = 00:00:00.82 . Memory (MB): peak = 2719.711 ; gain = 66.438 ; free physical = 589 ; free virtual = 36611

Starting Cache Timing Information Task
Ending Cache Timing Information Task | Checksum: 2670bd24a

Time (s): cpu = 00:00:00 ; elapsed = 00:00:00 . Memory (MB): peak = 2719.711 ; gain = 0.000 ; free physical = 589 ; free virtual = 36611

Starting Logic Optimization Task

Phase 1 Initialization

Phase 1.1 Core Generation And Design Setup
Phase 1.1 Core Generation And Design Setup | Checksum: 2670bd24a

Time (s): cpu = 00:00:00 ; elapsed = 00:00:00 . Memory (MB): peak = 2960.711 ; gain = 0.000 ; free physical = 333 ; free virtual = 36352

Phase 1.2 Setup Constraints And Sort Netlist
Phase 1.2 Setup Constraints And Sort Netlist | Checksum: 2670bd24a

Time (s): cpu = 00:00:00 ; elapsed = 00:00:00 . Memory (MB): peak = 2960.711 ; gain = 0.000 ; free physical = 333 ; free virtual = 36352
Phase 1 Initialization | Checksum: 2670bd24a

Time (s): cpu = 00:00:00.01 ; elapsed = 00:00:00 . Memory (MB): peak = 2960.711 ; gain = 0.000 ; free physical = 333 ; free virtual = 36352

Phase 2 Timer Update And Timing Data Collection

Phase 2.1 Timer Update
Phase 2.1 Timer Update | Checksum: 2670bd24a

Time (s): cpu = 00:00:00.02 ; elapsed = 00:00:00.01 . Memory (MB): peak = 2960.711 ; gain = 0.000 ; free physical = 332 ; free virtual = 36352

Phase 2.2 Timing Data Collection
Phase 2.2 Timing Data Collection | Checksum: 2670bd24a

Time (s): cpu = 00:00:00.02 ; elapsed = 00:00:00.01 . Memory (MB): peak = 2960.711 ; gain = 0.000 ; free physical = 332 ; free virtual = 36352
Phase 2 Timer Update And Timing Data Collection | Checksum: 2670bd24a

Time (s): cpu = 00:00:00.02 ; elapsed = 00:00:00.02 . Memory (MB): peak = 2960.711 ; gain = 0.000 ; free physical = 332 ; free virtual = 36352

Phase 3 Retarget
INFO: [Opt 31-1851] Number of loadless carry chains removed were: 0
INFO: [Opt 31-1834] Total Chains To Be Transformed Were: 0 AND Number of Transformed insts Created are: 0
INFO: [Opt 31-1566] Pulled 1 inverters resulting in an inversion of 9 pins
INFO: [Opt 31-138] Pushed 0 inverter(s) to 0 load pin(s).
INFO: [Opt 31-49] Retargeted 0 cell(s).
Phase 3 Retarget | Checksum: 2bf27e965

Time (s): cpu = 00:00:00.04 ; elapsed = 00:00:00.04 . Memory (MB): peak = 2960.711 ; gain = 0.000 ; free physical = 332 ; free virtual = 36352
Retarget | Checksum: 2bf27e965
INFO: [Opt 31-389] Phase Retarget created 0 cells and removed 1 cells

Phase 4 Constant propagation
INFO: [Opt 31-138] Pushed 0 inverter(s) to 0 load pin(s).
Phase 4 Constant propagation | Checksum: 2bf27e965

Time (s): cpu = 00:00:00.05 ; elapsed = 00:00:00.04 . Memory (MB): peak = 2960.711 ; gain = 0.000 ; free physical = 332 ; free virtual = 36352
Constant propagation | Checksum: 2bf27e965
INFO: [Opt 31-389] Phase Constant propagation created 0 cells and removed 0 cells

Phase 5 Sweep
INFO: [Constraints 18-11670] Building netlist checker database with flags, 0x8
Done building netlist checker database: Time (s): cpu = 00:00:00 ; elapsed = 00:00:00 . Memory (MB): peak = 2960.711 ; gain = 0.000 ; free physical = 332 ; free virtual = 36352
Phase 5 Sweep | Checksum: 1fccfdaa9

Time (s): cpu = 00:00:00.06 ; elapsed = 00:00:00.05 . Memory (MB): peak = 2960.711 ; gain = 0.000 ; free physical = 332 ; free virtual = 36352
Sweep | Checksum: 1fccfdaa9
INFO: [Opt 31-389] Phase Sweep created 2 cells and removed 0 cells

Phase 6 BUFG optimization
Phase 6 BUFG optimization | Checksum: 1fccfdaa9

Time (s): cpu = 00:00:00.07 ; elapsed = 00:00:00.06 . Memory (MB): peak = 2992.727 ; gain = 32.016 ; free physical = 332 ; free virtual = 36351
BUFG optimization | Checksum: 1fccfdaa9
INFO: [Opt 31-662] Phase BUFG optimization created 0 cells of which 0 are BUFGs and removed 0 cells.

Phase 7 Shift Register Optimization
INFO: [Opt 31-1064] SRL Remap converted 0 SRLs to 0 registers and converted 0 registers of register chains to 0 SRLs
Phase 7 Shift Register Optimization | Checksum: 1fccfdaa9

Time (s): cpu = 00:00:00.08 ; elapsed = 00:00:00.06 . Memory (MB): peak = 2992.727 ; gain = 32.016 ; free physical = 332 ; free virtual = 36351
Shift Register Optimization | Checksum: 1fccfdaa9
INFO: [Opt 31-389] Phase Shift Register Optimization created 0 cells and removed 0 cells

Phase 8 Post Processing Netlist
Phase 8 Post Processing Netlist | Checksum: 2aa8175f1

Time (s): cpu = 00:00:00.08 ; elapsed = 00:00:00.06 . Memory (MB): peak = 2992.727 ; gain = 32.016 ; free physical = 332 ; free virtual = 36351
Post Processing Netlist | Checksum: 2aa8175f1
INFO: [Opt 31-389] Phase Post Processing Netlist created 0 cells and removed 0 cells

Phase 9 Finalization

Phase 9.1 Finalizing Design Cores and Updating Shapes
Phase 9.1 Finalizing Design Cores and Updating Shapes | Checksum: 12b971bb1

Time (s): cpu = 00:00:00.1 ; elapsed = 00:00:00.08 . Memory (MB): peak = 2992.727 ; gain = 32.016 ; free physical = 331 ; free virtual = 36351

Phase 9.2 Verifying Netlist Connectivity

Starting Connectivity Check Task

Time (s): cpu = 00:00:00 ; elapsed = 00:00:00 . Memory (MB): peak = 2992.727 ; gain = 0.000 ; free physical = 331 ; free virtual = 36351
Phase 9.2 Verifying Netlist Connectivity | Checksum: 12b971bb1

Time (s): cpu = 00:00:00.1 ; elapsed = 00:00:00.09 . Memory (MB): peak = 2992.727 ; gain = 32.016 ; free physical = 331 ; free virtual = 36351
Phase 9 Finalization | Checksum: 12b971bb1

Time (s): cpu = 00:00:00.1 ; elapsed = 00:00:00.09 . Memory (MB): peak = 2992.727 ; gain = 32.016 ; free physical = 331 ; free virtual = 36351
Opt_design Change Summary
=========================


-------------------------------------------------------------------------------------------------------------------------
|  Phase                        |  #Cells created  |  #Cells Removed  |  #Constrained objects preventing optimizations  |
-------------------------------------------------------------------------------------------------------------------------
|  Retarget                     |               0  |               1  |                                              0  |
|  Constant propagation         |               0  |               0  |                                              0  |
|  Sweep                        |               2  |               0  |                                              0  |
|  BUFG optimization            |               0  |               0  |                                              0  |
|  Shift Register Optimization  |               0  |               0  |                                              0  |
|  Post Processing Netlist      |               0  |               0  |                                              0  |
-------------------------------------------------------------------------------------------------------------------------


Ending Logic Optimization Task | Checksum: 12b971bb1

Time (s): cpu = 00:00:00.11 ; elapsed = 00:00:00.09 . Memory (MB): peak = 2992.727 ; gain = 32.016 ; free physical = 331 ; free virtual = 36351

Starting Power Optimization Task
INFO: [Pwropt 34-132] Skipping clock gating for clocks with a period < 2.00 ns.
Ending Power Optimization Task | Checksum: 12b971bb1

Time (s): cpu = 00:00:00.01 ; elapsed = 00:00:00.01 . Memory (MB): peak = 2992.727 ; gain = 0.000 ; free physical = 331 ; free virtual = 36350

Starting Final Cleanup Task
Ending Final Cleanup Task | Checksum: 12b971bb1

Time (s): cpu = 00:00:00 ; elapsed = 00:00:00 . Memory (MB): peak = 2992.727 ; gain = 0.000 ; free physical = 331 ; free virtual = 36350

Starting Netlist Obfuscation Task
Netlist sorting complete. Time (s): cpu = 00:00:00 ; elapsed = 00:00:00 . Memory (MB): peak = 2992.727 ; gain = 0.000 ; free physical = 331 ; free virtual = 36350
Ending Netlist Obfuscation Task | Checksum: 12b971bb1

Time (s): cpu = 00:00:00 ; elapsed = 00:00:00 . Memory (MB): peak = 2992.727 ; gain = 0.000 ; free physical = 331 ; free virtual = 36350
INFO: [Common 17-83] Releasing license: Implementation
20 Infos, 0 Warnings, 0 Critical Warnings and 0 Errors encountered.
opt_design completed successfully
# place_design
Command: place_design
Attempting to get a license for feature 'Implementation' and/or device 'xc7s50'
INFO: [Common 17-349] Got license for feature 'Implementation' and/or device 'xc7s50'
INFO: [Common 17-83] Releasing license: Implementation
INFO: [DRC 23-27] Running DRC with 4 threads
INFO: [Vivado_Tcl 4-198] DRC finished with 0 Errors
INFO: [Vivado_Tcl 4-199] Please refer to the DRC report (report_drc) for more information.
Running DRC as a precondition to command place_design
INFO: [DRC 23-27] Running DRC with 4 threads
INFO: [Vivado_Tcl 4-198] DRC finished with 0 Errors
INFO: [Vivado_Tcl 4-199] Please refer to the DRC report (report_drc) for more information.
INFO: [Place 30-611] Multithreading enabled for place_design using a maximum of 4 CPUs

Starting Placer Task

Phase 1 Placer Initialization

Phase 1.1 Placer Initialization Netlist Sorting
Netlist sorting complete. Time (s): cpu = 00:00:00 ; elapsed = 00:00:00 . Memory (MB): peak = 2992.727 ; gain = 0.000 ; free physical = 330 ; free virtual = 36349
Phase 1.1 Placer Initialization Netlist Sorting | Checksum: 10b24b4c4

Time (s): cpu = 00:00:00 ; elapsed = 00:00:00 . Memory (MB): peak = 2992.727 ; gain = 0.000 ; free physical = 330 ; free virtual = 36349
Netlist sorting complete. Time (s): cpu = 00:00:00 ; elapsed = 00:00:00 . Memory (MB): peak = 2992.727 ; gain = 0.000 ; free physical = 330 ; free virtual = 36349

Phase 1.2 IO Placement/ Clock Placement/ Build Placer Device
INFO: [Timing 38-35] Done setting XDC timing constraints.
WARNING: [Place 30-87] Partially locked IO Bus is found. Following components of the IO Bus btn are not locked:  'btn[3]' 
WARNING: [Place 30-87] Partially locked IO Bus is found. Following components of the IO Bus sw are not locked:  'sw[15]'  'sw[14]'  'sw[13]'  'sw[12]'  'sw[11]'  'sw[10]'  'sw[9]'  'sw[8]'  'sw[7]'  'sw[6]'  'sw[5]'  'sw[4]'  'sw[3]'  'sw[2]'  'sw[1]' 
Phase 1.2 IO Placement/ Clock Placement/ Build Placer Device | Checksum: 119ca2a57

Time (s): cpu = 00:00:00.41 ; elapsed = 00:00:00.27 . Memory (MB): peak = 2992.727 ; gain = 0.000 ; free physical = 330 ; free virtual = 36349

Phase 1.3 Build Placer Netlist Model
Phase 1.3 Build Placer Netlist Model | Checksum: 1c257c0f4

Time (s): cpu = 00:00:00.45 ; elapsed = 00:00:00.31 . Memory (MB): peak = 2992.727 ; gain = 0.000 ; free physical = 330 ; free virtual = 36349

Phase 1.4 Constrain Clocks/Macros
Phase 1.4 Constrain Clocks/Macros | Checksum: 1c257c0f4

Time (s): cpu = 00:00:00.45 ; elapsed = 00:00:00.32 . Memory (MB): peak = 2992.727 ; gain = 0.000 ; free physical = 330 ; free virtual = 36349
Phase 1 Placer Initialization | Checksum: 1c257c0f4

Time (s): cpu = 00:00:00.45 ; elapsed = 00:00:00.32 . Memory (MB): peak = 2992.727 ; gain = 0.000 ; free physical = 330 ; free virtual = 36349

Phase 2 Global Placement

Phase 2.1 Floorplanning
Phase 2.1 Floorplanning | Checksum: 1c257c0f4

Time (s): cpu = 00:00:00.45 ; elapsed = 00:00:00.32 . Memory (MB): peak = 2992.727 ; gain = 0.000 ; free physical = 330 ; free virtual = 36349

Phase 2.2 Update Timing before SLR Path Opt
Phase 2.2 Update Timing before SLR Path Opt | Checksum: 1c257c0f4

Time (s): cpu = 00:00:00.46 ; elapsed = 00:00:00.32 . Memory (MB): peak = 2992.727 ; gain = 0.000 ; free physical = 330 ; free virtual = 36349

Phase 2.3 Post-Processing in Floorplanning
Phase 2.3 Post-Processing in Floorplanning | Checksum: 1c257c0f4

Time (s): cpu = 00:00:00.46 ; elapsed = 00:00:00.32 . Memory (MB): peak = 2992.727 ; gain = 0.000 ; free physical = 330 ; free virtual = 36349

Phase 2.4 Global Place Phase1
Phase 2.4 Global Place Phase1 | Checksum: 1fab174d5

Time (s): cpu = 00:00:00.79 ; elapsed = 00:00:00.54 . Memory (MB): peak = 2992.727 ; gain = 0.000 ; free physical = 324 ; free virtual = 36343

Phase 2.5 Global Place Phase2
WARNING: [Place 46-29] Timing had been disabled during Placer and, therefore, physical synthesis in Placer will be skipped.
Phase 2.5 Global Place Phase2 | Checksum: 1f8ec4631

Time (s): cpu = 00:00:00.85 ; elapsed = 00:00:00.59 . Memory (MB): peak = 2992.727 ; gain = 0.000 ; free physical = 327 ; free virtual = 36346
Phase 2 Global Placement | Checksum: 1f8ec4631

Time (s): cpu = 00:00:00.85 ; elapsed = 00:00:00.59 . Memory (MB): peak = 2992.727 ; gain = 0.000 ; free physical = 327 ; free virtual = 36346

Phase 3 Detail Placement

Phase 3.1 Commit Multi Column Macros
Phase 3.1 Commit Multi Column Macros | Checksum: 1f8ec4631

Time (s): cpu = 00:00:00.85 ; elapsed = 00:00:00.59 . Memory (MB): peak = 2992.727 ; gain = 0.000 ; free physical = 327 ; free virtual = 36346

Phase 3.2 Commit Most Macros & LUTRAMs
Phase 3.2 Commit Most Macros & LUTRAMs | Checksum: 26fdd0371

Time (s): cpu = 00:00:00.88 ; elapsed = 00:00:00.62 . Memory (MB): peak = 2995.738 ; gain = 3.012 ; free physical = 326 ; free virtual = 36346

Phase 3.3 Area Swap Optimization
Phase 3.3 Area Swap Optimization | Checksum: 2000f5c49

Time (s): cpu = 00:00:00.89 ; elapsed = 00:00:00.62 . Memory (MB): peak = 2995.738 ; gain = 3.012 ; free physical = 326 ; free virtual = 36346

Phase 3.4 Pipeline Register Optimization
Phase 3.4 Pipeline Register Optimization | Checksum: 24ced0483

Time (s): cpu = 00:00:00.9 ; elapsed = 00:00:00.63 . Memory (MB): peak = 2995.738 ; gain = 3.012 ; free physical = 326 ; free virtual = 36346

Phase 3.5 Small Shape Detail Placement
Phase 3.5 Small Shape Detail Placement | Checksum: 1ea3f875b

Time (s): cpu = 00:00:00.99 ; elapsed = 00:00:00.71 . Memory (MB): peak = 2995.738 ; gain = 3.012 ; free physical = 325 ; free virtual = 36345

Phase 3.6 Re-assign LUT pins
Phase 3.6 Re-assign LUT pins | Checksum: 1ea3f875b

Time (s): cpu = 00:00:01 ; elapsed = 00:00:00.73 . Memory (MB): peak = 2995.738 ; gain = 3.012 ; free physical = 325 ; free virtual = 36345

Phase 3.7 Pipeline Register Optimization
Phase 3.7 Pipeline Register Optimization | Checksum: 1ea3f875b

Time (s): cpu = 00:00:01 ; elapsed = 00:00:00.73 . Memory (MB): peak = 2995.738 ; gain = 3.012 ; free physical = 325 ; free virtual = 36345
Phase 3 Detail Placement | Checksum: 1ea3f875b

Time (s): cpu = 00:00:01 ; elapsed = 00:00:00.73 . Memory (MB): peak = 2995.738 ; gain = 3.012 ; free physical = 325 ; free virtual = 36345

Phase 4 Post Placement Optimization and Clean-Up

Phase 4.1 Post Commit Optimization
Phase 4.1 Post Commit Optimization | Checksum: 1ea3f875b

Time (s): cpu = 00:00:01 ; elapsed = 00:00:00.76 . Memory (MB): peak = 2995.738 ; gain = 3.012 ; free physical = 325 ; free virtual = 36344

Phase 4.2 Post Placement Cleanup
Phase 4.2 Post Placement Cleanup | Checksum: 1ea3f875b

Time (s): cpu = 00:00:01 ; elapsed = 00:00:00.77 . Memory (MB): peak = 2995.738 ; gain = 3.012 ; free physical = 325 ; free virtual = 36344

Phase 4.3 Placer Reporting

Phase 4.3.1 Print Estimated Congestion
INFO: [Place 30-612] Post-Placement Estimated Congestion 
 ____________________________________________________
|           | Global Congestion | Short Congestion  |
| Direction | Region Size       | Region Size       |
|___________|___________________|___________________|
|      North|                1x1|                1x1|
|___________|___________________|___________________|
|      South|                1x1|                1x1|
|___________|___________________|___________________|
|       East|                1x1|                1x1|
|___________|___________________|___________________|
|       West|                1x1|                1x1|
|___________|___________________|___________________|

Phase 4.3.1 Print Estimated Congestion | Checksum: 1ea3f875b

Time (s): cpu = 00:00:01 ; elapsed = 00:00:00.77 . Memory (MB): peak = 2995.738 ; gain = 3.012 ; free physical = 325 ; free virtual = 36344
Phase 4.3 Placer Reporting | Checksum: 1ea3f875b

Time (s): cpu = 00:00:01 ; elapsed = 00:00:00.77 . Memory (MB): peak = 2995.738 ; gain = 3.012 ; free physical = 325 ; free virtual = 36344

Phase 4.4 Final Placement Cleanup
Netlist sorting complete. Time (s): cpu = 00:00:00 ; elapsed = 00:00:00 . Memory (MB): peak = 2995.738 ; gain = 0.000 ; free physical = 325 ; free virtual = 36344

Time (s): cpu = 00:00:01 ; elapsed = 00:00:00.77 . Memory (MB): peak = 2995.738 ; gain = 3.012 ; free physical = 325 ; free virtual = 36344
Phase 4 Post Placement Optimization and Clean-Up | Checksum: 2d43ca691

Time (s): cpu = 00:00:01 ; elapsed = 00:00:00.77 . Memory (MB): peak = 2995.738 ; gain = 3.012 ; free physical = 325 ; free virtual = 36344
Ending Placer Task | Checksum: 1e23d6865

Time (s): cpu = 00:00:01 ; elapsed = 00:00:00.78 . Memory (MB): peak = 2995.738 ; gain = 3.012 ; free physical = 324 ; free virtual = 36344
11 Infos, 3 Warnings, 0 Critical Warnings and 0 Errors encountered.
place_design completed successfully
# report_clock_utilization -file $outputDir/clock_util.rpt
# if {[get_property SLACK [get_timing_paths -max_paths 1 -nworst 1 -setup]] < 0} {
#  puts "Found setup timing violations => running physical optimization"
#  phys_opt_design
# }
Found setup timing violations => running physical optimization
Command: phys_opt_design
Attempting to get a license for feature 'Implementation' and/or device 'xc7s50'
INFO: [Common 17-349] Got license for feature 'Implementation' and/or device 'xc7s50'
INFO: [Vivado_Tcl 4-235] No timing constraint found. The netlist was not modified.
INFO: [Common 17-83] Releasing license: Implementation
3 Infos, 0 Warnings, 0 Critical Warnings and 0 Errors encountered.
phys_opt_design completed successfully
# report_utilization -file $outputDir/post_place_util_hierarchical.rpt -hierarchical -hierarchical_depth 4 -hierarchical_min_primitive_count 0
# report_utilization -file $outputDir/post_place_util.rpt
# report_timing_summary -file $outputDir/post_place_timing_summary.rpt
# report_timing -file $outputDir/post_place_timing.rpt
INFO: [Timing 38-78] ReportTimingParams: -max_paths 1 -nworst 1 -delay_type max -sort_by slack.
# route_design -directive Explore
Command: route_design -directive Explore
Attempting to get a license for feature 'Implementation' and/or device 'xc7s50'
INFO: [Common 17-349] Got license for feature 'Implementation' and/or device 'xc7s50'


Starting Routing Task
INFO: [Route 35-270] Using Router directive 'Explore'.
INFO: [Route 35-254] Multithreading enabled for route_design using a maximum of 4 CPUs

Phase 1 Build RT Design
Checksum: PlaceDB: 3f0b6f35 ConstDB: 0 ShapeSum: f8a0c5fa RouteDB: aa913336
Post Restoration Checksum: NetGraph: 5fba91e | NumContArr: 3285a009 | Constraints: c2a8fa9d | Timing: c2a8fa9d
Phase 1 Build RT Design | Checksum: 1bdd33e61

Time (s): cpu = 00:00:17 ; elapsed = 00:00:15 . Memory (MB): peak = 2995.738 ; gain = 0.000 ; free physical = 318 ; free virtual = 36338

Phase 2 Router Initialization
INFO: [Route 35-64] No timing constraints were detected. The router will operate in resource-optimization mode.

Phase 2.1 Fix Topology Constraints
Phase 2.1 Fix Topology Constraints | Checksum: 1bdd33e61

Time (s): cpu = 00:00:17 ; elapsed = 00:00:15 . Memory (MB): peak = 2995.738 ; gain = 0.000 ; free physical = 318 ; free virtual = 36338

Phase 2.2 Pre Route Cleanup
Phase 2.2 Pre Route Cleanup | Checksum: 1bdd33e61

Time (s): cpu = 00:00:17 ; elapsed = 00:00:15 . Memory (MB): peak = 2995.738 ; gain = 0.000 ; free physical = 318 ; free virtual = 36338
 Number of Nodes with overlaps = 0

Router Utilization Summary
  Global Vertical Routing Utilization    = 0 %
  Global Horizontal Routing Utilization  = 0 %
  Routable Net Status*
  *Does not include unroutable nets such as driverless and loadless.
  Run report_route_status for detailed report.
  Number of Failed Nets               = 307
    (Failed Nets is the sum of unrouted and partially routed nets)
  Number of Unrouted Nets             = 307
  Number of Partially Routed Nets     = 0
  Number of Node Overlaps             = 0

Phase 2 Router Initialization | Checksum: 23a21db0c

Time (s): cpu = 00:00:17 ; elapsed = 00:00:15 . Memory (MB): peak = 2995.738 ; gain = 0.000 ; free physical = 318 ; free virtual = 36338

Phase 3 Global Routing
Phase 3 Global Routing | Checksum: 23a21db0c

Time (s): cpu = 00:00:17 ; elapsed = 00:00:15 . Memory (MB): peak = 2995.738 ; gain = 0.000 ; free physical = 318 ; free virtual = 36338

Phase 4 Initial Routing

Phase 4.1 Initial Net Routing Pass
Phase 4.1 Initial Net Routing Pass | Checksum: 22e94499c

Time (s): cpu = 00:00:17 ; elapsed = 00:00:15 . Memory (MB): peak = 2995.738 ; gain = 0.000 ; free physical = 318 ; free virtual = 36338
Phase 4 Initial Routing | Checksum: 22e94499c

Time (s): cpu = 00:00:17 ; elapsed = 00:00:15 . Memory (MB): peak = 2995.738 ; gain = 0.000 ; free physical = 318 ; free virtual = 36338

Phase 5 Rip-up And Reroute

Phase 5.1 Global Iteration 0
 Number of Nodes with overlaps = 5
 Number of Nodes with overlaps = 0
Phase 5.1 Global Iteration 0 | Checksum: 2b591150f

Time (s): cpu = 00:00:18 ; elapsed = 00:00:15 . Memory (MB): peak = 2995.738 ; gain = 0.000 ; free physical = 318 ; free virtual = 36338
Phase 5 Rip-up And Reroute | Checksum: 2b591150f

Time (s): cpu = 00:00:18 ; elapsed = 00:00:15 . Memory (MB): peak = 2995.738 ; gain = 0.000 ; free physical = 318 ; free virtual = 36338

Phase 6 Delay and Skew Optimization
Phase 6 Delay and Skew Optimization | Checksum: 2b591150f

Time (s): cpu = 00:00:18 ; elapsed = 00:00:15 . Memory (MB): peak = 2995.738 ; gain = 0.000 ; free physical = 318 ; free virtual = 36338

Phase 7 Post Hold Fix

Phase 7.1 Hold Fix Iter
Phase 7.1 Hold Fix Iter | Checksum: 2b591150f

Time (s): cpu = 00:00:18 ; elapsed = 00:00:15 . Memory (MB): peak = 2995.738 ; gain = 0.000 ; free physical = 318 ; free virtual = 36338
Phase 7 Post Hold Fix | Checksum: 2b591150f

Time (s): cpu = 00:00:18 ; elapsed = 00:00:15 . Memory (MB): peak = 2995.738 ; gain = 0.000 ; free physical = 318 ; free virtual = 36338

Phase 8 Route finalize

Router Utilization Summary
  Global Vertical Routing Utilization    = 0.0526987 %
  Global Horizontal Routing Utilization  = 0.0553097 %
  Routable Net Status*
  *Does not include unroutable nets such as driverless and loadless.
  Run report_route_status for detailed report.
  Number of Failed Nets               = 0
    (Failed Nets is the sum of unrouted and partially routed nets)
  Number of Unrouted Nets             = 0
  Number of Partially Routed Nets     = 0
  Number of Node Overlaps             = 0


--GLOBAL Congestion:
Utilization threshold used for congestion level computation: 0.85
Congestion Report
North Dir 1x1 Area, Max Cong = 12.6126%, No Congested Regions.
South Dir 1x1 Area, Max Cong = 17.1171%, No Congested Regions.
East Dir 1x1 Area, Max Cong = 13.2353%, No Congested Regions.
West Dir 1x1 Area, Max Cong = 17.6471%, No Congested Regions.

------------------------------
Reporting congestion hotspots
------------------------------
Direction: North
----------------
Congested clusters found at Level 0
Effective congestion level: 0 Aspect Ratio: 1 Sparse Ratio: 0
Direction: South
----------------
Congested clusters found at Level 0
Effective congestion level: 0 Aspect Ratio: 1 Sparse Ratio: 0
Direction: East
----------------
Congested clusters found at Level 0
Effective congestion level: 0 Aspect Ratio: 1 Sparse Ratio: 0
Direction: West
----------------
Congested clusters found at Level 0
Effective congestion level: 0 Aspect Ratio: 1 Sparse Ratio: 0

Phase 8 Route finalize | Checksum: 2b591150f

Time (s): cpu = 00:00:18 ; elapsed = 00:00:15 . Memory (MB): peak = 2995.738 ; gain = 0.000 ; free physical = 318 ; free virtual = 36338

Phase 9 Verifying routed nets

 Verification completed successfully
Phase 9 Verifying routed nets | Checksum: 2b591150f

Time (s): cpu = 00:00:18 ; elapsed = 00:00:15 . Memory (MB): peak = 2995.738 ; gain = 0.000 ; free physical = 318 ; free virtual = 36337

Phase 10 Depositing Routes
Phase 10 Depositing Routes | Checksum: 1d43283c0

Time (s): cpu = 00:00:18 ; elapsed = 00:00:15 . Memory (MB): peak = 2995.738 ; gain = 0.000 ; free physical = 318 ; free virtual = 36337

Phase 11 Post Process Routing
Phase 11 Post Process Routing | Checksum: 1d43283c0

Time (s): cpu = 00:00:18 ; elapsed = 00:00:15 . Memory (MB): peak = 2995.738 ; gain = 0.000 ; free physical = 318 ; free virtual = 36337
Total Elapsed time in route_design: 15.21 secs

Phase 12 Post-Route Event Processing
Phase 12 Post-Route Event Processing | Checksum: 15c0234a4

Time (s): cpu = 00:00:18 ; elapsed = 00:00:15 . Memory (MB): peak = 2995.738 ; gain = 0.000 ; free physical = 318 ; free virtual = 36337
INFO: [Route 35-16] Router Completed Successfully
Ending Routing Task | Checksum: 15c0234a4

Time (s): cpu = 00:00:18 ; elapsed = 00:00:15 . Memory (MB): peak = 2995.738 ; gain = 0.000 ; free physical = 318 ; free virtual = 36337

Routing Is Done.
INFO: [Common 17-83] Releasing license: Implementation
6 Infos, 0 Warnings, 0 Critical Warnings and 0 Errors encountered.
route_design completed successfully
route_design: Time (s): cpu = 00:00:18 ; elapsed = 00:00:15 . Memory (MB): peak = 2995.738 ; gain = 0.000 ; free physical = 318 ; free virtual = 36337
# report_route_status -file $outputDir/post_route_status.rpt
# report_timing_summary -file $outputDir/post_route_timing_summary.rpt
# report_timing -file $outputDir/post_route_timing.rpt
INFO: [Timing 38-78] ReportTimingParams: -max_paths 1 -nworst 1 -delay_type max -sort_by slack.
# report_power -file $outputDir/post_route_power.rpt
Command: report_power -file obj/post_route_power.rpt
WARNING: [Power 33-232] No user defined clocks were found in the design! Power estimation will be inaccurate until this is corrected.
Resolution: Please specify clocks using create_clock/create_generated_clock for sequential elements. For pure combinatorial circuits, please specify a virtual clock, otherwise the vectorless estimation might be inaccurate
Running Vector-less Activity Propagation...

Finished Running Vector-less Activity Propagation
0 Infos, 1 Warnings, 0 Critical Warnings and 0 Errors encountered.
report_power completed successfully
# report_drc -file $outputDir/post_imp_drc.rpt
Command: report_drc -file obj/post_imp_drc.rpt
INFO: [IP_Flow 19-234] Refreshing IP repositories
INFO: [IP_Flow 19-1704] No user IP repositories specified
INFO: [IP_Flow 19-2313] Loaded Vivado IP repository '/data/2025.1/Vivado/data/ip'.
INFO: [DRC 23-27] Running DRC with 4 threads
INFO: [Vivado_Tcl 2-168] The results of DRC are in file /home/maxwellmorris/repos/Tommy_FPGA/MIT_6.205/Week3/top_level/obj/post_imp_drc.rpt.
report_drc completed successfully
# write_bitstream -force $outputDir/final.bit
Command: write_bitstream -force obj/final.bit
Attempting to get a license for feature 'Implementation' and/or device 'xc7s50'
INFO: [Common 17-349] Got license for feature 'Implementation' and/or device 'xc7s50'
Running DRC as a precondition to command write_bitstream
INFO: [IP_Flow 19-1839] IP Catalog is up to date.
INFO: [DRC 23-27] Running DRC with 4 threads
INFO: [Vivado 12-3199] DRC finished with 0 Errors
INFO: [Vivado 12-3200] Please refer to the DRC report (report_drc) for more information.
INFO: [Designutils 20-2272] Running write_bitstream with 4 threads.
Loading data files...
Loading site data...
Loading route data...
Processing options...
Creating bitmap...
Creating bitstream...
Bitstream compression saved 15050656 bits.
Writing bitstream obj/final.bit...
INFO: [Vivado 12-1842] Bitgen Completed Successfully.
INFO: [Project 1-1876] WebTalk data collection is mandatory when using a ULT device. To see the specific WebTalk data collected for your design, open the usage_statistics_webtalk.html or usage_statistics_webtalk.xml file in the implementation directory.
INFO: [Common 17-83] Releasing license: Implementation
9 Infos, 0 Warnings, 0 Critical Warnings and 0 Errors encountered.
write_bitstream completed successfully
write_bitstream: Time (s): cpu = 00:00:11 ; elapsed = 00:00:27 . Memory (MB): peak = 3218.395 ; gain = 206.648 ; free physical = 147 ; free virtual = 36096
INFO: [Common 17-206] Exiting Vivado at Fri Jun 19 13:25:41 2026...
